[0.000000] (-) TimerEvent: {}
[0.000703] (-) JobUnselected: {'identifier': 'test_pkg'}
[0.000763] (turtlebot3_rl) JobQueued: {'identifier': 'turtlebot3_rl', 'dependencies': OrderedDict()}
[0.000783] (turtlebot3_rl) JobStarted: {'identifier': 'turtlebot3_rl'}
[0.014247] (turtlebot3_rl) JobProgress: {'identifier': 'turtlebot3_rl', 'progress': 'cmake'}
[0.016027] (turtlebot3_rl) Command: {'cmd': ['/usr/bin/cmake', '/home/jala/ros2_ws/src/turtlebot3_rl', '-DAMENT_CMAKE_SYMLINK_INSTALL=1', '-DCMAKE_INSTALL_PREFIX=/home/jala/ros2_ws/install/turtlebot3_rl'], 'cwd': '/home/jala/ros2_ws/build/turtlebot3_rl', 'env': OrderedDict([('USER', 'jala'), ('WEBOTS_CONTROLLER_PATH', '//wsl.localhost/Ubuntu-22.04/home/jala/ros2_ws/src/turtlebot3_rl/controllers'), ('ROS_PACKAGE_PATH', '/home/jala/ros2_ws/install/turtlebot3_rl/share'), ('SHLVL', '1'), ('LD_LIBRARY_PATH', '/usr/lib/x86_64-linux-gnu/gazebo-11/plugins:/opt/ros/humble/opt/rviz_ogre_vendor/lib:/opt/ros/humble/lib/x86_64-linux-gnu:/opt/ros/humble/lib'), ('WT_PROFILE_ID', '{4ff56d04-d9cf-57ea-bae2-ad396374e7e3}'), ('HOME', '/home/jala'), ('OLDPWD', '/home/jala/ros2_ws'), ('ROS_PYTHON_VERSION', '3'), ('WSL_DISTRO_NAME', 'Ubuntu-22.04'), ('WAYLAND_DISPLAY', 'wayland-0'), ('COLCON_PREFIX_PATH', '/home/jala/ros2_ws/install'), ('ROS_DISTRO', 'humble'), ('LOGNAME', 'jala'), ('NAME', 'DESKTOP-FN3M0B8'), ('WSL_INTEROP', '/run/WSL/574_interop'), ('PULSE_SERVER', 'unix:/mnt/wslg/PulseServer'), ('_', '/usr/bin/colcon'), ('ROS_VERSION', '2'), ('PKG_CONFIG_PATH', '/home/jala/ros2_ws/install/turtlebot3_rl/lib/x86_64-linux-gnu/pkgconfig:/home/jala/ros2_ws/install/turtlebot3_rl/lib/pkgconfig'), ('TERM', 'xterm-256color'), ('ROS_LOCALHOST_ONLY', '0'), ('PATH', '/opt/ros/humble/bin:/home/jala/.local/bin:/usr/local/sbin:/usr/local/bin:/usr/sbin:/usr/bin:/sbin:/bin:/usr/games:/usr/local/games:/usr/lib/wsl/lib:/mnt/c/Program Files/NVIDIA GPU Computing Toolkit/CUDA/v12.8/bin:/mnt/c/Program Files/NVIDIA GPU Computing Toolkit/CUDA/v12.8/libnvvp:/mnt/c/Program Files/Python313/Scripts/:/mnt/c/Program Files/Python313/:/mnt/c/Program Files/Common Files/Siemens/Automation/Simatic OAM/bin:/mnt/c/Program Files (x86)/NVIDIA Corporation/PhysX/Common:/mnt/c/Windows/system32:/mnt/c/Windows:/mnt/c/Windows/System32/Wbem:/mnt/c/Windows/System32/WindowsPowerShell/v1.0/:/mnt/c/Windows/System32/OpenSSH/:/mnt/c/Program Files/Microsoft SQL Server/Client SDK/ODBC/170/Tools/Binn/:/mnt/c/Program Files (x86)/Microsoft SQL Server/150/Tools/Binn/:/mnt/c/Program Files/Microsoft SQL Server/150/Tools/Binn/:/mnt/c/Program Files/Microsoft SQL Server/150/DTS/Binn/:/mnt/c/Program Files (x86)/Windows Kits/8.1/Windows Performance Toolkit/:/mnt/c/Program Files/MATLAB/R2023a/runtime/win64:/mnt/c/Program Files/MATLAB/R2023a/bin:/mnt/c/Program Files (x86)/Microsoft SQL Server/Client SDK/ODBC/110/Tools/Binn/:/mnt/c/Program Files (x86)/Microsoft SQL Server/120/Tools/Binn/:/mnt/c/Program Files (x86)/Microsoft SQL Server/120/DTS/Binn/:/mnt/c/Program Files/Python313:/mnt/c/Program Files/Python313/Scripts:/mnt/c/Users/HP/Downloads/pyenv-win-master/pyenv-win-master/pyenv-win/bin:/mnt/c/Users/HP/Downloads/pyenv-win-master/pyenv-win-master:/mnt/c/Users/HP/Downloads/pyenv-win-master:/mnt/c/Program Files/dotnet/:/mnt/c/Users/HP/Downloads:/mnt/c/Program Files/Git/cmd:/mnt/c/Program Files/Git:/mnt/c/Program Files/Git/bin:/mnt/c/Windows/System32:/mnt/c/Users/HP/Downloads/webots_2025a_amd64/data.tar/data/usr/local/bin:/mnt/c/Users/HP/Downloads/webots_2025a_amd64/data.tar/data/usr/local/bin:/mnt/c/Program Files/Webots/bin:/mnt/c/Program Files/NVIDIA Corporation/Nsight Compute 2025.1.1/:/mnt/c/Program Files/Webots/webots.exe:/mnt/c/ProgramData/Microsoft/Windows/Start Menu/Programs/Cyberbotics:/mnt/c/Users/HP/AppData/Local/Microsoft/WindowsApps:/mnt/c/Users/HP/AppData/Local/Programs/Microsoft VS Code/bin:/mnt/c/Program Files (x86)/Nmap:/snap/bin'), ('WT_SESSION', 'd5edc10d-89b8-4850-b42a-cbf1d693f718'), ('XDG_RUNTIME_DIR', '/mnt/wslg/runtime-dir'), ('DISPLAY', ':0'), ('LANG', 'en_US.UTF-8'), ('AMENT_PREFIX_PATH', '/opt/ros/humble'), ('SHELL', '/bin/bash'), ('PWD', '/home/jala/ros2_ws/build/turtlebot3_rl'), ('XDG_DATA_DIRS', '/usr/local/share:/usr/share:/var/lib/snapd/desktop'), ('PYTHONPATH', '/opt/ros/humble/lib/python3.10/site-packages:/opt/ros/humble/local/lib/python3.10/dist-packages'), ('COLCON', '1'), ('WSL2_GUI_APPS_ENABLED', '1'), ('HOSTTYPE', 'x86_64'), ('CMAKE_PREFIX_PATH', '/home/jala/ros2_ws/install/turtlebot3_rl:/opt/ros/humble'), ('WSLENV', 'WT_SESSION:WT_PROFILE_ID:')]), 'shell': False}
[0.099293] (-) TimerEvent: {}
[0.199642] (-) TimerEvent: {}
[0.300020] (-) TimerEvent: {}
[0.358989] (turtlebot3_rl) StdoutLine: {'line': b'-- The C compiler identification is GNU 11.4.0\n'}
[0.400170] (-) TimerEvent: {}
[0.500647] (-) TimerEvent: {}
[0.601132] (-) TimerEvent: {}
[0.701595] (-) TimerEvent: {}
[0.801971] (-) TimerEvent: {}
[0.902391] (-) TimerEvent: {}
[1.002737] (-) TimerEvent: {}
[1.048868] (turtlebot3_rl) StdoutLine: {'line': b'-- The CXX compiler identification is GNU 11.4.0\n'}
[1.102854] (-) TimerEvent: {}
[1.203249] (-) TimerEvent: {}
[1.303635] (-) TimerEvent: {}
[1.404007] (-) TimerEvent: {}
[1.504369] (-) TimerEvent: {}
[1.565536] (turtlebot3_rl) StdoutLine: {'line': b'-- Detecting C compiler ABI info\n'}
[1.604488] (-) TimerEvent: {}
[1.704856] (-) TimerEvent: {}
[1.770019] (turtlebot3_rl) StdoutLine: {'line': b'-- Detecting C compiler ABI info - done\n'}
[1.775435] (turtlebot3_rl) StdoutLine: {'line': b'-- Check for working C compiler: /usr/bin/cc - skipped\n'}
[1.776140] (turtlebot3_rl) StdoutLine: {'line': b'-- Detecting C compile features\n'}
[1.776831] (turtlebot3_rl) StdoutLine: {'line': b'-- Detecting C compile features - done\n'}
[1.779984] (turtlebot3_rl) StdoutLine: {'line': b'-- Detecting CXX compiler ABI info\n'}
[1.805171] (-) TimerEvent: {}
[1.905629] (-) TimerEvent: {}
[2.005148] (turtlebot3_rl) StdoutLine: {'line': b'-- Detecting CXX compiler ABI info - done\n'}
[2.005797] (-) TimerEvent: {}
[2.010544] (turtlebot3_rl) StdoutLine: {'line': b'-- Check for working CXX compiler: /usr/bin/c++ - skipped\n'}
[2.010899] (turtlebot3_rl) StdoutLine: {'line': b'-- Detecting CXX compile features\n'}
[2.011089] (turtlebot3_rl) StdoutLine: {'line': b'-- Detecting CXX compile features - done\n'}
[2.033644] (turtlebot3_rl) StdoutLine: {'line': b'-- Found ament_cmake: 1.3.11 (/opt/ros/humble/share/ament_cmake/cmake)\n'}
[2.106049] (-) TimerEvent: {}
[2.154140] (turtlebot3_rl) StdoutLine: {'line': b'-- Found Python3: /usr/bin/python3 (found version "3.10.12") found components: Interpreter \n'}
[2.206285] (-) TimerEvent: {}
[2.237359] (turtlebot3_rl) StdoutLine: {'line': b'-- Override CMake install command with custom implementation using symlinks instead of copying resources\n'}
[2.306510] (-) TimerEvent: {}
[2.335611] (turtlebot3_rl) StdoutLine: {'line': b'-- Configuring done\n'}
[2.337977] (turtlebot3_rl) StdoutLine: {'line': b'-- Generating done\n'}
[2.339324] (turtlebot3_rl) StdoutLine: {'line': b'-- Build files have been written to: /home/jala/ros2_ws/build/turtlebot3_rl\n'}
[2.345280] (turtlebot3_rl) CommandEnded: {'returncode': 0}
[2.345679] (turtlebot3_rl) JobProgress: {'identifier': 'turtlebot3_rl', 'progress': 'build'}
[2.345701] (turtlebot3_rl) Command: {'cmd': ['/usr/bin/cmake', '--build', '/home/jala/ros2_ws/build/turtlebot3_rl', '--', '-j8', '-l8'], 'cwd': '/home/jala/ros2_ws/build/turtlebot3_rl', 'env': OrderedDict([('USER', 'jala'), ('WEBOTS_CONTROLLER_PATH', '//wsl.localhost/Ubuntu-22.04/home/jala/ros2_ws/src/turtlebot3_rl/controllers'), ('ROS_PACKAGE_PATH', '/home/jala/ros2_ws/install/turtlebot3_rl/share'), ('SHLVL', '1'), ('LD_LIBRARY_PATH', '/usr/lib/x86_64-linux-gnu/gazebo-11/plugins:/opt/ros/humble/opt/rviz_ogre_vendor/lib:/opt/ros/humble/lib/x86_64-linux-gnu:/opt/ros/humble/lib'), ('WT_PROFILE_ID', '{4ff56d04-d9cf-57ea-bae2-ad396374e7e3}'), ('HOME', '/home/jala'), ('OLDPWD', '/home/jala/ros2_ws'), ('ROS_PYTHON_VERSION', '3'), ('WSL_DISTRO_NAME', 'Ubuntu-22.04'), ('WAYLAND_DISPLAY', 'wayland-0'), ('COLCON_PREFIX_PATH', '/home/jala/ros2_ws/install'), ('ROS_DISTRO', 'humble'), ('LOGNAME', 'jala'), ('NAME', 'DESKTOP-FN3M0B8'), ('WSL_INTEROP', '/run/WSL/574_interop'), ('PULSE_SERVER', 'unix:/mnt/wslg/PulseServer'), ('_', '/usr/bin/colcon'), ('ROS_VERSION', '2'), ('PKG_CONFIG_PATH', '/home/jala/ros2_ws/install/turtlebot3_rl/lib/x86_64-linux-gnu/pkgconfig:/home/jala/ros2_ws/install/turtlebot3_rl/lib/pkgconfig'), ('TERM', 'xterm-256color'), ('ROS_LOCALHOST_ONLY', '0'), ('PATH', '/opt/ros/humble/bin:/home/jala/.local/bin:/usr/local/sbin:/usr/local/bin:/usr/sbin:/usr/bin:/sbin:/bin:/usr/games:/usr/local/games:/usr/lib/wsl/lib:/mnt/c/Program Files/NVIDIA GPU Computing Toolkit/CUDA/v12.8/bin:/mnt/c/Program Files/NVIDIA GPU Computing Toolkit/CUDA/v12.8/libnvvp:/mnt/c/Program Files/Python313/Scripts/:/mnt/c/Program Files/Python313/:/mnt/c/Program Files/Common Files/Siemens/Automation/Simatic OAM/bin:/mnt/c/Program Files (x86)/NVIDIA Corporation/PhysX/Common:/mnt/c/Windows/system32:/mnt/c/Windows:/mnt/c/Windows/System32/Wbem:/mnt/c/Windows/System32/WindowsPowerShell/v1.0/:/mnt/c/Windows/System32/OpenSSH/:/mnt/c/Program Files/Microsoft SQL Server/Client SDK/ODBC/170/Tools/Binn/:/mnt/c/Program Files (x86)/Microsoft SQL Server/150/Tools/Binn/:/mnt/c/Program Files/Microsoft SQL Server/150/Tools/Binn/:/mnt/c/Program Files/Microsoft SQL Server/150/DTS/Binn/:/mnt/c/Program Files (x86)/Windows Kits/8.1/Windows Performance Toolkit/:/mnt/c/Program Files/MATLAB/R2023a/runtime/win64:/mnt/c/Program Files/MATLAB/R2023a/bin:/mnt/c/Program Files (x86)/Microsoft SQL Server/Client SDK/ODBC/110/Tools/Binn/:/mnt/c/Program Files (x86)/Microsoft SQL Server/120/Tools/Binn/:/mnt/c/Program Files (x86)/Microsoft SQL Server/120/DTS/Binn/:/mnt/c/Program Files/Python313:/mnt/c/Program Files/Python313/Scripts:/mnt/c/Users/HP/Downloads/pyenv-win-master/pyenv-win-master/pyenv-win/bin:/mnt/c/Users/HP/Downloads/pyenv-win-master/pyenv-win-master:/mnt/c/Users/HP/Downloads/pyenv-win-master:/mnt/c/Program Files/dotnet/:/mnt/c/Users/HP/Downloads:/mnt/c/Program Files/Git/cmd:/mnt/c/Program Files/Git:/mnt/c/Program Files/Git/bin:/mnt/c/Windows/System32:/mnt/c/Users/HP/Downloads/webots_2025a_amd64/data.tar/data/usr/local/bin:/mnt/c/Users/HP/Downloads/webots_2025a_amd64/data.tar/data/usr/local/bin:/mnt/c/Program Files/Webots/bin:/mnt/c/Program Files/NVIDIA Corporation/Nsight Compute 2025.1.1/:/mnt/c/Program Files/Webots/webots.exe:/mnt/c/ProgramData/Microsoft/Windows/Start Menu/Programs/Cyberbotics:/mnt/c/Users/HP/AppData/Local/Microsoft/WindowsApps:/mnt/c/Users/HP/AppData/Local/Programs/Microsoft VS Code/bin:/mnt/c/Program Files (x86)/Nmap:/snap/bin'), ('WT_SESSION', 'd5edc10d-89b8-4850-b42a-cbf1d693f718'), ('XDG_RUNTIME_DIR', '/mnt/wslg/runtime-dir'), ('DISPLAY', ':0'), ('LANG', 'en_US.UTF-8'), ('AMENT_PREFIX_PATH', '/opt/ros/humble'), ('SHELL', '/bin/bash'), ('PWD', '/home/jala/ros2_ws/build/turtlebot3_rl'), ('XDG_DATA_DIRS', '/usr/local/share:/usr/share:/var/lib/snapd/desktop'), ('PYTHONPATH', '/opt/ros/humble/lib/python3.10/site-packages:/opt/ros/humble/local/lib/python3.10/dist-packages'), ('COLCON', '1'), ('WSL2_GUI_APPS_ENABLED', '1'), ('HOSTTYPE', 'x86_64'), ('CMAKE_PREFIX_PATH', '/home/jala/ros2_ws/install/turtlebot3_rl:/opt/ros/humble'), ('WSLENV', 'WT_SESSION:WT_PROFILE_ID:')]), 'shell': False}
[2.368386] (turtlebot3_rl) CommandEnded: {'returncode': 0}
[2.369730] (turtlebot3_rl) JobProgress: {'identifier': 'turtlebot3_rl', 'progress': 'install'}
[2.375809] (turtlebot3_rl) Command: {'cmd': ['/usr/bin/cmake', '--install', '/home/jala/ros2_ws/build/turtlebot3_rl'], 'cwd': '/home/jala/ros2_ws/build/turtlebot3_rl', 'env': OrderedDict([('USER', 'jala'), ('WEBOTS_CONTROLLER_PATH', '//wsl.localhost/Ubuntu-22.04/home/jala/ros2_ws/src/turtlebot3_rl/controllers'), ('ROS_PACKAGE_PATH', '/home/jala/ros2_ws/install/turtlebot3_rl/share'), ('SHLVL', '1'), ('LD_LIBRARY_PATH', '/usr/lib/x86_64-linux-gnu/gazebo-11/plugins:/opt/ros/humble/opt/rviz_ogre_vendor/lib:/opt/ros/humble/lib/x86_64-linux-gnu:/opt/ros/humble/lib'), ('WT_PROFILE_ID', '{4ff56d04-d9cf-57ea-bae2-ad396374e7e3}'), ('HOME', '/home/jala'), ('OLDPWD', '/home/jala/ros2_ws'), ('ROS_PYTHON_VERSION', '3'), ('WSL_DISTRO_NAME', 'Ubuntu-22.04'), ('WAYLAND_DISPLAY', 'wayland-0'), ('COLCON_PREFIX_PATH', '/home/jala/ros2_ws/install'), ('ROS_DISTRO', 'humble'), ('LOGNAME', 'jala'), ('NAME', 'DESKTOP-FN3M0B8'), ('WSL_INTEROP', '/run/WSL/574_interop'), ('PULSE_SERVER', 'unix:/mnt/wslg/PulseServer'), ('_', '/usr/bin/colcon'), ('ROS_VERSION', '2'), ('PKG_CONFIG_PATH', '/home/jala/ros2_ws/install/turtlebot3_rl/lib/x86_64-linux-gnu/pkgconfig:/home/jala/ros2_ws/install/turtlebot3_rl/lib/pkgconfig'), ('TERM', 'xterm-256color'), ('ROS_LOCALHOST_ONLY', '0'), ('PATH', '/opt/ros/humble/bin:/home/jala/.local/bin:/usr/local/sbin:/usr/local/bin:/usr/sbin:/usr/bin:/sbin:/bin:/usr/games:/usr/local/games:/usr/lib/wsl/lib:/mnt/c/Program Files/NVIDIA GPU Computing Toolkit/CUDA/v12.8/bin:/mnt/c/Program Files/NVIDIA GPU Computing Toolkit/CUDA/v12.8/libnvvp:/mnt/c/Program Files/Python313/Scripts/:/mnt/c/Program Files/Python313/:/mnt/c/Program Files/Common Files/Siemens/Automation/Simatic OAM/bin:/mnt/c/Program Files (x86)/NVIDIA Corporation/PhysX/Common:/mnt/c/Windows/system32:/mnt/c/Windows:/mnt/c/Windows/System32/Wbem:/mnt/c/Windows/System32/WindowsPowerShell/v1.0/:/mnt/c/Windows/System32/OpenSSH/:/mnt/c/Program Files/Microsoft SQL Server/Client SDK/ODBC/170/Tools/Binn/:/mnt/c/Program Files (x86)/Microsoft SQL Server/150/Tools/Binn/:/mnt/c/Program Files/Microsoft SQL Server/150/Tools/Binn/:/mnt/c/Program Files/Microsoft SQL Server/150/DTS/Binn/:/mnt/c/Program Files (x86)/Windows Kits/8.1/Windows Performance Toolkit/:/mnt/c/Program Files/MATLAB/R2023a/runtime/win64:/mnt/c/Program Files/MATLAB/R2023a/bin:/mnt/c/Program Files (x86)/Microsoft SQL Server/Client SDK/ODBC/110/Tools/Binn/:/mnt/c/Program Files (x86)/Microsoft SQL Server/120/Tools/Binn/:/mnt/c/Program Files (x86)/Microsoft SQL Server/120/DTS/Binn/:/mnt/c/Program Files/Python313:/mnt/c/Program Files/Python313/Scripts:/mnt/c/Users/HP/Downloads/pyenv-win-master/pyenv-win-master/pyenv-win/bin:/mnt/c/Users/HP/Downloads/pyenv-win-master/pyenv-win-master:/mnt/c/Users/HP/Downloads/pyenv-win-master:/mnt/c/Program Files/dotnet/:/mnt/c/Users/HP/Downloads:/mnt/c/Program Files/Git/cmd:/mnt/c/Program Files/Git:/mnt/c/Program Files/Git/bin:/mnt/c/Windows/System32:/mnt/c/Users/HP/Downloads/webots_2025a_amd64/data.tar/data/usr/local/bin:/mnt/c/Users/HP/Downloads/webots_2025a_amd64/data.tar/data/usr/local/bin:/mnt/c/Program Files/Webots/bin:/mnt/c/Program Files/NVIDIA Corporation/Nsight Compute 2025.1.1/:/mnt/c/Program Files/Webots/webots.exe:/mnt/c/ProgramData/Microsoft/Windows/Start Menu/Programs/Cyberbotics:/mnt/c/Users/HP/AppData/Local/Microsoft/WindowsApps:/mnt/c/Users/HP/AppData/Local/Programs/Microsoft VS Code/bin:/mnt/c/Program Files (x86)/Nmap:/snap/bin'), ('WT_SESSION', 'd5edc10d-89b8-4850-b42a-cbf1d693f718'), ('XDG_RUNTIME_DIR', '/mnt/wslg/runtime-dir'), ('DISPLAY', ':0'), ('LANG', 'en_US.UTF-8'), ('AMENT_PREFIX_PATH', '/opt/ros/humble'), ('SHELL', '/bin/bash'), ('PWD', '/home/jala/ros2_ws/build/turtlebot3_rl'), ('XDG_DATA_DIRS', '/usr/local/share:/usr/share:/var/lib/snapd/desktop'), ('PYTHONPATH', '/opt/ros/humble/lib/python3.10/site-packages:/opt/ros/humble/local/lib/python3.10/dist-packages'), ('COLCON', '1'), ('WSL2_GUI_APPS_ENABLED', '1'), ('HOSTTYPE', 'x86_64'), ('CMAKE_PREFIX_PATH', '/home/jala/ros2_ws/install/turtlebot3_rl:/opt/ros/humble'), ('WSLENV', 'WT_SESSION:WT_PROFILE_ID:')]), 'shell': False}
[2.380715] (turtlebot3_rl) StdoutLine: {'line': b'-- Install configuration: ""\n'}
[2.381055] (turtlebot3_rl) StdoutLine: {'line': b'-- Execute custom install script\n'}
[2.381741] (turtlebot3_rl) StdoutLine: {'line': b'-- Symlinking: /home/jala/ros2_ws/install/turtlebot3_rl/share/turtlebot3_rl//worlds/.warehouse_world.jpg\n'}
[2.387975] (turtlebot3_rl) StdoutLine: {'line': b'-- Symlinking: /home/jala/ros2_ws/install/turtlebot3_rl/share/turtlebot3_rl//worlds/.warehouse_world.wbproj\n'}
[2.393274] (turtlebot3_rl) StdoutLine: {'line': b'-- Symlinking: /home/jala/ros2_ws/install/turtlebot3_rl/share/turtlebot3_rl//worlds/.warehouse_world_backup.jpg\n'}
[2.399048] (turtlebot3_rl) StdoutLine: {'line': b'-- Symlinking: /home/jala/ros2_ws/install/turtlebot3_rl/share/turtlebot3_rl//worlds/.warehouse_world_backup.wbproj\n'}
[2.405671] (turtlebot3_rl) StdoutLine: {'line': b'-- Symlinking: /home/jala/ros2_ws/install/turtlebot3_rl/share/turtlebot3_rl//worlds/warehouse_world.wbt\n'}
[2.406660] (-) TimerEvent: {}
[2.412712] (turtlebot3_rl) StdoutLine: {'line': b'-- Symlinking: /home/jala/ros2_ws/install/turtlebot3_rl/share/turtlebot3_rl//worlds/warehouse_world_backup.wbt\n'}
[2.418994] (turtlebot3_rl) StdoutLine: {'line': b'-- Symlinking: /home/jala/ros2_ws/install/turtlebot3_rl/share/ament_index/resource_index/package_run_dependencies/turtlebot3_rl\n'}
[2.425046] (turtlebot3_rl) StdoutLine: {'line': b'-- Symlinking: /home/jala/ros2_ws/install/turtlebot3_rl/share/ament_index/resource_index/parent_prefix_path/turtlebot3_rl\n'}
[2.431181] (turtlebot3_rl) StdoutLine: {'line': b'-- Symlinking: /home/jala/ros2_ws/install/turtlebot3_rl/share/turtlebot3_rl/environment/ament_prefix_path.sh\n'}
[2.438337] (turtlebot3_rl) StdoutLine: {'line': b'-- Symlinking: /home/jala/ros2_ws/install/turtlebot3_rl/share/turtlebot3_rl/environment/ament_prefix_path.dsv\n'}
[2.444381] (turtlebot3_rl) StdoutLine: {'line': b'-- Symlinking: /home/jala/ros2_ws/install/turtlebot3_rl/share/turtlebot3_rl/environment/path.sh\n'}
[2.450319] (turtlebot3_rl) StdoutLine: {'line': b'-- Symlinking: /home/jala/ros2_ws/install/turtlebot3_rl/share/turtlebot3_rl/environment/path.dsv\n'}
[2.456641] (turtlebot3_rl) StdoutLine: {'line': b'-- Symlinking: /home/jala/ros2_ws/install/turtlebot3_rl/share/turtlebot3_rl/local_setup.bash\n'}
[2.462119] (turtlebot3_rl) StdoutLine: {'line': b'-- Symlinking: /home/jala/ros2_ws/install/turtlebot3_rl/share/turtlebot3_rl/local_setup.sh\n'}
[2.467897] (turtlebot3_rl) StdoutLine: {'line': b'-- Symlinking: /home/jala/ros2_ws/install/turtlebot3_rl/share/turtlebot3_rl/local_setup.zsh\n'}
[2.473217] (turtlebot3_rl) StdoutLine: {'line': b'-- Symlinking: /home/jala/ros2_ws/install/turtlebot3_rl/share/turtlebot3_rl/local_setup.dsv\n'}
[2.478338] (turtlebot3_rl) StdoutLine: {'line': b'-- Symlinking: /home/jala/ros2_ws/install/turtlebot3_rl/share/turtlebot3_rl/package.dsv\n'}
[2.484583] (turtlebot3_rl) StdoutLine: {'line': b'-- Symlinking: /home/jala/ros2_ws/install/turtlebot3_rl/share/ament_index/resource_index/packages/turtlebot3_rl\n'}
[2.490136] (turtlebot3_rl) StdoutLine: {'line': b'-- Symlinking: /home/jala/ros2_ws/install/turtlebot3_rl/share/turtlebot3_rl/cmake/turtlebot3_rlConfig.cmake\n'}
[2.495978] (turtlebot3_rl) StdoutLine: {'line': b'-- Symlinking: /home/jala/ros2_ws/install/turtlebot3_rl/share/turtlebot3_rl/cmake/turtlebot3_rlConfig-version.cmake\n'}
[2.501466] (turtlebot3_rl) StdoutLine: {'line': b'-- Symlinking: /home/jala/ros2_ws/install/turtlebot3_rl/share/turtlebot3_rl/package.xml\n'}
[2.506675] (turtlebot3_rl) StdoutLine: {'line': b'-- Installing: /home/jala/ros2_ws/install/turtlebot3_rl/share/turtlebot3_rl//launch\n'}
[2.506866] (-) TimerEvent: {}
[2.506965] (turtlebot3_rl) StdoutLine: {'line': b'-- Installing: /home/jala/ros2_ws/install/turtlebot3_rl/share/turtlebot3_rl//launch/warehouse_driver_launch.py\n'}
[2.507291] (turtlebot3_rl) StdoutLine: {'line': b'-- Installing: /home/jala/ros2_ws/install/turtlebot3_rl/share/turtlebot3_rl//launch/warehouse_launch.py\n'}
[2.509448] (turtlebot3_rl) CommandEnded: {'returncode': 0}
[2.533713] (turtlebot3_rl) JobEnded: {'identifier': 'turtlebot3_rl', 'rc': 0}
[2.534777] (-) EventReactorShutdown: {}
