-- The C compiler identification is GNU 11.4.0
-- The CXX compiler identification is GNU 11.4.0
-- Detecting C compiler ABI info
-- Detecting C compiler ABI info - done
-- Check for working C compiler: /usr/bin/cc - skipped
-- Detecting C compile features
-- Detecting C compile features - done
-- Detecting CXX compiler ABI info
-- Detecting CXX compiler ABI info - done
-- Check for working CXX compiler: /usr/bin/c++ - skipped
-- Detecting CXX compile features
-- Detecting CXX compile features - done
-- Found ament_cmake: 1.3.11 (/opt/ros/humble/share/ament_cmake/cmake)
-- Found Python3: /usr/bin/python3 (found version "3.10.12") found components: Interpreter 
-- Override CMake install command with custom implementation using symlinks instead of copying resources
-- Configuring done
-- Generating done
-- Build files have been written to: /home/jala/ros2_ws/build/turtlebot3_rl
-- Install configuration: ""
-- Execute custom install script
-- Symlinking: /home/jala/ros2_ws/install/turtlebot3_rl/share/turtlebot3_rl//worlds/.warehouse_world.jpg
-- Symlinking: /home/jala/ros2_ws/install/turtlebot3_rl/share/turtlebot3_rl//worlds/.warehouse_world.wbproj
-- Symlinking: /home/jala/ros2_ws/install/turtlebot3_rl/share/turtlebot3_rl//worlds/.warehouse_world_backup.jpg
-- Symlinking: /home/jala/ros2_ws/install/turtlebot3_rl/share/turtlebot3_rl//worlds/.warehouse_world_backup.wbproj
-- Symlinking: /home/jala/ros2_ws/install/turtlebot3_rl/share/turtlebot3_rl//worlds/warehouse_world.wbt
-- Symlinking: /home/jala/ros2_ws/install/turtlebot3_rl/share/turtlebot3_rl//worlds/warehouse_world_backup.wbt
-- Symlinking: /home/jala/ros2_ws/install/turtlebot3_rl/share/ament_index/resource_index/package_run_dependencies/turtlebot3_rl
-- Symlinking: /home/jala/ros2_ws/install/turtlebot3_rl/share/ament_index/resource_index/parent_prefix_path/turtlebot3_rl
-- Symlinking: /home/jala/ros2_ws/install/turtlebot3_rl/share/turtlebot3_rl/environment/ament_prefix_path.sh
-- Symlinking: /home/jala/ros2_ws/install/turtlebot3_rl/share/turtlebot3_rl/environment/ament_prefix_path.dsv
-- Symlinking: /home/jala/ros2_ws/install/turtlebot3_rl/share/turtlebot3_rl/environment/path.sh
-- Symlinking: /home/jala/ros2_ws/install/turtlebot3_rl/share/turtlebot3_rl/environment/path.dsv
-- Symlinking: /home/jala/ros2_ws/install/turtlebot3_rl/share/turtlebot3_rl/local_setup.bash
-- Symlinking: /home/jala/ros2_ws/install/turtlebot3_rl/share/turtlebot3_rl/local_setup.sh
-- Symlinking: /home/jala/ros2_ws/install/turtlebot3_rl/share/turtlebot3_rl/local_setup.zsh
-- Symlinking: /home/jala/ros2_ws/install/turtlebot3_rl/share/turtlebot3_rl/local_setup.dsv
-- Symlinking: /home/jala/ros2_ws/install/turtlebot3_rl/share/turtlebot3_rl/package.dsv
-- Symlinking: /home/jala/ros2_ws/install/turtlebot3_rl/share/ament_index/resource_index/packages/turtlebot3_rl
-- Symlinking: /home/jala/ros2_ws/install/turtlebot3_rl/share/turtlebot3_rl/cmake/turtlebot3_rlConfig.cmake
-- Symlinking: /home/jala/ros2_ws/install/turtlebot3_rl/share/turtlebot3_rl/cmake/turtlebot3_rlConfig-version.cmake
-- Symlinking: /home/jala/ros2_ws/install/turtlebot3_rl/share/turtlebot3_rl/package.xml
-- Installing: /home/jala/ros2_ws/install/turtlebot3_rl/share/turtlebot3_rl//launch
-- Installing: /home/jala/ros2_ws/install/turtlebot3_rl/share/turtlebot3_rl//launch/warehouse_driver_launch.py
-- Installing: /home/jala/ros2_ws/install/turtlebot3_rl/share/turtlebot3_rl//launch/warehouse_launch.py
