[1.398s] DEBUG:colcon:Command line arguments: ['/usr/bin/colcon', 'build', '--packages-select', 'turtlebot3_rl_env', '--symlink-install']
[1.398s] DEBUG:colcon:Parsed command line arguments: Namespace(log_base=None, log_level=None, verb_name='build', build_base='build', install_base='install', merge_install=False, symlink_install=True, test_result_base=None, continue_on_error=False, executor='parallel', parallel_workers=8, event_handlers=None, ignore_user_meta=False, metas=['./colcon.meta'], base_paths=['.'], packages_ignore=None, packages_ignore_regex=None, paths=None, packages_up_to=None, packages_up_to_regex=None, packages_above=None, packages_above_and_dependencies=None, packages_above_depth=None, packages_select_by_dep=None, packages_skip_by_dep=None, packages_skip_up_to=None, packages_select_build_failed=False, packages_skip_build_finished=False, packages_select_test_failures=False, packages_skip_test_passed=False, packages_select=['turtlebot3_rl_env'], packages_skip=None, packages_select_regex=None, packages_skip_regex=None, packages_start=None, packages_end=None, allow_overriding=[], cmake_args=None, cmake_target=None, cmake_target_skip_unavailable=False, cmake_clean_cache=False, cmake_clean_first=False, cmake_force_configure=False, ament_cmake_args=None, catkin_cmake_args=None, catkin_skip_building_tests=False, mixin_files=None, mixin=None, verb_parser=<colcon_mixin.mixin.mixin_argument.MixinArgumentDecorator object at 0x7f8c67b5b520>, verb_extension=<colcon_core.verb.build.BuildVerb object at 0x7f8c67cac3a0>, main=<bound method BuildVerb.main of <colcon_core.verb.build.BuildVerb object at 0x7f8c67cac3a0>>, mixin_verb=('build',))
[2.311s] Level 1:colcon.colcon_core.package_discovery:discover_packages(colcon_meta) check parameters
[2.312s] Level 1:colcon.colcon_core.package_discovery:discover_packages(recursive) check parameters
[2.312s] Level 1:colcon.colcon_core.package_discovery:discover_packages(ignore) check parameters
[2.312s] Level 1:colcon.colcon_core.package_discovery:discover_packages(path) check parameters
[2.312s] Level 1:colcon.colcon_core.package_discovery:discover_packages(colcon_meta) discover
[2.312s] Level 1:colcon.colcon_core.package_discovery:discover_packages(recursive) discover
[2.312s] INFO:colcon.colcon_core.package_discovery:Crawling recursively for packages in '/home/jala/ros2_ws'
[2.312s] Level 1:colcon.colcon_core.package_identification:_identify(.) by extensions ['ignore', 'ignore_ament_install']
[2.313s] Level 1:colcon.colcon_core.package_identification:_identify(.) by extension 'ignore'
[2.313s] Level 1:colcon.colcon_core.package_identification:_identify(.) by extension 'ignore_ament_install'
[2.313s] Level 1:colcon.colcon_core.package_identification:_identify(.) by extensions ['colcon_pkg']
[2.313s] Level 1:colcon.colcon_core.package_identification:_identify(.) by extension 'colcon_pkg'
[2.313s] Level 1:colcon.colcon_core.package_identification:_identify(.) by extensions ['colcon_meta']
[2.313s] Level 1:colcon.colcon_core.package_identification:_identify(.) by extension 'colcon_meta'
[2.313s] Level 1:colcon.colcon_core.package_identification:_identify(.) by extensions ['ros']
[2.313s] Level 1:colcon.colcon_core.package_identification:_identify(.) by extension 'ros'
[2.338s] Level 1:colcon.colcon_core.package_identification:_identify(.) by extensions ['cmake', 'python']
[2.338s] Level 1:colcon.colcon_core.package_identification:_identify(.) by extension 'cmake'
[2.338s] Level 1:colcon.colcon_core.package_identification:_identify(.) by extension 'python'
[2.339s] Level 1:colcon.colcon_core.package_identification:_identify(.) by extensions ['python_setup_py']
[2.339s] Level 1:colcon.colcon_core.package_identification:_identify(.) by extension 'python_setup_py'
[2.339s] Level 1:colcon.colcon_core.package_identification:_identify(build) by extensions ['ignore', 'ignore_ament_install']
[2.339s] Level 1:colcon.colcon_core.package_identification:_identify(build) by extension 'ignore'
[2.340s] Level 1:colcon.colcon_core.package_identification:_identify(build) ignored
[2.340s] Level 1:colcon.colcon_core.package_identification:_identify(install) by extensions ['ignore', 'ignore_ament_install']
[2.340s] Level 1:colcon.colcon_core.package_identification:_identify(install) by extension 'ignore'
[2.340s] Level 1:colcon.colcon_core.package_identification:_identify(install) ignored
[2.341s] Level 1:colcon.colcon_core.package_identification:_identify(log) by extensions ['ignore', 'ignore_ament_install']
[2.341s] Level 1:colcon.colcon_core.package_identification:_identify(log) by extension 'ignore'
[2.341s] Level 1:colcon.colcon_core.package_identification:_identify(log) ignored
[2.341s] Level 1:colcon.colcon_core.package_identification:_identify(protos) by extensions ['ignore', 'ignore_ament_install']
[2.341s] Level 1:colcon.colcon_core.package_identification:_identify(protos) by extension 'ignore'
[2.342s] Level 1:colcon.colcon_core.package_identification:_identify(protos) by extension 'ignore_ament_install'
[2.342s] Level 1:colcon.colcon_core.package_identification:_identify(protos) by extensions ['colcon_pkg']
[2.342s] Level 1:colcon.colcon_core.package_identification:_identify(protos) by extension 'colcon_pkg'
[2.342s] Level 1:colcon.colcon_core.package_identification:_identify(protos) by extensions ['colcon_meta']
[2.342s] Level 1:colcon.colcon_core.package_identification:_identify(protos) by extension 'colcon_meta'
[2.342s] Level 1:colcon.colcon_core.package_identification:_identify(protos) by extensions ['ros']
[2.342s] Level 1:colcon.colcon_core.package_identification:_identify(protos) by extension 'ros'
[2.342s] Level 1:colcon.colcon_core.package_identification:_identify(protos) by extensions ['cmake', 'python']
[2.342s] Level 1:colcon.colcon_core.package_identification:_identify(protos) by extension 'cmake'
[2.343s] Level 1:colcon.colcon_core.package_identification:_identify(protos) by extension 'python'
[2.343s] Level 1:colcon.colcon_core.package_identification:_identify(protos) by extensions ['python_setup_py']
[2.343s] Level 1:colcon.colcon_core.package_identification:_identify(protos) by extension 'python_setup_py'
[2.343s] Level 1:colcon.colcon_core.package_identification:_identify(protos/icons) by extensions ['ignore', 'ignore_ament_install']
[2.343s] Level 1:colcon.colcon_core.package_identification:_identify(protos/icons) by extension 'ignore'
[2.343s] Level 1:colcon.colcon_core.package_identification:_identify(protos/icons) by extension 'ignore_ament_install'
[2.343s] Level 1:colcon.colcon_core.package_identification:_identify(protos/icons) by extensions ['colcon_pkg']
[2.343s] Level 1:colcon.colcon_core.package_identification:_identify(protos/icons) by extension 'colcon_pkg'
[2.343s] Level 1:colcon.colcon_core.package_identification:_identify(protos/icons) by extensions ['colcon_meta']
[2.343s] Level 1:colcon.colcon_core.package_identification:_identify(protos/icons) by extension 'colcon_meta'
[2.343s] Level 1:colcon.colcon_core.package_identification:_identify(protos/icons) by extensions ['ros']
[2.344s] Level 1:colcon.colcon_core.package_identification:_identify(protos/icons) by extension 'ros'
[2.344s] Level 1:colcon.colcon_core.package_identification:_identify(protos/icons) by extensions ['cmake', 'python']
[2.344s] Level 1:colcon.colcon_core.package_identification:_identify(protos/icons) by extension 'cmake'
[2.344s] Level 1:colcon.colcon_core.package_identification:_identify(protos/icons) by extension 'python'
[2.344s] Level 1:colcon.colcon_core.package_identification:_identify(protos/icons) by extensions ['python_setup_py']
[2.344s] Level 1:colcon.colcon_core.package_identification:_identify(protos/icons) by extension 'python_setup_py'
[2.344s] Level 1:colcon.colcon_core.package_identification:_identify(sb3_logs) by extensions ['ignore', 'ignore_ament_install']
[2.344s] Level 1:colcon.colcon_core.package_identification:_identify(sb3_logs) by extension 'ignore'
[2.344s] Level 1:colcon.colcon_core.package_identification:_identify(sb3_logs) by extension 'ignore_ament_install'
[2.344s] Level 1:colcon.colcon_core.package_identification:_identify(sb3_logs) by extensions ['colcon_pkg']
[2.345s] Level 1:colcon.colcon_core.package_identification:_identify(sb3_logs) by extension 'colcon_pkg'
[2.345s] Level 1:colcon.colcon_core.package_identification:_identify(sb3_logs) by extensions ['colcon_meta']
[2.345s] Level 1:colcon.colcon_core.package_identification:_identify(sb3_logs) by extension 'colcon_meta'
[2.345s] Level 1:colcon.colcon_core.package_identification:_identify(sb3_logs) by extensions ['ros']
[2.345s] Level 1:colcon.colcon_core.package_identification:_identify(sb3_logs) by extension 'ros'
[2.345s] Level 1:colcon.colcon_core.package_identification:_identify(sb3_logs) by extensions ['cmake', 'python']
[2.345s] Level 1:colcon.colcon_core.package_identification:_identify(sb3_logs) by extension 'cmake'
[2.345s] Level 1:colcon.colcon_core.package_identification:_identify(sb3_logs) by extension 'python'
[2.345s] Level 1:colcon.colcon_core.package_identification:_identify(sb3_logs) by extensions ['python_setup_py']
[2.345s] Level 1:colcon.colcon_core.package_identification:_identify(sb3_logs) by extension 'python_setup_py'
[2.345s] Level 1:colcon.colcon_core.package_identification:_identify(sb3_logs/PPO_turtlebot3_rl_1) by extensions ['ignore', 'ignore_ament_install']
[2.345s] Level 1:colcon.colcon_core.package_identification:_identify(sb3_logs/PPO_turtlebot3_rl_1) by extension 'ignore'
[2.345s] Level 1:colcon.colcon_core.package_identification:_identify(sb3_logs/PPO_turtlebot3_rl_1) by extension 'ignore_ament_install'
[2.346s] Level 1:colcon.colcon_core.package_identification:_identify(sb3_logs/PPO_turtlebot3_rl_1) by extensions ['colcon_pkg']
[2.346s] Level 1:colcon.colcon_core.package_identification:_identify(sb3_logs/PPO_turtlebot3_rl_1) by extension 'colcon_pkg'
[2.346s] Level 1:colcon.colcon_core.package_identification:_identify(sb3_logs/PPO_turtlebot3_rl_1) by extensions ['colcon_meta']
[2.346s] Level 1:colcon.colcon_core.package_identification:_identify(sb3_logs/PPO_turtlebot3_rl_1) by extension 'colcon_meta'
[2.346s] Level 1:colcon.colcon_core.package_identification:_identify(sb3_logs/PPO_turtlebot3_rl_1) by extensions ['ros']
[2.346s] Level 1:colcon.colcon_core.package_identification:_identify(sb3_logs/PPO_turtlebot3_rl_1) by extension 'ros'
[2.346s] Level 1:colcon.colcon_core.package_identification:_identify(sb3_logs/PPO_turtlebot3_rl_1) by extensions ['cmake', 'python']
[2.346s] Level 1:colcon.colcon_core.package_identification:_identify(sb3_logs/PPO_turtlebot3_rl_1) by extension 'cmake'
[2.346s] Level 1:colcon.colcon_core.package_identification:_identify(sb3_logs/PPO_turtlebot3_rl_1) by extension 'python'
[2.346s] Level 1:colcon.colcon_core.package_identification:_identify(sb3_logs/PPO_turtlebot3_rl_1) by extensions ['python_setup_py']
[2.346s] Level 1:colcon.colcon_core.package_identification:_identify(sb3_logs/PPO_turtlebot3_rl_1) by extension 'python_setup_py'
[2.346s] Level 1:colcon.colcon_core.package_identification:_identify(sb3_logs/PPO_turtlebot3_rl_10) by extensions ['ignore', 'ignore_ament_install']
[2.347s] Level 1:colcon.colcon_core.package_identification:_identify(sb3_logs/PPO_turtlebot3_rl_10) by extension 'ignore'
[2.347s] Level 1:colcon.colcon_core.package_identification:_identify(sb3_logs/PPO_turtlebot3_rl_10) by extension 'ignore_ament_install'
[2.347s] Level 1:colcon.colcon_core.package_identification:_identify(sb3_logs/PPO_turtlebot3_rl_10) by extensions ['colcon_pkg']
[2.347s] Level 1:colcon.colcon_core.package_identification:_identify(sb3_logs/PPO_turtlebot3_rl_10) by extension 'colcon_pkg'
[2.347s] Level 1:colcon.colcon_core.package_identification:_identify(sb3_logs/PPO_turtlebot3_rl_10) by extensions ['colcon_meta']
[2.347s] Level 1:colcon.colcon_core.package_identification:_identify(sb3_logs/PPO_turtlebot3_rl_10) by extension 'colcon_meta'
[2.347s] Level 1:colcon.colcon_core.package_identification:_identify(sb3_logs/PPO_turtlebot3_rl_10) by extensions ['ros']
[2.347s] Level 1:colcon.colcon_core.package_identification:_identify(sb3_logs/PPO_turtlebot3_rl_10) by extension 'ros'
[2.347s] Level 1:colcon.colcon_core.package_identification:_identify(sb3_logs/PPO_turtlebot3_rl_10) by extensions ['cmake', 'python']
[2.347s] Level 1:colcon.colcon_core.package_identification:_identify(sb3_logs/PPO_turtlebot3_rl_10) by extension 'cmake'
[2.347s] Level 1:colcon.colcon_core.package_identification:_identify(sb3_logs/PPO_turtlebot3_rl_10) by extension 'python'
[2.347s] Level 1:colcon.colcon_core.package_identification:_identify(sb3_logs/PPO_turtlebot3_rl_10) by extensions ['python_setup_py']
[2.347s] Level 1:colcon.colcon_core.package_identification:_identify(sb3_logs/PPO_turtlebot3_rl_10) by extension 'python_setup_py'
[2.347s] Level 1:colcon.colcon_core.package_identification:_identify(sb3_logs/PPO_turtlebot3_rl_11) by extensions ['ignore', 'ignore_ament_install']
[2.348s] Level 1:colcon.colcon_core.package_identification:_identify(sb3_logs/PPO_turtlebot3_rl_11) by extension 'ignore'
[2.348s] Level 1:colcon.colcon_core.package_identification:_identify(sb3_logs/PPO_turtlebot3_rl_11) by extension 'ignore_ament_install'
[2.348s] Level 1:colcon.colcon_core.package_identification:_identify(sb3_logs/PPO_turtlebot3_rl_11) by extensions ['colcon_pkg']
[2.348s] Level 1:colcon.colcon_core.package_identification:_identify(sb3_logs/PPO_turtlebot3_rl_11) by extension 'colcon_pkg'
[2.348s] Level 1:colcon.colcon_core.package_identification:_identify(sb3_logs/PPO_turtlebot3_rl_11) by extensions ['colcon_meta']
[2.348s] Level 1:colcon.colcon_core.package_identification:_identify(sb3_logs/PPO_turtlebot3_rl_11) by extension 'colcon_meta'
[2.348s] Level 1:colcon.colcon_core.package_identification:_identify(sb3_logs/PPO_turtlebot3_rl_11) by extensions ['ros']
[2.348s] Level 1:colcon.colcon_core.package_identification:_identify(sb3_logs/PPO_turtlebot3_rl_11) by extension 'ros'
[2.348s] Level 1:colcon.colcon_core.package_identification:_identify(sb3_logs/PPO_turtlebot3_rl_11) by extensions ['cmake', 'python']
[2.348s] Level 1:colcon.colcon_core.package_identification:_identify(sb3_logs/PPO_turtlebot3_rl_11) by extension 'cmake'
[2.348s] Level 1:colcon.colcon_core.package_identification:_identify(sb3_logs/PPO_turtlebot3_rl_11) by extension 'python'
[2.348s] Level 1:colcon.colcon_core.package_identification:_identify(sb3_logs/PPO_turtlebot3_rl_11) by extensions ['python_setup_py']
[2.349s] Level 1:colcon.colcon_core.package_identification:_identify(sb3_logs/PPO_turtlebot3_rl_11) by extension 'python_setup_py'
[2.349s] Level 1:colcon.colcon_core.package_identification:_identify(sb3_logs/PPO_turtlebot3_rl_12) by extensions ['ignore', 'ignore_ament_install']
[2.349s] Level 1:colcon.colcon_core.package_identification:_identify(sb3_logs/PPO_turtlebot3_rl_12) by extension 'ignore'
[2.349s] Level 1:colcon.colcon_core.package_identification:_identify(sb3_logs/PPO_turtlebot3_rl_12) by extension 'ignore_ament_install'
[2.349s] Level 1:colcon.colcon_core.package_identification:_identify(sb3_logs/PPO_turtlebot3_rl_12) by extensions ['colcon_pkg']
[2.350s] Level 1:colcon.colcon_core.package_identification:_identify(sb3_logs/PPO_turtlebot3_rl_12) by extension 'colcon_pkg'
[2.350s] Level 1:colcon.colcon_core.package_identification:_identify(sb3_logs/PPO_turtlebot3_rl_12) by extensions ['colcon_meta']
[2.350s] Level 1:colcon.colcon_core.package_identification:_identify(sb3_logs/PPO_turtlebot3_rl_12) by extension 'colcon_meta'
[2.350s] Level 1:colcon.colcon_core.package_identification:_identify(sb3_logs/PPO_turtlebot3_rl_12) by extensions ['ros']
[2.351s] Level 1:colcon.colcon_core.package_identification:_identify(sb3_logs/PPO_turtlebot3_rl_12) by extension 'ros'
[2.351s] Level 1:colcon.colcon_core.package_identification:_identify(sb3_logs/PPO_turtlebot3_rl_12) by extensions ['cmake', 'python']
[2.351s] Level 1:colcon.colcon_core.package_identification:_identify(sb3_logs/PPO_turtlebot3_rl_12) by extension 'cmake'
[2.351s] Level 1:colcon.colcon_core.package_identification:_identify(sb3_logs/PPO_turtlebot3_rl_12) by extension 'python'
[2.351s] Level 1:colcon.colcon_core.package_identification:_identify(sb3_logs/PPO_turtlebot3_rl_12) by extensions ['python_setup_py']
[2.351s] Level 1:colcon.colcon_core.package_identification:_identify(sb3_logs/PPO_turtlebot3_rl_12) by extension 'python_setup_py'
[2.351s] Level 1:colcon.colcon_core.package_identification:_identify(sb3_logs/PPO_turtlebot3_rl_13) by extensions ['ignore', 'ignore_ament_install']
[2.352s] Level 1:colcon.colcon_core.package_identification:_identify(sb3_logs/PPO_turtlebot3_rl_13) by extension 'ignore'
[2.352s] Level 1:colcon.colcon_core.package_identification:_identify(sb3_logs/PPO_turtlebot3_rl_13) by extension 'ignore_ament_install'
[2.352s] Level 1:colcon.colcon_core.package_identification:_identify(sb3_logs/PPO_turtlebot3_rl_13) by extensions ['colcon_pkg']
[2.352s] Level 1:colcon.colcon_core.package_identification:_identify(sb3_logs/PPO_turtlebot3_rl_13) by extension 'colcon_pkg'
[2.352s] Level 1:colcon.colcon_core.package_identification:_identify(sb3_logs/PPO_turtlebot3_rl_13) by extensions ['colcon_meta']
[2.352s] Level 1:colcon.colcon_core.package_identification:_identify(sb3_logs/PPO_turtlebot3_rl_13) by extension 'colcon_meta'
[2.352s] Level 1:colcon.colcon_core.package_identification:_identify(sb3_logs/PPO_turtlebot3_rl_13) by extensions ['ros']
[2.352s] Level 1:colcon.colcon_core.package_identification:_identify(sb3_logs/PPO_turtlebot3_rl_13) by extension 'ros'
[2.352s] Level 1:colcon.colcon_core.package_identification:_identify(sb3_logs/PPO_turtlebot3_rl_13) by extensions ['cmake', 'python']
[2.352s] Level 1:colcon.colcon_core.package_identification:_identify(sb3_logs/PPO_turtlebot3_rl_13) by extension 'cmake'
[2.352s] Level 1:colcon.colcon_core.package_identification:_identify(sb3_logs/PPO_turtlebot3_rl_13) by extension 'python'
[2.353s] Level 1:colcon.colcon_core.package_identification:_identify(sb3_logs/PPO_turtlebot3_rl_13) by extensions ['python_setup_py']
[2.353s] Level 1:colcon.colcon_core.package_identification:_identify(sb3_logs/PPO_turtlebot3_rl_13) by extension 'python_setup_py'
[2.353s] Level 1:colcon.colcon_core.package_identification:_identify(sb3_logs/PPO_turtlebot3_rl_14) by extensions ['ignore', 'ignore_ament_install']
[2.353s] Level 1:colcon.colcon_core.package_identification:_identify(sb3_logs/PPO_turtlebot3_rl_14) by extension 'ignore'
[2.353s] Level 1:colcon.colcon_core.package_identification:_identify(sb3_logs/PPO_turtlebot3_rl_14) by extension 'ignore_ament_install'
[2.353s] Level 1:colcon.colcon_core.package_identification:_identify(sb3_logs/PPO_turtlebot3_rl_14) by extensions ['colcon_pkg']
[2.353s] Level 1:colcon.colcon_core.package_identification:_identify(sb3_logs/PPO_turtlebot3_rl_14) by extension 'colcon_pkg'
[2.353s] Level 1:colcon.colcon_core.package_identification:_identify(sb3_logs/PPO_turtlebot3_rl_14) by extensions ['colcon_meta']
[2.353s] Level 1:colcon.colcon_core.package_identification:_identify(sb3_logs/PPO_turtlebot3_rl_14) by extension 'colcon_meta'
[2.353s] Level 1:colcon.colcon_core.package_identification:_identify(sb3_logs/PPO_turtlebot3_rl_14) by extensions ['ros']
[2.353s] Level 1:colcon.colcon_core.package_identification:_identify(sb3_logs/PPO_turtlebot3_rl_14) by extension 'ros'
[2.353s] Level 1:colcon.colcon_core.package_identification:_identify(sb3_logs/PPO_turtlebot3_rl_14) by extensions ['cmake', 'python']
[2.354s] Level 1:colcon.colcon_core.package_identification:_identify(sb3_logs/PPO_turtlebot3_rl_14) by extension 'cmake'
[2.354s] Level 1:colcon.colcon_core.package_identification:_identify(sb3_logs/PPO_turtlebot3_rl_14) by extension 'python'
[2.354s] Level 1:colcon.colcon_core.package_identification:_identify(sb3_logs/PPO_turtlebot3_rl_14) by extensions ['python_setup_py']
[2.354s] Level 1:colcon.colcon_core.package_identification:_identify(sb3_logs/PPO_turtlebot3_rl_14) by extension 'python_setup_py'
[2.354s] Level 1:colcon.colcon_core.package_identification:_identify(sb3_logs/PPO_turtlebot3_rl_15) by extensions ['ignore', 'ignore_ament_install']
[2.354s] Level 1:colcon.colcon_core.package_identification:_identify(sb3_logs/PPO_turtlebot3_rl_15) by extension 'ignore'
[2.354s] Level 1:colcon.colcon_core.package_identification:_identify(sb3_logs/PPO_turtlebot3_rl_15) by extension 'ignore_ament_install'
[2.354s] Level 1:colcon.colcon_core.package_identification:_identify(sb3_logs/PPO_turtlebot3_rl_15) by extensions ['colcon_pkg']
[2.354s] Level 1:colcon.colcon_core.package_identification:_identify(sb3_logs/PPO_turtlebot3_rl_15) by extension 'colcon_pkg'
[2.355s] Level 1:colcon.colcon_core.package_identification:_identify(sb3_logs/PPO_turtlebot3_rl_15) by extensions ['colcon_meta']
[2.355s] Level 1:colcon.colcon_core.package_identification:_identify(sb3_logs/PPO_turtlebot3_rl_15) by extension 'colcon_meta'
[2.355s] Level 1:colcon.colcon_core.package_identification:_identify(sb3_logs/PPO_turtlebot3_rl_15) by extensions ['ros']
[2.355s] Level 1:colcon.colcon_core.package_identification:_identify(sb3_logs/PPO_turtlebot3_rl_15) by extension 'ros'
[2.355s] Level 1:colcon.colcon_core.package_identification:_identify(sb3_logs/PPO_turtlebot3_rl_15) by extensions ['cmake', 'python']
[2.355s] Level 1:colcon.colcon_core.package_identification:_identify(sb3_logs/PPO_turtlebot3_rl_15) by extension 'cmake'
[2.355s] Level 1:colcon.colcon_core.package_identification:_identify(sb3_logs/PPO_turtlebot3_rl_15) by extension 'python'
[2.355s] Level 1:colcon.colcon_core.package_identification:_identify(sb3_logs/PPO_turtlebot3_rl_15) by extensions ['python_setup_py']
[2.355s] Level 1:colcon.colcon_core.package_identification:_identify(sb3_logs/PPO_turtlebot3_rl_15) by extension 'python_setup_py'
[2.356s] Level 1:colcon.colcon_core.package_identification:_identify(sb3_logs/PPO_turtlebot3_rl_16) by extensions ['ignore', 'ignore_ament_install']
[2.356s] Level 1:colcon.colcon_core.package_identification:_identify(sb3_logs/PPO_turtlebot3_rl_16) by extension 'ignore'
[2.356s] Level 1:colcon.colcon_core.package_identification:_identify(sb3_logs/PPO_turtlebot3_rl_16) by extension 'ignore_ament_install'
[2.356s] Level 1:colcon.colcon_core.package_identification:_identify(sb3_logs/PPO_turtlebot3_rl_16) by extensions ['colcon_pkg']
[2.356s] Level 1:colcon.colcon_core.package_identification:_identify(sb3_logs/PPO_turtlebot3_rl_16) by extension 'colcon_pkg'
[2.356s] Level 1:colcon.colcon_core.package_identification:_identify(sb3_logs/PPO_turtlebot3_rl_16) by extensions ['colcon_meta']
[2.356s] Level 1:colcon.colcon_core.package_identification:_identify(sb3_logs/PPO_turtlebot3_rl_16) by extension 'colcon_meta'
[2.356s] Level 1:colcon.colcon_core.package_identification:_identify(sb3_logs/PPO_turtlebot3_rl_16) by extensions ['ros']
[2.356s] Level 1:colcon.colcon_core.package_identification:_identify(sb3_logs/PPO_turtlebot3_rl_16) by extension 'ros'
[2.357s] Level 1:colcon.colcon_core.package_identification:_identify(sb3_logs/PPO_turtlebot3_rl_16) by extensions ['cmake', 'python']
[2.357s] Level 1:colcon.colcon_core.package_identification:_identify(sb3_logs/PPO_turtlebot3_rl_16) by extension 'cmake'
[2.357s] Level 1:colcon.colcon_core.package_identification:_identify(sb3_logs/PPO_turtlebot3_rl_16) by extension 'python'
[2.357s] Level 1:colcon.colcon_core.package_identification:_identify(sb3_logs/PPO_turtlebot3_rl_16) by extensions ['python_setup_py']
[2.357s] Level 1:colcon.colcon_core.package_identification:_identify(sb3_logs/PPO_turtlebot3_rl_16) by extension 'python_setup_py'
[2.357s] Level 1:colcon.colcon_core.package_identification:_identify(sb3_logs/PPO_turtlebot3_rl_17) by extensions ['ignore', 'ignore_ament_install']
[2.357s] Level 1:colcon.colcon_core.package_identification:_identify(sb3_logs/PPO_turtlebot3_rl_17) by extension 'ignore'
[2.357s] Level 1:colcon.colcon_core.package_identification:_identify(sb3_logs/PPO_turtlebot3_rl_17) by extension 'ignore_ament_install'
[2.357s] Level 1:colcon.colcon_core.package_identification:_identify(sb3_logs/PPO_turtlebot3_rl_17) by extensions ['colcon_pkg']
[2.357s] Level 1:colcon.colcon_core.package_identification:_identify(sb3_logs/PPO_turtlebot3_rl_17) by extension 'colcon_pkg'
[2.358s] Level 1:colcon.colcon_core.package_identification:_identify(sb3_logs/PPO_turtlebot3_rl_17) by extensions ['colcon_meta']
[2.358s] Level 1:colcon.colcon_core.package_identification:_identify(sb3_logs/PPO_turtlebot3_rl_17) by extension 'colcon_meta'
[2.358s] Level 1:colcon.colcon_core.package_identification:_identify(sb3_logs/PPO_turtlebot3_rl_17) by extensions ['ros']
[2.358s] Level 1:colcon.colcon_core.package_identification:_identify(sb3_logs/PPO_turtlebot3_rl_17) by extension 'ros'
[2.358s] Level 1:colcon.colcon_core.package_identification:_identify(sb3_logs/PPO_turtlebot3_rl_17) by extensions ['cmake', 'python']
[2.358s] Level 1:colcon.colcon_core.package_identification:_identify(sb3_logs/PPO_turtlebot3_rl_17) by extension 'cmake'
[2.358s] Level 1:colcon.colcon_core.package_identification:_identify(sb3_logs/PPO_turtlebot3_rl_17) by extension 'python'
[2.358s] Level 1:colcon.colcon_core.package_identification:_identify(sb3_logs/PPO_turtlebot3_rl_17) by extensions ['python_setup_py']
[2.358s] Level 1:colcon.colcon_core.package_identification:_identify(sb3_logs/PPO_turtlebot3_rl_17) by extension 'python_setup_py'
[2.358s] Level 1:colcon.colcon_core.package_identification:_identify(sb3_logs/PPO_turtlebot3_rl_2) by extensions ['ignore', 'ignore_ament_install']
[2.358s] Level 1:colcon.colcon_core.package_identification:_identify(sb3_logs/PPO_turtlebot3_rl_2) by extension 'ignore'
[2.358s] Level 1:colcon.colcon_core.package_identification:_identify(sb3_logs/PPO_turtlebot3_rl_2) by extension 'ignore_ament_install'
[2.358s] Level 1:colcon.colcon_core.package_identification:_identify(sb3_logs/PPO_turtlebot3_rl_2) by extensions ['colcon_pkg']
[2.359s] Level 1:colcon.colcon_core.package_identification:_identify(sb3_logs/PPO_turtlebot3_rl_2) by extension 'colcon_pkg'
[2.359s] Level 1:colcon.colcon_core.package_identification:_identify(sb3_logs/PPO_turtlebot3_rl_2) by extensions ['colcon_meta']
[2.359s] Level 1:colcon.colcon_core.package_identification:_identify(sb3_logs/PPO_turtlebot3_rl_2) by extension 'colcon_meta'
[2.359s] Level 1:colcon.colcon_core.package_identification:_identify(sb3_logs/PPO_turtlebot3_rl_2) by extensions ['ros']
[2.359s] Level 1:colcon.colcon_core.package_identification:_identify(sb3_logs/PPO_turtlebot3_rl_2) by extension 'ros'
[2.359s] Level 1:colcon.colcon_core.package_identification:_identify(sb3_logs/PPO_turtlebot3_rl_2) by extensions ['cmake', 'python']
[2.359s] Level 1:colcon.colcon_core.package_identification:_identify(sb3_logs/PPO_turtlebot3_rl_2) by extension 'cmake'
[2.359s] Level 1:colcon.colcon_core.package_identification:_identify(sb3_logs/PPO_turtlebot3_rl_2) by extension 'python'
[2.359s] Level 1:colcon.colcon_core.package_identification:_identify(sb3_logs/PPO_turtlebot3_rl_2) by extensions ['python_setup_py']
[2.359s] Level 1:colcon.colcon_core.package_identification:_identify(sb3_logs/PPO_turtlebot3_rl_2) by extension 'python_setup_py'
[2.359s] Level 1:colcon.colcon_core.package_identification:_identify(sb3_logs/PPO_turtlebot3_rl_3) by extensions ['ignore', 'ignore_ament_install']
[2.359s] Level 1:colcon.colcon_core.package_identification:_identify(sb3_logs/PPO_turtlebot3_rl_3) by extension 'ignore'
[2.359s] Level 1:colcon.colcon_core.package_identification:_identify(sb3_logs/PPO_turtlebot3_rl_3) by extension 'ignore_ament_install'
[2.359s] Level 1:colcon.colcon_core.package_identification:_identify(sb3_logs/PPO_turtlebot3_rl_3) by extensions ['colcon_pkg']
[2.359s] Level 1:colcon.colcon_core.package_identification:_identify(sb3_logs/PPO_turtlebot3_rl_3) by extension 'colcon_pkg'
[2.360s] Level 1:colcon.colcon_core.package_identification:_identify(sb3_logs/PPO_turtlebot3_rl_3) by extensions ['colcon_meta']
[2.360s] Level 1:colcon.colcon_core.package_identification:_identify(sb3_logs/PPO_turtlebot3_rl_3) by extension 'colcon_meta'
[2.360s] Level 1:colcon.colcon_core.package_identification:_identify(sb3_logs/PPO_turtlebot3_rl_3) by extensions ['ros']
[2.360s] Level 1:colcon.colcon_core.package_identification:_identify(sb3_logs/PPO_turtlebot3_rl_3) by extension 'ros'
[2.360s] Level 1:colcon.colcon_core.package_identification:_identify(sb3_logs/PPO_turtlebot3_rl_3) by extensions ['cmake', 'python']
[2.360s] Level 1:colcon.colcon_core.package_identification:_identify(sb3_logs/PPO_turtlebot3_rl_3) by extension 'cmake'
[2.360s] Level 1:colcon.colcon_core.package_identification:_identify(sb3_logs/PPO_turtlebot3_rl_3) by extension 'python'
[2.360s] Level 1:colcon.colcon_core.package_identification:_identify(sb3_logs/PPO_turtlebot3_rl_3) by extensions ['python_setup_py']
[2.360s] Level 1:colcon.colcon_core.package_identification:_identify(sb3_logs/PPO_turtlebot3_rl_3) by extension 'python_setup_py'
[2.360s] Level 1:colcon.colcon_core.package_identification:_identify(sb3_logs/PPO_turtlebot3_rl_4) by extensions ['ignore', 'ignore_ament_install']
[2.361s] Level 1:colcon.colcon_core.package_identification:_identify(sb3_logs/PPO_turtlebot3_rl_4) by extension 'ignore'
[2.361s] Level 1:colcon.colcon_core.package_identification:_identify(sb3_logs/PPO_turtlebot3_rl_4) by extension 'ignore_ament_install'
[2.361s] Level 1:colcon.colcon_core.package_identification:_identify(sb3_logs/PPO_turtlebot3_rl_4) by extensions ['colcon_pkg']
[2.361s] Level 1:colcon.colcon_core.package_identification:_identify(sb3_logs/PPO_turtlebot3_rl_4) by extension 'colcon_pkg'
[2.361s] Level 1:colcon.colcon_core.package_identification:_identify(sb3_logs/PPO_turtlebot3_rl_4) by extensions ['colcon_meta']
[2.361s] Level 1:colcon.colcon_core.package_identification:_identify(sb3_logs/PPO_turtlebot3_rl_4) by extension 'colcon_meta'
[2.361s] Level 1:colcon.colcon_core.package_identification:_identify(sb3_logs/PPO_turtlebot3_rl_4) by extensions ['ros']
[2.361s] Level 1:colcon.colcon_core.package_identification:_identify(sb3_logs/PPO_turtlebot3_rl_4) by extension 'ros'
[2.361s] Level 1:colcon.colcon_core.package_identification:_identify(sb3_logs/PPO_turtlebot3_rl_4) by extensions ['cmake', 'python']
[2.361s] Level 1:colcon.colcon_core.package_identification:_identify(sb3_logs/PPO_turtlebot3_rl_4) by extension 'cmake'
[2.361s] Level 1:colcon.colcon_core.package_identification:_identify(sb3_logs/PPO_turtlebot3_rl_4) by extension 'python'
[2.361s] Level 1:colcon.colcon_core.package_identification:_identify(sb3_logs/PPO_turtlebot3_rl_4) by extensions ['python_setup_py']
[2.361s] Level 1:colcon.colcon_core.package_identification:_identify(sb3_logs/PPO_turtlebot3_rl_4) by extension 'python_setup_py'
[2.362s] Level 1:colcon.colcon_core.package_identification:_identify(sb3_logs/PPO_turtlebot3_rl_5) by extensions ['ignore', 'ignore_ament_install']
[2.362s] Level 1:colcon.colcon_core.package_identification:_identify(sb3_logs/PPO_turtlebot3_rl_5) by extension 'ignore'
[2.362s] Level 1:colcon.colcon_core.package_identification:_identify(sb3_logs/PPO_turtlebot3_rl_5) by extension 'ignore_ament_install'
[2.362s] Level 1:colcon.colcon_core.package_identification:_identify(sb3_logs/PPO_turtlebot3_rl_5) by extensions ['colcon_pkg']
[2.362s] Level 1:colcon.colcon_core.package_identification:_identify(sb3_logs/PPO_turtlebot3_rl_5) by extension 'colcon_pkg'
[2.362s] Level 1:colcon.colcon_core.package_identification:_identify(sb3_logs/PPO_turtlebot3_rl_5) by extensions ['colcon_meta']
[2.362s] Level 1:colcon.colcon_core.package_identification:_identify(sb3_logs/PPO_turtlebot3_rl_5) by extension 'colcon_meta'
[2.362s] Level 1:colcon.colcon_core.package_identification:_identify(sb3_logs/PPO_turtlebot3_rl_5) by extensions ['ros']
[2.362s] Level 1:colcon.colcon_core.package_identification:_identify(sb3_logs/PPO_turtlebot3_rl_5) by extension 'ros'
[2.362s] Level 1:colcon.colcon_core.package_identification:_identify(sb3_logs/PPO_turtlebot3_rl_5) by extensions ['cmake', 'python']
[2.362s] Level 1:colcon.colcon_core.package_identification:_identify(sb3_logs/PPO_turtlebot3_rl_5) by extension 'cmake'
[2.362s] Level 1:colcon.colcon_core.package_identification:_identify(sb3_logs/PPO_turtlebot3_rl_5) by extension 'python'
[2.362s] Level 1:colcon.colcon_core.package_identification:_identify(sb3_logs/PPO_turtlebot3_rl_5) by extensions ['python_setup_py']
[2.363s] Level 1:colcon.colcon_core.package_identification:_identify(sb3_logs/PPO_turtlebot3_rl_5) by extension 'python_setup_py'
[2.363s] Level 1:colcon.colcon_core.package_identification:_identify(sb3_logs/PPO_turtlebot3_rl_6) by extensions ['ignore', 'ignore_ament_install']
[2.363s] Level 1:colcon.colcon_core.package_identification:_identify(sb3_logs/PPO_turtlebot3_rl_6) by extension 'ignore'
[2.363s] Level 1:colcon.colcon_core.package_identification:_identify(sb3_logs/PPO_turtlebot3_rl_6) by extension 'ignore_ament_install'
[2.363s] Level 1:colcon.colcon_core.package_identification:_identify(sb3_logs/PPO_turtlebot3_rl_6) by extensions ['colcon_pkg']
[2.363s] Level 1:colcon.colcon_core.package_identification:_identify(sb3_logs/PPO_turtlebot3_rl_6) by extension 'colcon_pkg'
[2.363s] Level 1:colcon.colcon_core.package_identification:_identify(sb3_logs/PPO_turtlebot3_rl_6) by extensions ['colcon_meta']
[2.363s] Level 1:colcon.colcon_core.package_identification:_identify(sb3_logs/PPO_turtlebot3_rl_6) by extension 'colcon_meta'
[2.363s] Level 1:colcon.colcon_core.package_identification:_identify(sb3_logs/PPO_turtlebot3_rl_6) by extensions ['ros']
[2.363s] Level 1:colcon.colcon_core.package_identification:_identify(sb3_logs/PPO_turtlebot3_rl_6) by extension 'ros'
[2.363s] Level 1:colcon.colcon_core.package_identification:_identify(sb3_logs/PPO_turtlebot3_rl_6) by extensions ['cmake', 'python']
[2.363s] Level 1:colcon.colcon_core.package_identification:_identify(sb3_logs/PPO_turtlebot3_rl_6) by extension 'cmake'
[2.363s] Level 1:colcon.colcon_core.package_identification:_identify(sb3_logs/PPO_turtlebot3_rl_6) by extension 'python'
[2.363s] Level 1:colcon.colcon_core.package_identification:_identify(sb3_logs/PPO_turtlebot3_rl_6) by extensions ['python_setup_py']
[2.363s] Level 1:colcon.colcon_core.package_identification:_identify(sb3_logs/PPO_turtlebot3_rl_6) by extension 'python_setup_py'
[2.364s] Level 1:colcon.colcon_core.package_identification:_identify(sb3_logs/PPO_turtlebot3_rl_7) by extensions ['ignore', 'ignore_ament_install']
[2.364s] Level 1:colcon.colcon_core.package_identification:_identify(sb3_logs/PPO_turtlebot3_rl_7) by extension 'ignore'
[2.364s] Level 1:colcon.colcon_core.package_identification:_identify(sb3_logs/PPO_turtlebot3_rl_7) by extension 'ignore_ament_install'
[2.364s] Level 1:colcon.colcon_core.package_identification:_identify(sb3_logs/PPO_turtlebot3_rl_7) by extensions ['colcon_pkg']
[2.364s] Level 1:colcon.colcon_core.package_identification:_identify(sb3_logs/PPO_turtlebot3_rl_7) by extension 'colcon_pkg'
[2.364s] Level 1:colcon.colcon_core.package_identification:_identify(sb3_logs/PPO_turtlebot3_rl_7) by extensions ['colcon_meta']
[2.364s] Level 1:colcon.colcon_core.package_identification:_identify(sb3_logs/PPO_turtlebot3_rl_7) by extension 'colcon_meta'
[2.364s] Level 1:colcon.colcon_core.package_identification:_identify(sb3_logs/PPO_turtlebot3_rl_7) by extensions ['ros']
[2.364s] Level 1:colcon.colcon_core.package_identification:_identify(sb3_logs/PPO_turtlebot3_rl_7) by extension 'ros'
[2.364s] Level 1:colcon.colcon_core.package_identification:_identify(sb3_logs/PPO_turtlebot3_rl_7) by extensions ['cmake', 'python']
[2.364s] Level 1:colcon.colcon_core.package_identification:_identify(sb3_logs/PPO_turtlebot3_rl_7) by extension 'cmake'
[2.364s] Level 1:colcon.colcon_core.package_identification:_identify(sb3_logs/PPO_turtlebot3_rl_7) by extension 'python'
[2.364s] Level 1:colcon.colcon_core.package_identification:_identify(sb3_logs/PPO_turtlebot3_rl_7) by extensions ['python_setup_py']
[2.364s] Level 1:colcon.colcon_core.package_identification:_identify(sb3_logs/PPO_turtlebot3_rl_7) by extension 'python_setup_py'
[2.364s] Level 1:colcon.colcon_core.package_identification:_identify(sb3_logs/PPO_turtlebot3_rl_8) by extensions ['ignore', 'ignore_ament_install']
[2.364s] Level 1:colcon.colcon_core.package_identification:_identify(sb3_logs/PPO_turtlebot3_rl_8) by extension 'ignore'
[2.365s] Level 1:colcon.colcon_core.package_identification:_identify(sb3_logs/PPO_turtlebot3_rl_8) by extension 'ignore_ament_install'
[2.365s] Level 1:colcon.colcon_core.package_identification:_identify(sb3_logs/PPO_turtlebot3_rl_8) by extensions ['colcon_pkg']
[2.365s] Level 1:colcon.colcon_core.package_identification:_identify(sb3_logs/PPO_turtlebot3_rl_8) by extension 'colcon_pkg'
[2.365s] Level 1:colcon.colcon_core.package_identification:_identify(sb3_logs/PPO_turtlebot3_rl_8) by extensions ['colcon_meta']
[2.365s] Level 1:colcon.colcon_core.package_identification:_identify(sb3_logs/PPO_turtlebot3_rl_8) by extension 'colcon_meta'
[2.365s] Level 1:colcon.colcon_core.package_identification:_identify(sb3_logs/PPO_turtlebot3_rl_8) by extensions ['ros']
[2.365s] Level 1:colcon.colcon_core.package_identification:_identify(sb3_logs/PPO_turtlebot3_rl_8) by extension 'ros'
[2.365s] Level 1:colcon.colcon_core.package_identification:_identify(sb3_logs/PPO_turtlebot3_rl_8) by extensions ['cmake', 'python']
[2.365s] Level 1:colcon.colcon_core.package_identification:_identify(sb3_logs/PPO_turtlebot3_rl_8) by extension 'cmake'
[2.365s] Level 1:colcon.colcon_core.package_identification:_identify(sb3_logs/PPO_turtlebot3_rl_8) by extension 'python'
[2.365s] Level 1:colcon.colcon_core.package_identification:_identify(sb3_logs/PPO_turtlebot3_rl_8) by extensions ['python_setup_py']
[2.365s] Level 1:colcon.colcon_core.package_identification:_identify(sb3_logs/PPO_turtlebot3_rl_8) by extension 'python_setup_py'
[2.366s] Level 1:colcon.colcon_core.package_identification:_identify(sb3_logs/PPO_turtlebot3_rl_9) by extensions ['ignore', 'ignore_ament_install']
[2.366s] Level 1:colcon.colcon_core.package_identification:_identify(sb3_logs/PPO_turtlebot3_rl_9) by extension 'ignore'
[2.366s] Level 1:colcon.colcon_core.package_identification:_identify(sb3_logs/PPO_turtlebot3_rl_9) by extension 'ignore_ament_install'
[2.366s] Level 1:colcon.colcon_core.package_identification:_identify(sb3_logs/PPO_turtlebot3_rl_9) by extensions ['colcon_pkg']
[2.366s] Level 1:colcon.colcon_core.package_identification:_identify(sb3_logs/PPO_turtlebot3_rl_9) by extension 'colcon_pkg'
[2.366s] Level 1:colcon.colcon_core.package_identification:_identify(sb3_logs/PPO_turtlebot3_rl_9) by extensions ['colcon_meta']
[2.366s] Level 1:colcon.colcon_core.package_identification:_identify(sb3_logs/PPO_turtlebot3_rl_9) by extension 'colcon_meta'
[2.366s] Level 1:colcon.colcon_core.package_identification:_identify(sb3_logs/PPO_turtlebot3_rl_9) by extensions ['ros']
[2.366s] Level 1:colcon.colcon_core.package_identification:_identify(sb3_logs/PPO_turtlebot3_rl_9) by extension 'ros'
[2.366s] Level 1:colcon.colcon_core.package_identification:_identify(sb3_logs/PPO_turtlebot3_rl_9) by extensions ['cmake', 'python']
[2.366s] Level 1:colcon.colcon_core.package_identification:_identify(sb3_logs/PPO_turtlebot3_rl_9) by extension 'cmake'
[2.366s] Level 1:colcon.colcon_core.package_identification:_identify(sb3_logs/PPO_turtlebot3_rl_9) by extension 'python'
[2.366s] Level 1:colcon.colcon_core.package_identification:_identify(sb3_logs/PPO_turtlebot3_rl_9) by extensions ['python_setup_py']
[2.367s] Level 1:colcon.colcon_core.package_identification:_identify(sb3_logs/PPO_turtlebot3_rl_9) by extension 'python_setup_py'
[2.367s] Level 1:colcon.colcon_core.package_identification:_identify(sb3_logs/SAC_turtlebot3_rl_1) by extensions ['ignore', 'ignore_ament_install']
[2.367s] Level 1:colcon.colcon_core.package_identification:_identify(sb3_logs/SAC_turtlebot3_rl_1) by extension 'ignore'
[2.367s] Level 1:colcon.colcon_core.package_identification:_identify(sb3_logs/SAC_turtlebot3_rl_1) by extension 'ignore_ament_install'
[2.367s] Level 1:colcon.colcon_core.package_identification:_identify(sb3_logs/SAC_turtlebot3_rl_1) by extensions ['colcon_pkg']
[2.367s] Level 1:colcon.colcon_core.package_identification:_identify(sb3_logs/SAC_turtlebot3_rl_1) by extension 'colcon_pkg'
[2.367s] Level 1:colcon.colcon_core.package_identification:_identify(sb3_logs/SAC_turtlebot3_rl_1) by extensions ['colcon_meta']
[2.367s] Level 1:colcon.colcon_core.package_identification:_identify(sb3_logs/SAC_turtlebot3_rl_1) by extension 'colcon_meta'
[2.367s] Level 1:colcon.colcon_core.package_identification:_identify(sb3_logs/SAC_turtlebot3_rl_1) by extensions ['ros']
[2.367s] Level 1:colcon.colcon_core.package_identification:_identify(sb3_logs/SAC_turtlebot3_rl_1) by extension 'ros'
[2.367s] Level 1:colcon.colcon_core.package_identification:_identify(sb3_logs/SAC_turtlebot3_rl_1) by extensions ['cmake', 'python']
[2.367s] Level 1:colcon.colcon_core.package_identification:_identify(sb3_logs/SAC_turtlebot3_rl_1) by extension 'cmake'
[2.367s] Level 1:colcon.colcon_core.package_identification:_identify(sb3_logs/SAC_turtlebot3_rl_1) by extension 'python'
[2.367s] Level 1:colcon.colcon_core.package_identification:_identify(sb3_logs/SAC_turtlebot3_rl_1) by extensions ['python_setup_py']
[2.367s] Level 1:colcon.colcon_core.package_identification:_identify(sb3_logs/SAC_turtlebot3_rl_1) by extension 'python_setup_py'
[2.368s] Level 1:colcon.colcon_core.package_identification:_identify(sb3_logs/SAC_turtlebot3_rl_2) by extensions ['ignore', 'ignore_ament_install']
[2.368s] Level 1:colcon.colcon_core.package_identification:_identify(sb3_logs/SAC_turtlebot3_rl_2) by extension 'ignore'
[2.368s] Level 1:colcon.colcon_core.package_identification:_identify(sb3_logs/SAC_turtlebot3_rl_2) by extension 'ignore_ament_install'
[2.368s] Level 1:colcon.colcon_core.package_identification:_identify(sb3_logs/SAC_turtlebot3_rl_2) by extensions ['colcon_pkg']
[2.368s] Level 1:colcon.colcon_core.package_identification:_identify(sb3_logs/SAC_turtlebot3_rl_2) by extension 'colcon_pkg'
[2.368s] Level 1:colcon.colcon_core.package_identification:_identify(sb3_logs/SAC_turtlebot3_rl_2) by extensions ['colcon_meta']
[2.368s] Level 1:colcon.colcon_core.package_identification:_identify(sb3_logs/SAC_turtlebot3_rl_2) by extension 'colcon_meta'
[2.368s] Level 1:colcon.colcon_core.package_identification:_identify(sb3_logs/SAC_turtlebot3_rl_2) by extensions ['ros']
[2.368s] Level 1:colcon.colcon_core.package_identification:_identify(sb3_logs/SAC_turtlebot3_rl_2) by extension 'ros'
[2.368s] Level 1:colcon.colcon_core.package_identification:_identify(sb3_logs/SAC_turtlebot3_rl_2) by extensions ['cmake', 'python']
[2.368s] Level 1:colcon.colcon_core.package_identification:_identify(sb3_logs/SAC_turtlebot3_rl_2) by extension 'cmake'
[2.368s] Level 1:colcon.colcon_core.package_identification:_identify(sb3_logs/SAC_turtlebot3_rl_2) by extension 'python'
[2.368s] Level 1:colcon.colcon_core.package_identification:_identify(sb3_logs/SAC_turtlebot3_rl_2) by extensions ['python_setup_py']
[2.368s] Level 1:colcon.colcon_core.package_identification:_identify(sb3_logs/SAC_turtlebot3_rl_2) by extension 'python_setup_py'
[2.368s] Level 1:colcon.colcon_core.package_identification:_identify(sb3_logs/SAC_turtlebot3_rl_3) by extensions ['ignore', 'ignore_ament_install']
[2.368s] Level 1:colcon.colcon_core.package_identification:_identify(sb3_logs/SAC_turtlebot3_rl_3) by extension 'ignore'
[2.368s] Level 1:colcon.colcon_core.package_identification:_identify(sb3_logs/SAC_turtlebot3_rl_3) by extension 'ignore_ament_install'
[2.368s] Level 1:colcon.colcon_core.package_identification:_identify(sb3_logs/SAC_turtlebot3_rl_3) by extensions ['colcon_pkg']
[2.368s] Level 1:colcon.colcon_core.package_identification:_identify(sb3_logs/SAC_turtlebot3_rl_3) by extension 'colcon_pkg'
[2.369s] Level 1:colcon.colcon_core.package_identification:_identify(sb3_logs/SAC_turtlebot3_rl_3) by extensions ['colcon_meta']
[2.369s] Level 1:colcon.colcon_core.package_identification:_identify(sb3_logs/SAC_turtlebot3_rl_3) by extension 'colcon_meta'
[2.369s] Level 1:colcon.colcon_core.package_identification:_identify(sb3_logs/SAC_turtlebot3_rl_3) by extensions ['ros']
[2.369s] Level 1:colcon.colcon_core.package_identification:_identify(sb3_logs/SAC_turtlebot3_rl_3) by extension 'ros'
[2.369s] Level 1:colcon.colcon_core.package_identification:_identify(sb3_logs/SAC_turtlebot3_rl_3) by extensions ['cmake', 'python']
[2.369s] Level 1:colcon.colcon_core.package_identification:_identify(sb3_logs/SAC_turtlebot3_rl_3) by extension 'cmake'
[2.369s] Level 1:colcon.colcon_core.package_identification:_identify(sb3_logs/SAC_turtlebot3_rl_3) by extension 'python'
[2.369s] Level 1:colcon.colcon_core.package_identification:_identify(sb3_logs/SAC_turtlebot3_rl_3) by extensions ['python_setup_py']
[2.369s] Level 1:colcon.colcon_core.package_identification:_identify(sb3_logs/SAC_turtlebot3_rl_3) by extension 'python_setup_py'
[2.369s] Level 1:colcon.colcon_core.package_identification:_identify(sb3_logs/checkpoints) by extensions ['ignore', 'ignore_ament_install']
[2.369s] Level 1:colcon.colcon_core.package_identification:_identify(sb3_logs/checkpoints) by extension 'ignore'
[2.369s] Level 1:colcon.colcon_core.package_identification:_identify(sb3_logs/checkpoints) by extension 'ignore_ament_install'
[2.369s] Level 1:colcon.colcon_core.package_identification:_identify(sb3_logs/checkpoints) by extensions ['colcon_pkg']
[2.369s] Level 1:colcon.colcon_core.package_identification:_identify(sb3_logs/checkpoints) by extension 'colcon_pkg'
[2.369s] Level 1:colcon.colcon_core.package_identification:_identify(sb3_logs/checkpoints) by extensions ['colcon_meta']
[2.369s] Level 1:colcon.colcon_core.package_identification:_identify(sb3_logs/checkpoints) by extension 'colcon_meta'
[2.369s] Level 1:colcon.colcon_core.package_identification:_identify(sb3_logs/checkpoints) by extensions ['ros']
[2.369s] Level 1:colcon.colcon_core.package_identification:_identify(sb3_logs/checkpoints) by extension 'ros'
[2.370s] Level 1:colcon.colcon_core.package_identification:_identify(sb3_logs/checkpoints) by extensions ['cmake', 'python']
[2.370s] Level 1:colcon.colcon_core.package_identification:_identify(sb3_logs/checkpoints) by extension 'cmake'
[2.370s] Level 1:colcon.colcon_core.package_identification:_identify(sb3_logs/checkpoints) by extension 'python'
[2.370s] Level 1:colcon.colcon_core.package_identification:_identify(sb3_logs/checkpoints) by extensions ['python_setup_py']
[2.370s] Level 1:colcon.colcon_core.package_identification:_identify(sb3_logs/checkpoints) by extension 'python_setup_py'
[2.370s] Level 1:colcon.colcon_core.package_identification:_identify(src) by extensions ['ignore', 'ignore_ament_install']
[2.370s] Level 1:colcon.colcon_core.package_identification:_identify(src) by extension 'ignore'
[2.370s] Level 1:colcon.colcon_core.package_identification:_identify(src) by extension 'ignore_ament_install'
[2.370s] Level 1:colcon.colcon_core.package_identification:_identify(src) by extensions ['colcon_pkg']
[2.371s] Level 1:colcon.colcon_core.package_identification:_identify(src) by extension 'colcon_pkg'
[2.371s] Level 1:colcon.colcon_core.package_identification:_identify(src) by extensions ['colcon_meta']
[2.371s] Level 1:colcon.colcon_core.package_identification:_identify(src) by extension 'colcon_meta'
[2.371s] Level 1:colcon.colcon_core.package_identification:_identify(src) by extensions ['ros']
[2.371s] Level 1:colcon.colcon_core.package_identification:_identify(src) by extension 'ros'
[2.371s] Level 1:colcon.colcon_core.package_identification:_identify(src) by extensions ['cmake', 'python']
[2.371s] Level 1:colcon.colcon_core.package_identification:_identify(src) by extension 'cmake'
[2.372s] Level 1:colcon.colcon_core.package_identification:_identify(src) by extension 'python'
[2.372s] Level 1:colcon.colcon_core.package_identification:_identify(src) by extensions ['python_setup_py']
[2.372s] Level 1:colcon.colcon_core.package_identification:_identify(src) by extension 'python_setup_py'
[2.372s] Level 1:colcon.colcon_core.package_identification:_identify(src/test_pkg) by extensions ['ignore', 'ignore_ament_install']
[2.372s] Level 1:colcon.colcon_core.package_identification:_identify(src/test_pkg) by extension 'ignore'
[2.373s] Level 1:colcon.colcon_core.package_identification:_identify(src/test_pkg) by extension 'ignore_ament_install'
[2.373s] Level 1:colcon.colcon_core.package_identification:_identify(src/test_pkg) by extensions ['colcon_pkg']
[2.373s] Level 1:colcon.colcon_core.package_identification:_identify(src/test_pkg) by extension 'colcon_pkg'
[2.373s] Level 1:colcon.colcon_core.package_identification:_identify(src/test_pkg) by extensions ['colcon_meta']
[2.373s] Level 1:colcon.colcon_core.package_identification:_identify(src/test_pkg) by extension 'colcon_meta'
[2.373s] Level 1:colcon.colcon_core.package_identification:_identify(src/test_pkg) by extensions ['ros']
[2.373s] Level 1:colcon.colcon_core.package_identification:_identify(src/test_pkg) by extension 'ros'
[2.384s] DEBUG:colcon.colcon_core.package_identification:Package 'src/test_pkg' with type 'ros.ament_cmake' and name 'test_pkg'
[2.384s] Level 1:colcon.colcon_core.package_identification:_identify(src/turtlebot3_rl) by extensions ['ignore', 'ignore_ament_install']
[2.385s] Level 1:colcon.colcon_core.package_identification:_identify(src/turtlebot3_rl) by extension 'ignore'
[2.385s] Level 1:colcon.colcon_core.package_identification:_identify(src/turtlebot3_rl) by extension 'ignore_ament_install'
[2.385s] Level 1:colcon.colcon_core.package_identification:_identify(src/turtlebot3_rl) by extensions ['colcon_pkg']
[2.385s] Level 1:colcon.colcon_core.package_identification:_identify(src/turtlebot3_rl) by extension 'colcon_pkg'
[2.385s] Level 1:colcon.colcon_core.package_identification:_identify(src/turtlebot3_rl) by extensions ['colcon_meta']
[2.385s] Level 1:colcon.colcon_core.package_identification:_identify(src/turtlebot3_rl) by extension 'colcon_meta'
[2.385s] Level 1:colcon.colcon_core.package_identification:_identify(src/turtlebot3_rl) by extensions ['ros']
[2.385s] Level 1:colcon.colcon_core.package_identification:_identify(src/turtlebot3_rl) by extension 'ros'
[2.407s] DEBUG:colcon.colcon_core.package_identification:Package 'src/turtlebot3_rl' with type 'ros.ament_cmake' and name 'turtlebot3_rl'
[2.407s] Level 1:colcon.colcon_core.package_identification:_identify(src/turtlebot3_rl_env) by extensions ['ignore', 'ignore_ament_install']
[2.407s] Level 1:colcon.colcon_core.package_identification:_identify(src/turtlebot3_rl_env) by extension 'ignore'
[2.408s] Level 1:colcon.colcon_core.package_identification:_identify(src/turtlebot3_rl_env) by extension 'ignore_ament_install'
[2.408s] Level 1:colcon.colcon_core.package_identification:_identify(src/turtlebot3_rl_env) by extensions ['colcon_pkg']
[2.408s] Level 1:colcon.colcon_core.package_identification:_identify(src/turtlebot3_rl_env) by extension 'colcon_pkg'
[2.408s] Level 1:colcon.colcon_core.package_identification:_identify(src/turtlebot3_rl_env) by extensions ['colcon_meta']
[2.408s] Level 1:colcon.colcon_core.package_identification:_identify(src/turtlebot3_rl_env) by extension 'colcon_meta'
[2.408s] Level 1:colcon.colcon_core.package_identification:_identify(src/turtlebot3_rl_env) by extensions ['ros']
[2.408s] Level 1:colcon.colcon_core.package_identification:_identify(src/turtlebot3_rl_env) by extension 'ros'
[2.410s] DEBUG:colcon.colcon_core.package_identification:Package 'src/turtlebot3_rl_env' with type 'ros.ament_python' and name 'turtlebot3_rl_env'
[2.410s] Level 1:colcon.colcon_core.package_discovery:discover_packages(recursive) using defaults
[2.411s] Level 1:colcon.colcon_core.package_discovery:discover_packages(ignore) discover
[2.411s] Level 1:colcon.colcon_core.package_discovery:discover_packages(ignore) using defaults
[2.411s] Level 1:colcon.colcon_core.package_discovery:discover_packages(path) discover
[2.411s] Level 1:colcon.colcon_core.package_discovery:discover_packages(path) using defaults
[2.477s] INFO:colcon.colcon_core.package_selection:Skipping not selected package 'test_pkg' in 'src/test_pkg'
[2.477s] INFO:colcon.colcon_core.package_selection:Skipping not selected package 'turtlebot3_rl' in 'src/turtlebot3_rl'
[2.479s] Level 1:colcon.colcon_core.package_discovery:discover_packages(prefix_path) check parameters
[2.479s] Level 1:colcon.colcon_core.package_discovery:discover_packages(prefix_path) discover
[2.488s] DEBUG:colcon.colcon_installed_package_information.package_discovery:Found 2 installed packages in /home/jala/ros2_ws/install
[2.500s] DEBUG:colcon.colcon_installed_package_information.package_discovery:Found 419 installed packages in /opt/ros/humble
[2.509s] Level 1:colcon.colcon_core.package_discovery:discover_packages(prefix_path) using defaults
[2.835s] Level 5:colcon.colcon_core.verb:set package 'turtlebot3_rl_env' build argument 'cmake_args' from command line to 'None'
[2.835s] Level 5:colcon.colcon_core.verb:set package 'turtlebot3_rl_env' build argument 'cmake_target' from command line to 'None'
[2.835s] Level 5:colcon.colcon_core.verb:set package 'turtlebot3_rl_env' build argument 'cmake_target_skip_unavailable' from command line to 'False'
[2.835s] Level 5:colcon.colcon_core.verb:set package 'turtlebot3_rl_env' build argument 'cmake_clean_cache' from command line to 'False'
[2.835s] Level 5:colcon.colcon_core.verb:set package 'turtlebot3_rl_env' build argument 'cmake_clean_first' from command line to 'False'
[2.835s] Level 5:colcon.colcon_core.verb:set package 'turtlebot3_rl_env' build argument 'cmake_force_configure' from command line to 'False'
[2.835s] Level 5:colcon.colcon_core.verb:set package 'turtlebot3_rl_env' build argument 'ament_cmake_args' from command line to 'None'
[2.835s] Level 5:colcon.colcon_core.verb:set package 'turtlebot3_rl_env' build argument 'catkin_cmake_args' from command line to 'None'
[2.835s] Level 5:colcon.colcon_core.verb:set package 'turtlebot3_rl_env' build argument 'catkin_skip_building_tests' from command line to 'False'
[2.835s] DEBUG:colcon.colcon_core.verb:Building package 'turtlebot3_rl_env' with the following arguments: {'ament_cmake_args': None, 'build_base': '/home/jala/ros2_ws/build/turtlebot3_rl_env', 'catkin_cmake_args': None, 'catkin_skip_building_tests': False, 'cmake_args': None, 'cmake_clean_cache': False, 'cmake_clean_first': False, 'cmake_force_configure': False, 'cmake_target': None, 'cmake_target_skip_unavailable': False, 'install_base': '/home/jala/ros2_ws/install/turtlebot3_rl_env', 'merge_install': False, 'path': '/home/jala/ros2_ws/src/turtlebot3_rl_env', 'symlink_install': True, 'test_result_base': None}
[2.836s] INFO:colcon.colcon_core.executor:Executing jobs using 'parallel' executor
[2.837s] DEBUG:colcon.colcon_parallel_executor.executor.parallel:run_until_complete
[2.839s] INFO:colcon.colcon_ros.task.ament_python.build:Building ROS package in '/home/jala/ros2_ws/src/turtlebot3_rl_env' with build type 'ament_python'
[2.841s] Level 1:colcon.colcon_core.shell:create_environment_hook('turtlebot3_rl_env', 'ament_prefix_path')
[2.853s] INFO:colcon.colcon_core.plugin_system:Skipping extension 'colcon_core.shell.bat': Not used on non-Windows systems
[2.853s] INFO:colcon.colcon_core.shell:Creating environment hook '/home/jala/ros2_ws/install/turtlebot3_rl_env/share/turtlebot3_rl_env/hook/ament_prefix_path.ps1'
[2.857s] INFO:colcon.colcon_core.shell:Creating environment descriptor '/home/jala/ros2_ws/install/turtlebot3_rl_env/share/turtlebot3_rl_env/hook/ament_prefix_path.dsv'
[2.858s] INFO:colcon.colcon_core.shell:Creating environment hook '/home/jala/ros2_ws/install/turtlebot3_rl_env/share/turtlebot3_rl_env/hook/ament_prefix_path.sh'
[2.861s] INFO:colcon.colcon_core.shell:Skip shell extension 'powershell' for command environment: Not usable outside of PowerShell
[2.861s] DEBUG:colcon.colcon_core.shell:Skip shell extension 'dsv' for command environment
[3.448s] INFO:colcon.colcon_core.task.python.build:Building Python package in '/home/jala/ros2_ws/src/turtlebot3_rl_env'
[3.448s] INFO:colcon.colcon_core.shell:Skip shell extension 'powershell' for command environment: Not usable outside of PowerShell
[3.449s] DEBUG:colcon.colcon_core.shell:Skip shell extension 'dsv' for command environment
[4.529s] DEBUG:colcon.colcon_core.event_handler.log_command:Invoking command in '/home/jala/ros2_ws/build/turtlebot3_rl_env': PYTHONPATH=/home/jala/ros2_ws/build/turtlebot3_rl_env/prefix_override:/usr/lib/python3/dist-packages/colcon_core/task/python/colcon_distutils_commands:/home/jala/ros2_ws/install/turtlebot3_rl_env/lib/python3.10/site-packages:${PYTHONPATH} /usr/bin/python3 -W ignore:setup.py install is deprecated -W ignore:easy_install command is deprecated setup.py develop --editable --build-directory /home/jala/ros2_ws/build/turtlebot3_rl_env/build --no-deps symlink_data
[5.554s] Level 1:colcon.colcon_core.shell:create_environment_hook('turtlebot3_rl_env', 'pythonpath_develop')
[5.555s] INFO:colcon.colcon_core.shell:Creating environment hook '/home/jala/ros2_ws/build/turtlebot3_rl_env/share/turtlebot3_rl_env/hook/pythonpath_develop.ps1'
[5.556s] DEBUG:colcon.colcon_core.event_handler.log_command:Invoked command in '/home/jala/ros2_ws/build/turtlebot3_rl_env' returned '0': PYTHONPATH=/home/jala/ros2_ws/build/turtlebot3_rl_env/prefix_override:/usr/lib/python3/dist-packages/colcon_core/task/python/colcon_distutils_commands:/home/jala/ros2_ws/install/turtlebot3_rl_env/lib/python3.10/site-packages:${PYTHONPATH} /usr/bin/python3 -W ignore:setup.py install is deprecated -W ignore:easy_install command is deprecated setup.py develop --editable --build-directory /home/jala/ros2_ws/build/turtlebot3_rl_env/build --no-deps symlink_data
[5.556s] INFO:colcon.colcon_core.shell:Creating environment descriptor '/home/jala/ros2_ws/build/turtlebot3_rl_env/share/turtlebot3_rl_env/hook/pythonpath_develop.dsv'
[5.557s] INFO:colcon.colcon_core.shell:Creating environment hook '/home/jala/ros2_ws/build/turtlebot3_rl_env/share/turtlebot3_rl_env/hook/pythonpath_develop.sh'
[5.573s] Level 1:colcon.colcon_core.environment:checking '/home/jala/ros2_ws/install/turtlebot3_rl_env' for CMake module files
[5.573s] Level 1:colcon.colcon_core.environment:checking '/home/jala/ros2_ws/install/turtlebot3_rl_env' for CMake config files
[5.574s] Level 1:colcon.colcon_core.environment:checking '/home/jala/ros2_ws/install/turtlebot3_rl_env/lib'
[5.574s] Level 1:colcon.colcon_core.environment:checking '/home/jala/ros2_ws/install/turtlebot3_rl_env/bin'
[5.574s] Level 1:colcon.colcon_core.environment:checking '/home/jala/ros2_ws/install/turtlebot3_rl_env/lib/pkgconfig/turtlebot3_rl_env.pc'
[5.575s] Level 1:colcon.colcon_core.environment:checking '/home/jala/ros2_ws/install/turtlebot3_rl_env/lib/python3.10/site-packages'
[5.575s] Level 1:colcon.colcon_core.shell:create_environment_hook('turtlebot3_rl_env', 'pythonpath')
[5.575s] INFO:colcon.colcon_core.shell:Creating environment hook '/home/jala/ros2_ws/install/turtlebot3_rl_env/share/turtlebot3_rl_env/hook/pythonpath.ps1'
[5.576s] INFO:colcon.colcon_core.shell:Creating environment descriptor '/home/jala/ros2_ws/install/turtlebot3_rl_env/share/turtlebot3_rl_env/hook/pythonpath.dsv'
[5.577s] INFO:colcon.colcon_core.shell:Creating environment hook '/home/jala/ros2_ws/install/turtlebot3_rl_env/share/turtlebot3_rl_env/hook/pythonpath.sh'
[5.578s] Level 1:colcon.colcon_core.environment:checking '/home/jala/ros2_ws/install/turtlebot3_rl_env/bin'
[5.578s] Level 1:colcon.colcon_core.environment:create_environment_scripts_only(turtlebot3_rl_env)
[5.579s] INFO:colcon.colcon_core.shell:Creating package script '/home/jala/ros2_ws/install/turtlebot3_rl_env/share/turtlebot3_rl_env/package.ps1'
[5.581s] INFO:colcon.colcon_core.shell:Creating package descriptor '/home/jala/ros2_ws/install/turtlebot3_rl_env/share/turtlebot3_rl_env/package.dsv'
[5.582s] INFO:colcon.colcon_core.shell:Creating package script '/home/jala/ros2_ws/install/turtlebot3_rl_env/share/turtlebot3_rl_env/package.sh'
[5.584s] INFO:colcon.colcon_core.shell:Creating package script '/home/jala/ros2_ws/install/turtlebot3_rl_env/share/turtlebot3_rl_env/package.bash'
[5.587s] INFO:colcon.colcon_core.shell:Creating package script '/home/jala/ros2_ws/install/turtlebot3_rl_env/share/turtlebot3_rl_env/package.zsh'
[5.589s] Level 1:colcon.colcon_core.environment:create_file_with_runtime_dependencies(/home/jala/ros2_ws/install/turtlebot3_rl_env/share/colcon-core/packages/turtlebot3_rl_env)
[5.590s] DEBUG:colcon.colcon_parallel_executor.executor.parallel:closing loop
[5.591s] DEBUG:colcon.colcon_parallel_executor.executor.parallel:loop closed
[5.591s] DEBUG:colcon.colcon_parallel_executor.executor.parallel:run_until_complete finished with '0'
[5.591s] DEBUG:colcon.colcon_core.event_reactor:joining thread
[5.724s] INFO:colcon.colcon_core.plugin_system:Skipping extension 'colcon_notification.desktop_notification.notify_send': Could not find 'notify-send'
[5.724s] INFO:colcon.colcon_core.plugin_system:Skipping extension 'colcon_notification.desktop_notification.terminal_notifier': Not used on non-Darwin systems
[5.724s] INFO:colcon.colcon_core.plugin_system:Skipping extension 'colcon_notification.desktop_notification.win32': Not used on non-Windows systems
[5.724s] INFO:colcon.colcon_notification.desktop_notification:Sending desktop notification using 'notify2'
[5.792s] DEBUG:colcon.colcon_notification.desktop_notification.notify2:Failed to initialize notify2: org.freedesktop.DBus.Error.ServiceUnknown: The name org.freedesktop.Notifications was not provided by any .service files
[5.792s] DEBUG:colcon.colcon_core.event_reactor:joined thread
[5.793s] INFO:colcon.colcon_core.shell:Creating prefix script '/home/jala/ros2_ws/install/local_setup.ps1'
[5.795s] INFO:colcon.colcon_core.shell:Creating prefix util module '/home/jala/ros2_ws/install/_local_setup_util_ps1.py'
[5.800s] INFO:colcon.colcon_core.shell:Creating prefix chain script '/home/jala/ros2_ws/install/setup.ps1'
[5.801s] INFO:colcon.colcon_core.shell:Creating prefix script '/home/jala/ros2_ws/install/local_setup.sh'
[5.803s] INFO:colcon.colcon_core.shell:Creating prefix util module '/home/jala/ros2_ws/install/_local_setup_util_sh.py'
[5.805s] INFO:colcon.colcon_core.shell:Creating prefix chain script '/home/jala/ros2_ws/install/setup.sh'
[5.806s] INFO:colcon.colcon_core.shell:Creating prefix script '/home/jala/ros2_ws/install/local_setup.bash'
[5.807s] INFO:colcon.colcon_core.shell:Creating prefix chain script '/home/jala/ros2_ws/install/setup.bash'
[5.810s] INFO:colcon.colcon_core.shell:Creating prefix script '/home/jala/ros2_ws/install/local_setup.zsh'
[5.812s] INFO:colcon.colcon_core.shell:Creating prefix chain script '/home/jala/ros2_ws/install/setup.zsh'
