[0.040s] Invoking command in '/home/jala/ros2_ws/build/turtlebot3_rl': CMAKE_PREFIX_PATH=${CMAKE_PREFIX_PATH}:/home/jala/ros2_ws/install/turtlebot3_rl_env:/opt/ros/humble /usr/bin/cmake --build /home/jala/ros2_ws/build/turtlebot3_rl -- -j8 -l8
[0.412s] Invoked command in '/home/jala/ros2_ws/build/turtlebot3_rl' returned '0': CMAKE_PREFIX_PATH=${CMAKE_PREFIX_PATH}:/home/jala/ros2_ws/install/turtlebot3_rl_env:/opt/ros/humble /usr/bin/cmake --build /home/jala/ros2_ws/build/turtlebot3_rl -- -j8 -l8
[0.425s] Invoking command in '/home/jala/ros2_ws/build/turtlebot3_rl': CMAKE_PREFIX_PATH=${CMAKE_PREFIX_PATH}:/home/jala/ros2_ws/install/turtlebot3_rl_env:/opt/ros/humble /usr/bin/cmake --install /home/jala/ros2_ws/build/turtlebot3_rl
[0.435s] -- Install configuration: ""
[0.438s] -- Execute custom install script
[0.441s] -- Up-to-date symlink: /home/jala/ros2_ws/install/turtlebot3_rl/share/turtlebot3_rl//worlds/.warehouse_world.jpg
[0.441s] -- Up-to-date symlink: /home/jala/ros2_ws/install/turtlebot3_rl/share/turtlebot3_rl//worlds/.warehouse_world.wbproj
[0.442s] -- Up-to-date symlink: /home/jala/ros2_ws/install/turtlebot3_rl/share/turtlebot3_rl//worlds/.warehouse_world_backup.jpg
[0.442s] -- Up-to-date symlink: /home/jala/ros2_ws/install/turtlebot3_rl/share/turtlebot3_rl//worlds/.warehouse_world_backup.wbproj
[0.442s] -- Up-to-date symlink: /home/jala/ros2_ws/install/turtlebot3_rl/share/turtlebot3_rl//worlds/warehouse_world.wbt
[0.442s] -- Up-to-date symlink: /home/jala/ros2_ws/install/turtlebot3_rl/share/turtlebot3_rl//worlds/warehouse_world_backup.wbt
[0.442s] -- Up-to-date symlink: /home/jala/ros2_ws/install/turtlebot3_rl/share/ament_index/resource_index/package_run_dependencies/turtlebot3_rl
[0.443s] -- Up-to-date symlink: /home/jala/ros2_ws/install/turtlebot3_rl/share/ament_index/resource_index/parent_prefix_path/turtlebot3_rl
[0.443s] -- Up-to-date symlink: /home/jala/ros2_ws/install/turtlebot3_rl/share/turtlebot3_rl/environment/ament_prefix_path.sh
[0.443s] -- Up-to-date symlink: /home/jala/ros2_ws/install/turtlebot3_rl/share/turtlebot3_rl/environment/ament_prefix_path.dsv
[0.444s] -- Up-to-date symlink: /home/jala/ros2_ws/install/turtlebot3_rl/share/turtlebot3_rl/environment/path.sh
[0.444s] -- Up-to-date symlink: /home/jala/ros2_ws/install/turtlebot3_rl/share/turtlebot3_rl/environment/path.dsv
[0.444s] -- Up-to-date symlink: /home/jala/ros2_ws/install/turtlebot3_rl/share/turtlebot3_rl/local_setup.bash
[0.445s] -- Up-to-date symlink: /home/jala/ros2_ws/install/turtlebot3_rl/share/turtlebot3_rl/local_setup.sh
[0.445s] -- Up-to-date symlink: /home/jala/ros2_ws/install/turtlebot3_rl/share/turtlebot3_rl/local_setup.zsh
[0.445s] -- Up-to-date symlink: /home/jala/ros2_ws/install/turtlebot3_rl/share/turtlebot3_rl/local_setup.dsv
[0.446s] -- Symlinking: /home/jala/ros2_ws/install/turtlebot3_rl/share/turtlebot3_rl/package.dsv
[0.462s] -- Up-to-date symlink: /home/jala/ros2_ws/install/turtlebot3_rl/share/ament_index/resource_index/packages/turtlebot3_rl
[0.462s] -- Up-to-date symlink: /home/jala/ros2_ws/install/turtlebot3_rl/share/turtlebot3_rl/cmake/turtlebot3_rlConfig.cmake
[0.462s] -- Up-to-date symlink: /home/jala/ros2_ws/install/turtlebot3_rl/share/turtlebot3_rl/cmake/turtlebot3_rlConfig-version.cmake
[0.463s] -- Up-to-date symlink: /home/jala/ros2_ws/install/turtlebot3_rl/share/turtlebot3_rl/package.xml
[0.463s] -- Up-to-date: /home/jala/ros2_ws/install/turtlebot3_rl/share/turtlebot3_rl//launch
[0.463s] -- Installing: /home/jala/ros2_ws/install/turtlebot3_rl/share/turtlebot3_rl//launch/warehouse_driver_launch.py
[0.466s] -- Up-to-date: /home/jala/ros2_ws/install/turtlebot3_rl/share/turtlebot3_rl//launch/warehouse_launch.py
[0.469s] Invoked command in '/home/jala/ros2_ws/build/turtlebot3_rl' returned '0': CMAKE_PREFIX_PATH=${CMAKE_PREFIX_PATH}:/home/jala/ros2_ws/install/turtlebot3_rl_env:/opt/ros/humble /usr/bin/cmake --install /home/jala/ros2_ws/build/turtlebot3_rl
