[1.377s] Invoking command in '/home/jala/ros2_ws/build/turtlebot3_rl_env': PYTHONPATH=/home/jala/ros2_ws/build/turtlebot3_rl_env/prefix_override:/usr/lib/python3/dist-packages/colcon_core/task/python/colcon_distutils_commands:/home/jala/ros2_ws/install/turtlebot3_rl_env/lib/python3.10/site-packages:${PYTHONPATH} /usr/bin/python3 -W ignore:setup.py install is deprecated -W ignore:easy_install command is deprecated setup.py develop --editable --build-directory /home/jala/ros2_ws/build/turtlebot3_rl_env/build --no-deps symlink_data
[1.900s] running develop
[2.181s] running egg_info
[2.182s] writing turtlebot3_rl_env.egg-info/PKG-INFO
[2.186s] writing dependency_links to turtlebot3_rl_env.egg-info/dependency_links.txt
[2.186s] writing entry points to turtlebot3_rl_env.egg-info/entry_points.txt
[2.187s] writing requirements to turtlebot3_rl_env.egg-info/requires.txt
[2.187s] writing top-level names to turtlebot3_rl_env.egg-info/top_level.txt
[2.191s] reading manifest file 'turtlebot3_rl_env.egg-info/SOURCES.txt'
[2.193s] writing manifest file 'turtlebot3_rl_env.egg-info/SOURCES.txt'
[2.196s] running build_ext
[2.196s] Creating /home/jala/ros2_ws/install/turtlebot3_rl_env/lib/python3.10/site-packages/turtlebot3-rl-env.egg-link (link to .)
[2.198s] Installing ppo_evaluation_agent script to /home/jala/ros2_ws/install/turtlebot3_rl_env/lib/turtlebot3_rl_env
[2.198s] Installing sac_evaluation_agent script to /home/jala/ros2_ws/install/turtlebot3_rl_env/lib/turtlebot3_rl_env
[2.199s] Installing train_agent script to /home/jala/ros2_ws/install/turtlebot3_rl_env/lib/turtlebot3_rl_env
[2.202s] Installing turtlebot_rl_env_node script to /home/jala/ros2_ws/install/turtlebot3_rl_env/lib/turtlebot3_rl_env
[2.202s] Installing webots_supervisor_reset_node script to /home/jala/ros2_ws/install/turtlebot3_rl_env/lib/turtlebot3_rl_env
[2.204s] 
[2.204s] Installed /home/jala/ros2_ws/build/turtlebot3_rl_env
[2.204s] running symlink_data
[2.266s] Invoked command in '/home/jala/ros2_ws/build/turtlebot3_rl_env' returned '0': PYTHONPATH=/home/jala/ros2_ws/build/turtlebot3_rl_env/prefix_override:/usr/lib/python3/dist-packages/colcon_core/task/python/colcon_distutils_commands:/home/jala/ros2_ws/install/turtlebot3_rl_env/lib/python3.10/site-packages:${PYTHONPATH} /usr/bin/python3 -W ignore:setup.py install is deprecated -W ignore:easy_install command is deprecated setup.py develop --editable --build-directory /home/jala/ros2_ws/build/turtlebot3_rl_env/build --no-deps symlink_data
