[0.427s] DEBUG:colcon:Command line arguments: ['/usr/bin/colcon', 'build', '--packages-select', 'turtlebot3_rl_env', '--symlink-install']
[0.427s] DEBUG:colcon:Parsed command line arguments: Namespace(log_base=None, log_level=None, verb_name='build', build_base='build', install_base='install', merge_install=False, symlink_install=True, test_result_base=None, continue_on_error=False, executor='parallel', parallel_workers=8, event_handlers=None, ignore_user_meta=False, metas=['./colcon.meta'], base_paths=['.'], packages_ignore=None, packages_ignore_regex=None, paths=None, packages_up_to=None, packages_up_to_regex=None, packages_above=None, packages_above_and_dependencies=None, packages_above_depth=None, packages_select_by_dep=None, packages_skip_by_dep=None, packages_skip_up_to=None, packages_select_build_failed=False, packages_skip_build_finished=False, packages_select_test_failures=False, packages_skip_test_passed=False, packages_select=['turtlebot3_rl_env'], packages_skip=None, packages_select_regex=None, packages_skip_regex=None, packages_start=None, packages_end=None, allow_overriding=[], cmake_args=None, cmake_target=None, cmake_target_skip_unavailable=False, cmake_clean_cache=False, cmake_clean_first=False, cmake_force_configure=False, ament_cmake_args=None, catkin_cmake_args=None, catkin_skip_building_tests=False, mixin_files=None, mixin=None, verb_parser=<colcon_mixin.mixin.mixin_argument.MixinArgumentDecorator object at 0x7fbd0bf8f4c0>, verb_extension=<colcon_core.verb.build.BuildVerb object at 0x7fbd0c0e4340>, main=<bound method BuildVerb.main of <colcon_core.verb.build.BuildVerb object at 0x7fbd0c0e4340>>, mixin_verb=('build',))
[0.873s] Level 1:colcon.colcon_core.package_discovery:discover_packages(colcon_meta) check parameters
[0.873s] Level 1:colcon.colcon_core.package_discovery:discover_packages(recursive) check parameters
[0.873s] Level 1:colcon.colcon_core.package_discovery:discover_packages(ignore) check parameters
[0.873s] Level 1:colcon.colcon_core.package_discovery:discover_packages(path) check parameters
[0.873s] Level 1:colcon.colcon_core.package_discovery:discover_packages(colcon_meta) discover
[0.873s] Level 1:colcon.colcon_core.package_discovery:discover_packages(recursive) discover
[0.873s] INFO:colcon.colcon_core.package_discovery:Crawling recursively for packages in '/home/jala/ros2_ws'
[0.873s] Level 1:colcon.colcon_core.package_identification:_identify(.) by extensions ['ignore', 'ignore_ament_install']
[0.874s] Level 1:colcon.colcon_core.package_identification:_identify(.) by extension 'ignore'
[0.874s] Level 1:colcon.colcon_core.package_identification:_identify(.) by extension 'ignore_ament_install'
[0.874s] Level 1:colcon.colcon_core.package_identification:_identify(.) by extensions ['colcon_pkg']
[0.874s] Level 1:colcon.colcon_core.package_identification:_identify(.) by extension 'colcon_pkg'
[0.874s] Level 1:colcon.colcon_core.package_identification:_identify(.) by extensions ['colcon_meta']
[0.874s] Level 1:colcon.colcon_core.package_identification:_identify(.) by extension 'colcon_meta'
[0.874s] Level 1:colcon.colcon_core.package_identification:_identify(.) by extensions ['ros']
[0.874s] Level 1:colcon.colcon_core.package_identification:_identify(.) by extension 'ros'
[0.892s] Level 1:colcon.colcon_core.package_identification:_identify(.) by extensions ['cmake', 'python']
[0.892s] Level 1:colcon.colcon_core.package_identification:_identify(.) by extension 'cmake'
[0.892s] Level 1:colcon.colcon_core.package_identification:_identify(.) by extension 'python'
[0.892s] Level 1:colcon.colcon_core.package_identification:_identify(.) by extensions ['python_setup_py']
[0.892s] Level 1:colcon.colcon_core.package_identification:_identify(.) by extension 'python_setup_py'
[0.893s] Level 1:colcon.colcon_core.package_identification:_identify(build) by extensions ['ignore', 'ignore_ament_install']
[0.893s] Level 1:colcon.colcon_core.package_identification:_identify(build) by extension 'ignore'
[0.893s] Level 1:colcon.colcon_core.package_identification:_identify(build) ignored
[0.893s] Level 1:colcon.colcon_core.package_identification:_identify(install) by extensions ['ignore', 'ignore_ament_install']
[0.893s] Level 1:colcon.colcon_core.package_identification:_identify(install) by extension 'ignore'
[0.893s] Level 1:colcon.colcon_core.package_identification:_identify(install) ignored
[0.893s] Level 1:colcon.colcon_core.package_identification:_identify(log) by extensions ['ignore', 'ignore_ament_install']
[0.893s] Level 1:colcon.colcon_core.package_identification:_identify(log) by extension 'ignore'
[0.893s] Level 1:colcon.colcon_core.package_identification:_identify(log) ignored
[0.893s] Level 1:colcon.colcon_core.package_identification:_identify(protos) by extensions ['ignore', 'ignore_ament_install']
[0.893s] Level 1:colcon.colcon_core.package_identification:_identify(protos) by extension 'ignore'
[0.893s] Level 1:colcon.colcon_core.package_identification:_identify(protos) by extension 'ignore_ament_install'
[0.894s] Level 1:colcon.colcon_core.package_identification:_identify(protos) by extensions ['colcon_pkg']
[0.894s] Level 1:colcon.colcon_core.package_identification:_identify(protos) by extension 'colcon_pkg'
[0.894s] Level 1:colcon.colcon_core.package_identification:_identify(protos) by extensions ['colcon_meta']
[0.894s] Level 1:colcon.colcon_core.package_identification:_identify(protos) by extension 'colcon_meta'
[0.894s] Level 1:colcon.colcon_core.package_identification:_identify(protos) by extensions ['ros']
[0.894s] Level 1:colcon.colcon_core.package_identification:_identify(protos) by extension 'ros'
[0.894s] Level 1:colcon.colcon_core.package_identification:_identify(protos) by extensions ['cmake', 'python']
[0.894s] Level 1:colcon.colcon_core.package_identification:_identify(protos) by extension 'cmake'
[0.894s] Level 1:colcon.colcon_core.package_identification:_identify(protos) by extension 'python'
[0.894s] Level 1:colcon.colcon_core.package_identification:_identify(protos) by extensions ['python_setup_py']
[0.894s] Level 1:colcon.colcon_core.package_identification:_identify(protos) by extension 'python_setup_py'
[0.894s] Level 1:colcon.colcon_core.package_identification:_identify(protos/icons) by extensions ['ignore', 'ignore_ament_install']
[0.894s] Level 1:colcon.colcon_core.package_identification:_identify(protos/icons) by extension 'ignore'
[0.894s] Level 1:colcon.colcon_core.package_identification:_identify(protos/icons) by extension 'ignore_ament_install'
[0.894s] Level 1:colcon.colcon_core.package_identification:_identify(protos/icons) by extensions ['colcon_pkg']
[0.894s] Level 1:colcon.colcon_core.package_identification:_identify(protos/icons) by extension 'colcon_pkg'
[0.894s] Level 1:colcon.colcon_core.package_identification:_identify(protos/icons) by extensions ['colcon_meta']
[0.894s] Level 1:colcon.colcon_core.package_identification:_identify(protos/icons) by extension 'colcon_meta'
[0.894s] Level 1:colcon.colcon_core.package_identification:_identify(protos/icons) by extensions ['ros']
[0.894s] Level 1:colcon.colcon_core.package_identification:_identify(protos/icons) by extension 'ros'
[0.894s] Level 1:colcon.colcon_core.package_identification:_identify(protos/icons) by extensions ['cmake', 'python']
[0.894s] Level 1:colcon.colcon_core.package_identification:_identify(protos/icons) by extension 'cmake'
[0.894s] Level 1:colcon.colcon_core.package_identification:_identify(protos/icons) by extension 'python'
[0.894s] Level 1:colcon.colcon_core.package_identification:_identify(protos/icons) by extensions ['python_setup_py']
[0.894s] Level 1:colcon.colcon_core.package_identification:_identify(protos/icons) by extension 'python_setup_py'
[0.894s] Level 1:colcon.colcon_core.package_identification:_identify(sb3_logs) by extensions ['ignore', 'ignore_ament_install']
[0.895s] Level 1:colcon.colcon_core.package_identification:_identify(sb3_logs) by extension 'ignore'
[0.895s] Level 1:colcon.colcon_core.package_identification:_identify(sb3_logs) by extension 'ignore_ament_install'
[0.895s] Level 1:colcon.colcon_core.package_identification:_identify(sb3_logs) by extensions ['colcon_pkg']
[0.895s] Level 1:colcon.colcon_core.package_identification:_identify(sb3_logs) by extension 'colcon_pkg'
[0.895s] Level 1:colcon.colcon_core.package_identification:_identify(sb3_logs) by extensions ['colcon_meta']
[0.895s] Level 1:colcon.colcon_core.package_identification:_identify(sb3_logs) by extension 'colcon_meta'
[0.895s] Level 1:colcon.colcon_core.package_identification:_identify(sb3_logs) by extensions ['ros']
[0.895s] Level 1:colcon.colcon_core.package_identification:_identify(sb3_logs) by extension 'ros'
[0.895s] Level 1:colcon.colcon_core.package_identification:_identify(sb3_logs) by extensions ['cmake', 'python']
[0.895s] Level 1:colcon.colcon_core.package_identification:_identify(sb3_logs) by extension 'cmake'
[0.895s] Level 1:colcon.colcon_core.package_identification:_identify(sb3_logs) by extension 'python'
[0.895s] Level 1:colcon.colcon_core.package_identification:_identify(sb3_logs) by extensions ['python_setup_py']
[0.895s] Level 1:colcon.colcon_core.package_identification:_identify(sb3_logs) by extension 'python_setup_py'
[0.895s] Level 1:colcon.colcon_core.package_identification:_identify(sb3_logs/PPO_turtlebot3_rl_1) by extensions ['ignore', 'ignore_ament_install']
[0.895s] Level 1:colcon.colcon_core.package_identification:_identify(sb3_logs/PPO_turtlebot3_rl_1) by extension 'ignore'
[0.895s] Level 1:colcon.colcon_core.package_identification:_identify(sb3_logs/PPO_turtlebot3_rl_1) by extension 'ignore_ament_install'
[0.895s] Level 1:colcon.colcon_core.package_identification:_identify(sb3_logs/PPO_turtlebot3_rl_1) by extensions ['colcon_pkg']
[0.895s] Level 1:colcon.colcon_core.package_identification:_identify(sb3_logs/PPO_turtlebot3_rl_1) by extension 'colcon_pkg'
[0.895s] Level 1:colcon.colcon_core.package_identification:_identify(sb3_logs/PPO_turtlebot3_rl_1) by extensions ['colcon_meta']
[0.895s] Level 1:colcon.colcon_core.package_identification:_identify(sb3_logs/PPO_turtlebot3_rl_1) by extension 'colcon_meta'
[0.895s] Level 1:colcon.colcon_core.package_identification:_identify(sb3_logs/PPO_turtlebot3_rl_1) by extensions ['ros']
[0.895s] Level 1:colcon.colcon_core.package_identification:_identify(sb3_logs/PPO_turtlebot3_rl_1) by extension 'ros'
[0.895s] Level 1:colcon.colcon_core.package_identification:_identify(sb3_logs/PPO_turtlebot3_rl_1) by extensions ['cmake', 'python']
[0.895s] Level 1:colcon.colcon_core.package_identification:_identify(sb3_logs/PPO_turtlebot3_rl_1) by extension 'cmake'
[0.895s] Level 1:colcon.colcon_core.package_identification:_identify(sb3_logs/PPO_turtlebot3_rl_1) by extension 'python'
[0.896s] Level 1:colcon.colcon_core.package_identification:_identify(sb3_logs/PPO_turtlebot3_rl_1) by extensions ['python_setup_py']
[0.896s] Level 1:colcon.colcon_core.package_identification:_identify(sb3_logs/PPO_turtlebot3_rl_1) by extension 'python_setup_py'
[0.896s] Level 1:colcon.colcon_core.package_identification:_identify(sb3_logs/PPO_turtlebot3_rl_2) by extensions ['ignore', 'ignore_ament_install']
[0.896s] Level 1:colcon.colcon_core.package_identification:_identify(sb3_logs/PPO_turtlebot3_rl_2) by extension 'ignore'
[0.896s] Level 1:colcon.colcon_core.package_identification:_identify(sb3_logs/PPO_turtlebot3_rl_2) by extension 'ignore_ament_install'
[0.896s] Level 1:colcon.colcon_core.package_identification:_identify(sb3_logs/PPO_turtlebot3_rl_2) by extensions ['colcon_pkg']
[0.896s] Level 1:colcon.colcon_core.package_identification:_identify(sb3_logs/PPO_turtlebot3_rl_2) by extension 'colcon_pkg'
[0.896s] Level 1:colcon.colcon_core.package_identification:_identify(sb3_logs/PPO_turtlebot3_rl_2) by extensions ['colcon_meta']
[0.896s] Level 1:colcon.colcon_core.package_identification:_identify(sb3_logs/PPO_turtlebot3_rl_2) by extension 'colcon_meta'
[0.896s] Level 1:colcon.colcon_core.package_identification:_identify(sb3_logs/PPO_turtlebot3_rl_2) by extensions ['ros']
[0.896s] Level 1:colcon.colcon_core.package_identification:_identify(sb3_logs/PPO_turtlebot3_rl_2) by extension 'ros'
[0.896s] Level 1:colcon.colcon_core.package_identification:_identify(sb3_logs/PPO_turtlebot3_rl_2) by extensions ['cmake', 'python']
[0.896s] Level 1:colcon.colcon_core.package_identification:_identify(sb3_logs/PPO_turtlebot3_rl_2) by extension 'cmake'
[0.896s] Level 1:colcon.colcon_core.package_identification:_identify(sb3_logs/PPO_turtlebot3_rl_2) by extension 'python'
[0.896s] Level 1:colcon.colcon_core.package_identification:_identify(sb3_logs/PPO_turtlebot3_rl_2) by extensions ['python_setup_py']
[0.896s] Level 1:colcon.colcon_core.package_identification:_identify(sb3_logs/PPO_turtlebot3_rl_2) by extension 'python_setup_py'
[0.896s] Level 1:colcon.colcon_core.package_identification:_identify(src) by extensions ['ignore', 'ignore_ament_install']
[0.896s] Level 1:colcon.colcon_core.package_identification:_identify(src) by extension 'ignore'
[0.896s] Level 1:colcon.colcon_core.package_identification:_identify(src) by extension 'ignore_ament_install'
[0.896s] Level 1:colcon.colcon_core.package_identification:_identify(src) by extensions ['colcon_pkg']
[0.896s] Level 1:colcon.colcon_core.package_identification:_identify(src) by extension 'colcon_pkg'
[0.896s] Level 1:colcon.colcon_core.package_identification:_identify(src) by extensions ['colcon_meta']
[0.896s] Level 1:colcon.colcon_core.package_identification:_identify(src) by extension 'colcon_meta'
[0.896s] Level 1:colcon.colcon_core.package_identification:_identify(src) by extensions ['ros']
[0.896s] Level 1:colcon.colcon_core.package_identification:_identify(src) by extension 'ros'
[0.897s] Level 1:colcon.colcon_core.package_identification:_identify(src) by extensions ['cmake', 'python']
[0.897s] Level 1:colcon.colcon_core.package_identification:_identify(src) by extension 'cmake'
[0.897s] Level 1:colcon.colcon_core.package_identification:_identify(src) by extension 'python'
[0.897s] Level 1:colcon.colcon_core.package_identification:_identify(src) by extensions ['python_setup_py']
[0.897s] Level 1:colcon.colcon_core.package_identification:_identify(src) by extension 'python_setup_py'
[0.897s] Level 1:colcon.colcon_core.package_identification:_identify(src/test_pkg) by extensions ['ignore', 'ignore_ament_install']
[0.897s] Level 1:colcon.colcon_core.package_identification:_identify(src/test_pkg) by extension 'ignore'
[0.897s] Level 1:colcon.colcon_core.package_identification:_identify(src/test_pkg) by extension 'ignore_ament_install'
[0.897s] Level 1:colcon.colcon_core.package_identification:_identify(src/test_pkg) by extensions ['colcon_pkg']
[0.897s] Level 1:colcon.colcon_core.package_identification:_identify(src/test_pkg) by extension 'colcon_pkg'
[0.897s] Level 1:colcon.colcon_core.package_identification:_identify(src/test_pkg) by extensions ['colcon_meta']
[0.897s] Level 1:colcon.colcon_core.package_identification:_identify(src/test_pkg) by extension 'colcon_meta'
[0.897s] Level 1:colcon.colcon_core.package_identification:_identify(src/test_pkg) by extensions ['ros']
[0.897s] Level 1:colcon.colcon_core.package_identification:_identify(src/test_pkg) by extension 'ros'
[0.905s] DEBUG:colcon.colcon_core.package_identification:Package 'src/test_pkg' with type 'ros.ament_cmake' and name 'test_pkg'
[0.905s] Level 1:colcon.colcon_core.package_identification:_identify(src/turtlebot3_rl) by extensions ['ignore', 'ignore_ament_install']
[0.905s] Level 1:colcon.colcon_core.package_identification:_identify(src/turtlebot3_rl) by extension 'ignore'
[0.905s] Level 1:colcon.colcon_core.package_identification:_identify(src/turtlebot3_rl) by extension 'ignore_ament_install'
[0.906s] Level 1:colcon.colcon_core.package_identification:_identify(src/turtlebot3_rl) by extensions ['colcon_pkg']
[0.906s] Level 1:colcon.colcon_core.package_identification:_identify(src/turtlebot3_rl) by extension 'colcon_pkg'
[0.906s] Level 1:colcon.colcon_core.package_identification:_identify(src/turtlebot3_rl) by extensions ['colcon_meta']
[0.906s] Level 1:colcon.colcon_core.package_identification:_identify(src/turtlebot3_rl) by extension 'colcon_meta'
[0.906s] Level 1:colcon.colcon_core.package_identification:_identify(src/turtlebot3_rl) by extensions ['ros']
[0.906s] Level 1:colcon.colcon_core.package_identification:_identify(src/turtlebot3_rl) by extension 'ros'
[0.907s] DEBUG:colcon.colcon_core.package_identification:Package 'src/turtlebot3_rl' with type 'ros.ament_cmake' and name 'turtlebot3_rl'
[0.907s] Level 1:colcon.colcon_core.package_identification:_identify(src/turtlebot3_rl_env) by extensions ['ignore', 'ignore_ament_install']
[0.907s] Level 1:colcon.colcon_core.package_identification:_identify(src/turtlebot3_rl_env) by extension 'ignore'
[0.907s] Level 1:colcon.colcon_core.package_identification:_identify(src/turtlebot3_rl_env) by extension 'ignore_ament_install'
[0.907s] Level 1:colcon.colcon_core.package_identification:_identify(src/turtlebot3_rl_env) by extensions ['colcon_pkg']
[0.907s] Level 1:colcon.colcon_core.package_identification:_identify(src/turtlebot3_rl_env) by extension 'colcon_pkg'
[0.907s] Level 1:colcon.colcon_core.package_identification:_identify(src/turtlebot3_rl_env) by extensions ['colcon_meta']
[0.907s] Level 1:colcon.colcon_core.package_identification:_identify(src/turtlebot3_rl_env) by extension 'colcon_meta'
[0.907s] Level 1:colcon.colcon_core.package_identification:_identify(src/turtlebot3_rl_env) by extensions ['ros']
[0.907s] Level 1:colcon.colcon_core.package_identification:_identify(src/turtlebot3_rl_env) by extension 'ros'
[0.925s] DEBUG:colcon.colcon_core.package_identification:Package 'src/turtlebot3_rl_env' with type 'ros.ament_python' and name 'turtlebot3_rl_env'
[0.925s] Level 1:colcon.colcon_core.package_discovery:discover_packages(recursive) using defaults
[0.925s] Level 1:colcon.colcon_core.package_discovery:discover_packages(ignore) discover
[0.925s] Level 1:colcon.colcon_core.package_discovery:discover_packages(ignore) using defaults
[0.925s] Level 1:colcon.colcon_core.package_discovery:discover_packages(path) discover
[0.925s] Level 1:colcon.colcon_core.package_discovery:discover_packages(path) using defaults
[0.989s] INFO:colcon.colcon_core.package_selection:Skipping not selected package 'test_pkg' in 'src/test_pkg'
[0.989s] INFO:colcon.colcon_core.package_selection:Skipping not selected package 'turtlebot3_rl' in 'src/turtlebot3_rl'
[0.991s] Level 1:colcon.colcon_core.package_discovery:discover_packages(prefix_path) check parameters
[0.991s] Level 1:colcon.colcon_core.package_discovery:discover_packages(prefix_path) discover
[0.998s] DEBUG:colcon.colcon_installed_package_information.package_discovery:Found 2 installed packages in /home/jala/ros2_ws/install
[1.001s] DEBUG:colcon.colcon_installed_package_information.package_discovery:Found 419 installed packages in /opt/ros/humble
[1.004s] Level 1:colcon.colcon_core.package_discovery:discover_packages(prefix_path) using defaults
[1.195s] Level 5:colcon.colcon_core.verb:set package 'turtlebot3_rl_env' build argument 'cmake_args' from command line to 'None'
[1.195s] Level 5:colcon.colcon_core.verb:set package 'turtlebot3_rl_env' build argument 'cmake_target' from command line to 'None'
[1.195s] Level 5:colcon.colcon_core.verb:set package 'turtlebot3_rl_env' build argument 'cmake_target_skip_unavailable' from command line to 'False'
[1.195s] Level 5:colcon.colcon_core.verb:set package 'turtlebot3_rl_env' build argument 'cmake_clean_cache' from command line to 'False'
[1.195s] Level 5:colcon.colcon_core.verb:set package 'turtlebot3_rl_env' build argument 'cmake_clean_first' from command line to 'False'
[1.196s] Level 5:colcon.colcon_core.verb:set package 'turtlebot3_rl_env' build argument 'cmake_force_configure' from command line to 'False'
[1.196s] Level 5:colcon.colcon_core.verb:set package 'turtlebot3_rl_env' build argument 'ament_cmake_args' from command line to 'None'
[1.196s] Level 5:colcon.colcon_core.verb:set package 'turtlebot3_rl_env' build argument 'catkin_cmake_args' from command line to 'None'
[1.196s] Level 5:colcon.colcon_core.verb:set package 'turtlebot3_rl_env' build argument 'catkin_skip_building_tests' from command line to 'False'
[1.196s] DEBUG:colcon.colcon_core.verb:Building package 'turtlebot3_rl_env' with the following arguments: {'ament_cmake_args': None, 'build_base': '/home/jala/ros2_ws/build/turtlebot3_rl_env', 'catkin_cmake_args': None, 'catkin_skip_building_tests': False, 'cmake_args': None, 'cmake_clean_cache': False, 'cmake_clean_first': False, 'cmake_force_configure': False, 'cmake_target': None, 'cmake_target_skip_unavailable': False, 'install_base': '/home/jala/ros2_ws/install/turtlebot3_rl_env', 'merge_install': False, 'path': '/home/jala/ros2_ws/src/turtlebot3_rl_env', 'symlink_install': True, 'test_result_base': None}
[1.196s] INFO:colcon.colcon_core.executor:Executing jobs using 'parallel' executor
[1.197s] DEBUG:colcon.colcon_parallel_executor.executor.parallel:run_until_complete
[1.199s] INFO:colcon.colcon_ros.task.ament_python.build:Building ROS package in '/home/jala/ros2_ws/src/turtlebot3_rl_env' with build type 'ament_python'
[1.199s] Level 1:colcon.colcon_core.shell:create_environment_hook('turtlebot3_rl_env', 'ament_prefix_path')
[1.207s] INFO:colcon.colcon_core.plugin_system:Skipping extension 'colcon_core.shell.bat': Not used on non-Windows systems
[1.207s] INFO:colcon.colcon_core.shell:Creating environment hook '/home/jala/ros2_ws/install/turtlebot3_rl_env/share/turtlebot3_rl_env/hook/ament_prefix_path.ps1'
[1.209s] INFO:colcon.colcon_core.shell:Creating environment descriptor '/home/jala/ros2_ws/install/turtlebot3_rl_env/share/turtlebot3_rl_env/hook/ament_prefix_path.dsv'
[1.210s] INFO:colcon.colcon_core.shell:Creating environment hook '/home/jala/ros2_ws/install/turtlebot3_rl_env/share/turtlebot3_rl_env/hook/ament_prefix_path.sh'
[1.211s] INFO:colcon.colcon_core.shell:Skip shell extension 'powershell' for command environment: Not usable outside of PowerShell
[1.211s] DEBUG:colcon.colcon_core.shell:Skip shell extension 'dsv' for command environment
[1.572s] INFO:colcon.colcon_core.task.python.build:Building Python package in '/home/jala/ros2_ws/src/turtlebot3_rl_env'
[1.572s] INFO:colcon.colcon_core.shell:Skip shell extension 'powershell' for command environment: Not usable outside of PowerShell
[1.572s] DEBUG:colcon.colcon_core.shell:Skip shell extension 'dsv' for command environment
[2.017s] DEBUG:colcon.colcon_core.event_handler.log_command:Invoking command in '/home/jala/ros2_ws/build/turtlebot3_rl_env': PYTHONPATH=/home/jala/ros2_ws/build/turtlebot3_rl_env/prefix_override:/usr/lib/python3/dist-packages/colcon_core/task/python/colcon_distutils_commands:/home/jala/ros2_ws/install/turtlebot3_rl_env/lib/python3.10/site-packages:${PYTHONPATH} /usr/bin/python3 -W ignore:setup.py install is deprecated -W ignore:easy_install command is deprecated setup.py develop --editable --build-directory /home/jala/ros2_ws/build/turtlebot3_rl_env/build --no-deps symlink_data
[2.547s] Level 1:colcon.colcon_core.shell:create_environment_hook('turtlebot3_rl_env', 'pythonpath_develop')
[2.548s] DEBUG:colcon.colcon_core.event_handler.log_command:Invoked command in '/home/jala/ros2_ws/build/turtlebot3_rl_env' returned '0': PYTHONPATH=/home/jala/ros2_ws/build/turtlebot3_rl_env/prefix_override:/usr/lib/python3/dist-packages/colcon_core/task/python/colcon_distutils_commands:/home/jala/ros2_ws/install/turtlebot3_rl_env/lib/python3.10/site-packages:${PYTHONPATH} /usr/bin/python3 -W ignore:setup.py install is deprecated -W ignore:easy_install command is deprecated setup.py develop --editable --build-directory /home/jala/ros2_ws/build/turtlebot3_rl_env/build --no-deps symlink_data
[2.548s] INFO:colcon.colcon_core.shell:Creating environment hook '/home/jala/ros2_ws/build/turtlebot3_rl_env/share/turtlebot3_rl_env/hook/pythonpath_develop.ps1'
[2.550s] INFO:colcon.colcon_core.shell:Creating environment descriptor '/home/jala/ros2_ws/build/turtlebot3_rl_env/share/turtlebot3_rl_env/hook/pythonpath_develop.dsv'
[2.550s] INFO:colcon.colcon_core.shell:Creating environment hook '/home/jala/ros2_ws/build/turtlebot3_rl_env/share/turtlebot3_rl_env/hook/pythonpath_develop.sh'
[2.558s] Level 1:colcon.colcon_core.environment:checking '/home/jala/ros2_ws/install/turtlebot3_rl_env' for CMake module files
[2.559s] Level 1:colcon.colcon_core.environment:checking '/home/jala/ros2_ws/install/turtlebot3_rl_env' for CMake config files
[2.559s] Level 1:colcon.colcon_core.environment:checking '/home/jala/ros2_ws/install/turtlebot3_rl_env/lib'
[2.559s] Level 1:colcon.colcon_core.environment:checking '/home/jala/ros2_ws/install/turtlebot3_rl_env/bin'
[2.559s] Level 1:colcon.colcon_core.environment:checking '/home/jala/ros2_ws/install/turtlebot3_rl_env/lib/pkgconfig/turtlebot3_rl_env.pc'
[2.560s] Level 1:colcon.colcon_core.environment:checking '/home/jala/ros2_ws/install/turtlebot3_rl_env/lib/python3.10/site-packages'
[2.560s] Level 1:colcon.colcon_core.shell:create_environment_hook('turtlebot3_rl_env', 'pythonpath')
[2.560s] INFO:colcon.colcon_core.shell:Creating environment hook '/home/jala/ros2_ws/install/turtlebot3_rl_env/share/turtlebot3_rl_env/hook/pythonpath.ps1'
[2.561s] INFO:colcon.colcon_core.shell:Creating environment descriptor '/home/jala/ros2_ws/install/turtlebot3_rl_env/share/turtlebot3_rl_env/hook/pythonpath.dsv'
[2.561s] INFO:colcon.colcon_core.shell:Creating environment hook '/home/jala/ros2_ws/install/turtlebot3_rl_env/share/turtlebot3_rl_env/hook/pythonpath.sh'
[2.562s] Level 1:colcon.colcon_core.environment:checking '/home/jala/ros2_ws/install/turtlebot3_rl_env/bin'
[2.562s] Level 1:colcon.colcon_core.environment:create_environment_scripts_only(turtlebot3_rl_env)
[2.562s] INFO:colcon.colcon_core.shell:Creating package script '/home/jala/ros2_ws/install/turtlebot3_rl_env/share/turtlebot3_rl_env/package.ps1'
[2.563s] INFO:colcon.colcon_core.shell:Creating package descriptor '/home/jala/ros2_ws/install/turtlebot3_rl_env/share/turtlebot3_rl_env/package.dsv'
[2.564s] INFO:colcon.colcon_core.shell:Creating package script '/home/jala/ros2_ws/install/turtlebot3_rl_env/share/turtlebot3_rl_env/package.sh'
[2.565s] INFO:colcon.colcon_core.shell:Creating package script '/home/jala/ros2_ws/install/turtlebot3_rl_env/share/turtlebot3_rl_env/package.bash'
[2.565s] INFO:colcon.colcon_core.shell:Creating package script '/home/jala/ros2_ws/install/turtlebot3_rl_env/share/turtlebot3_rl_env/package.zsh'
[2.566s] Level 1:colcon.colcon_core.environment:create_file_with_runtime_dependencies(/home/jala/ros2_ws/install/turtlebot3_rl_env/share/colcon-core/packages/turtlebot3_rl_env)
[2.567s] DEBUG:colcon.colcon_parallel_executor.executor.parallel:closing loop
[2.567s] DEBUG:colcon.colcon_parallel_executor.executor.parallel:loop closed
[2.567s] DEBUG:colcon.colcon_parallel_executor.executor.parallel:run_until_complete finished with '0'
[2.567s] DEBUG:colcon.colcon_core.event_reactor:joining thread
[2.667s] INFO:colcon.colcon_core.plugin_system:Skipping extension 'colcon_notification.desktop_notification.notify_send': Could not find 'notify-send'
[2.668s] INFO:colcon.colcon_core.plugin_system:Skipping extension 'colcon_notification.desktop_notification.terminal_notifier': Not used on non-Darwin systems
[2.668s] INFO:colcon.colcon_core.plugin_system:Skipping extension 'colcon_notification.desktop_notification.win32': Not used on non-Windows systems
[2.668s] INFO:colcon.colcon_notification.desktop_notification:Sending desktop notification using 'notify2'
[2.703s] DEBUG:colcon.colcon_notification.desktop_notification.notify2:Failed to initialize notify2: org.freedesktop.DBus.Error.ServiceUnknown: The name org.freedesktop.Notifications was not provided by any .service files
[2.703s] DEBUG:colcon.colcon_core.event_reactor:joined thread
[2.704s] INFO:colcon.colcon_core.shell:Creating prefix script '/home/jala/ros2_ws/install/local_setup.ps1'
[2.707s] INFO:colcon.colcon_core.shell:Creating prefix util module '/home/jala/ros2_ws/install/_local_setup_util_ps1.py'
[2.709s] INFO:colcon.colcon_core.shell:Creating prefix chain script '/home/jala/ros2_ws/install/setup.ps1'
[2.712s] INFO:colcon.colcon_core.shell:Creating prefix script '/home/jala/ros2_ws/install/local_setup.sh'
[2.714s] INFO:colcon.colcon_core.shell:Creating prefix util module '/home/jala/ros2_ws/install/_local_setup_util_sh.py'
[2.716s] INFO:colcon.colcon_core.shell:Creating prefix chain script '/home/jala/ros2_ws/install/setup.sh'
[2.718s] INFO:colcon.colcon_core.shell:Creating prefix script '/home/jala/ros2_ws/install/local_setup.bash'
[2.720s] INFO:colcon.colcon_core.shell:Creating prefix chain script '/home/jala/ros2_ws/install/setup.bash'
[2.724s] INFO:colcon.colcon_core.shell:Creating prefix script '/home/jala/ros2_ws/install/local_setup.zsh'
[2.725s] INFO:colcon.colcon_core.shell:Creating prefix chain script '/home/jala/ros2_ws/install/setup.zsh'
