[0.000000] (-) TimerEvent: {}
[0.000323] (-) JobUnselected: {'identifier': 'test_pkg'}
[0.000368] (turtlebot3_rl) JobQueued: {'identifier': 'turtlebot3_rl', 'dependencies': OrderedDict()}
[0.000424] (turtlebot3_rl_env) JobQueued: {'identifier': 'turtlebot3_rl_env', 'dependencies': OrderedDict()}
[0.000440] (turtlebot3_rl) JobStarted: {'identifier': 'turtlebot3_rl'}
[0.014817] (turtlebot3_rl_env) JobStarted: {'identifier': 'turtlebot3_rl_env'}
[0.026171] (turtlebot3_rl) JobProgress: {'identifier': 'turtlebot3_rl', 'progress': 'cmake'}
[0.027679] (turtlebot3_rl) JobProgress: {'identifier': 'turtlebot3_rl', 'progress': 'build'}
[0.028973] (turtlebot3_rl) Command: {'cmd': ['/usr/bin/cmake', '--build', '/home/jala/ros2_ws/build/turtlebot3_rl', '--', '-j8', '-l8'], 'cwd': '/home/jala/ros2_ws/build/turtlebot3_rl', 'env': OrderedDict([('USER', 'jala'), ('SHLVL', '1'), ('LD_LIBRARY_PATH', '/usr/lib/x86_64-linux-gnu/gazebo-11/plugins:/opt/ros/humble/opt/rviz_ogre_vendor/lib:/opt/ros/humble/lib/x86_64-linux-gnu:/opt/ros/humble/lib'), ('WT_PROFILE_ID', '{4ff56d04-d9cf-57ea-bae2-ad396374e7e3}'), ('HOME', '/home/jala'), ('OLDPWD', '/home/jala/ros2_ws/src'), ('ROS_PYTHON_VERSION', '3'), ('WSL_DISTRO_NAME', 'Ubuntu-22.04'), ('WAYLAND_DISPLAY', 'wayland-0'), ('COLCON_PREFIX_PATH', '/home/jala/ros2_ws/install'), ('ROS_DISTRO', 'humble'), ('LOGNAME', 'jala'), ('NAME', 'DESKTOP-FN3M0B8'), ('WSL_INTEROP', '/run/WSL/9_interop'), ('PULSE_SERVER', 'unix:/mnt/wslg/PulseServer'), ('_', '/usr/bin/colcon'), ('ROS_VERSION', '2'), ('TERM', 'xterm-256color'), ('ROS_LOCALHOST_ONLY', '0'), ('PATH', '/home/jala/.local/bin:/opt/ros/humble/bin:/usr/local/sbin:/usr/local/bin:/usr/sbin:/usr/bin:/sbin:/bin:/usr/games:/usr/local/games:/usr/lib/wsl/lib:/mnt/c/Program Files/NVIDIA GPU Computing Toolkit/CUDA/v12.8/bin:/mnt/c/Program Files/NVIDIA GPU Computing Toolkit/CUDA/v12.8/libnvvp:/mnt/c/Program Files/Python313/Scripts/:/mnt/c/Program Files/Python313/:/mnt/c/Program Files/Common Files/Siemens/Automation/Simatic OAM/bin:/mnt/c/Program Files (x86)/NVIDIA Corporation/PhysX/Common:/mnt/c/Windows/system32:/mnt/c/Windows:/mnt/c/Windows/System32/Wbem:/mnt/c/Windows/System32/WindowsPowerShell/v1.0/:/mnt/c/Windows/System32/OpenSSH/:/mnt/c/Program Files/Microsoft SQL Server/Client SDK/ODBC/170/Tools/Binn/:/mnt/c/Program Files (x86)/Microsoft SQL Server/150/Tools/Binn/:/mnt/c/Program Files/Microsoft SQL Server/150/Tools/Binn/:/mnt/c/Program Files/Microsoft SQL Server/150/DTS/Binn/:/mnt/c/Program Files (x86)/Windows Kits/8.1/Windows Performance Toolkit/:/mnt/c/Program Files/MATLAB/R2023a/runtime/win64:/mnt/c/Program Files/MATLAB/R2023a/bin:/mnt/c/Program Files (x86)/Microsoft SQL Server/Client SDK/ODBC/110/Tools/Binn/:/mnt/c/Program Files (x86)/Microsoft SQL Server/120/Tools/Binn/:/mnt/c/Program Files (x86)/Microsoft SQL Server/120/DTS/Binn/:/mnt/c/Program Files/Python313:/mnt/c/Program Files/Python313/Scripts:/mnt/c/Users/HP/Downloads/pyenv-win-master/pyenv-win-master/pyenv-win/bin:/mnt/c/Users/HP/Downloads/pyenv-win-master/pyenv-win-master:/mnt/c/Users/HP/Downloads/pyenv-win-master:/mnt/c/Program Files/dotnet/:/mnt/c/Users/HP/Downloads:/mnt/c/Program Files/Git/cmd:/mnt/c/Program Files/Git:/mnt/c/Program Files/Git/bin:/mnt/c/Windows/System32:/mnt/c/Users/HP/Downloads/webots_2025a_amd64/data.tar/data/usr/local/bin:/mnt/c/Users/HP/Downloads/webots_2025a_amd64/data.tar/data/usr/local/bin:/mnt/c/Program Files/Webots/bin:/mnt/c/Program Files/NVIDIA Corporation/Nsight Compute 2025.1.1/:/mnt/c/Program Files/Webots/webots.exe:/mnt/c/ProgramData/Microsoft/Windows/Start Menu/Programs/Cyberbotics:/mnt/c/Users/HP/AppData/Local/Microsoft/WindowsApps:/mnt/c/Users/HP/AppData/Local/Programs/Microsoft VS Code/bin:/mnt/c/Program Files (x86)/Nmap:/snap/bin'), ('WT_SESSION', '55e11552-8eca-409c-93b3-012245139acd'), ('XDG_RUNTIME_DIR', '/mnt/wslg/runtime-dir'), ('DISPLAY', ':0'), ('LANG', 'en_US.UTF-8'), ('AMENT_PREFIX_PATH', '/home/jala/ros2_ws/install/turtlebot3_rl_env:/home/jala/ros2_ws/install/turtlebot3_rl:/opt/ros/humble'), ('SHELL', '/bin/bash'), ('PWD', '/home/jala/ros2_ws/build/turtlebot3_rl'), ('XDG_DATA_DIRS', '/usr/local/share:/usr/share:/var/lib/snapd/desktop'), ('PYTHONPATH', '/home/jala/ros2_ws/build/turtlebot3_rl_env:/home/jala/ros2_ws/install/turtlebot3_rl_env/lib/python3.10/site-packages:/opt/ros/humble/lib/python3.10/site-packages:/opt/ros/humble/local/lib/python3.10/dist-packages'), ('COLCON', '1'), ('WSL2_GUI_APPS_ENABLED', '1'), ('HOSTTYPE', 'x86_64'), ('CMAKE_PREFIX_PATH', '/home/jala/ros2_ws/install/turtlebot3_rl:/home/jala/ros2_ws/install/turtlebot3_rl_env:/opt/ros/humble'), ('WSLENV', 'WT_SESSION:WT_PROFILE_ID:')]), 'shell': False}
[0.098717] (-) TimerEvent: {}
[0.199193] (-) TimerEvent: {}
[0.299630] (-) TimerEvent: {}
[0.400122] (-) TimerEvent: {}
[0.411686] (turtlebot3_rl) CommandEnded: {'returncode': 0}
[0.413731] (turtlebot3_rl) JobProgress: {'identifier': 'turtlebot3_rl', 'progress': 'install'}
[0.424291] (turtlebot3_rl) Command: {'cmd': ['/usr/bin/cmake', '--install', '/home/jala/ros2_ws/build/turtlebot3_rl'], 'cwd': '/home/jala/ros2_ws/build/turtlebot3_rl', 'env': OrderedDict([('USER', 'jala'), ('SHLVL', '1'), ('LD_LIBRARY_PATH', '/usr/lib/x86_64-linux-gnu/gazebo-11/plugins:/opt/ros/humble/opt/rviz_ogre_vendor/lib:/opt/ros/humble/lib/x86_64-linux-gnu:/opt/ros/humble/lib'), ('WT_PROFILE_ID', '{4ff56d04-d9cf-57ea-bae2-ad396374e7e3}'), ('HOME', '/home/jala'), ('OLDPWD', '/home/jala/ros2_ws/src'), ('ROS_PYTHON_VERSION', '3'), ('WSL_DISTRO_NAME', 'Ubuntu-22.04'), ('WAYLAND_DISPLAY', 'wayland-0'), ('COLCON_PREFIX_PATH', '/home/jala/ros2_ws/install'), ('ROS_DISTRO', 'humble'), ('LOGNAME', 'jala'), ('NAME', 'DESKTOP-FN3M0B8'), ('WSL_INTEROP', '/run/WSL/9_interop'), ('PULSE_SERVER', 'unix:/mnt/wslg/PulseServer'), ('_', '/usr/bin/colcon'), ('ROS_VERSION', '2'), ('TERM', 'xterm-256color'), ('ROS_LOCALHOST_ONLY', '0'), ('PATH', '/home/jala/.local/bin:/opt/ros/humble/bin:/usr/local/sbin:/usr/local/bin:/usr/sbin:/usr/bin:/sbin:/bin:/usr/games:/usr/local/games:/usr/lib/wsl/lib:/mnt/c/Program Files/NVIDIA GPU Computing Toolkit/CUDA/v12.8/bin:/mnt/c/Program Files/NVIDIA GPU Computing Toolkit/CUDA/v12.8/libnvvp:/mnt/c/Program Files/Python313/Scripts/:/mnt/c/Program Files/Python313/:/mnt/c/Program Files/Common Files/Siemens/Automation/Simatic OAM/bin:/mnt/c/Program Files (x86)/NVIDIA Corporation/PhysX/Common:/mnt/c/Windows/system32:/mnt/c/Windows:/mnt/c/Windows/System32/Wbem:/mnt/c/Windows/System32/WindowsPowerShell/v1.0/:/mnt/c/Windows/System32/OpenSSH/:/mnt/c/Program Files/Microsoft SQL Server/Client SDK/ODBC/170/Tools/Binn/:/mnt/c/Program Files (x86)/Microsoft SQL Server/150/Tools/Binn/:/mnt/c/Program Files/Microsoft SQL Server/150/Tools/Binn/:/mnt/c/Program Files/Microsoft SQL Server/150/DTS/Binn/:/mnt/c/Program Files (x86)/Windows Kits/8.1/Windows Performance Toolkit/:/mnt/c/Program Files/MATLAB/R2023a/runtime/win64:/mnt/c/Program Files/MATLAB/R2023a/bin:/mnt/c/Program Files (x86)/Microsoft SQL Server/Client SDK/ODBC/110/Tools/Binn/:/mnt/c/Program Files (x86)/Microsoft SQL Server/120/Tools/Binn/:/mnt/c/Program Files (x86)/Microsoft SQL Server/120/DTS/Binn/:/mnt/c/Program Files/Python313:/mnt/c/Program Files/Python313/Scripts:/mnt/c/Users/HP/Downloads/pyenv-win-master/pyenv-win-master/pyenv-win/bin:/mnt/c/Users/HP/Downloads/pyenv-win-master/pyenv-win-master:/mnt/c/Users/HP/Downloads/pyenv-win-master:/mnt/c/Program Files/dotnet/:/mnt/c/Users/HP/Downloads:/mnt/c/Program Files/Git/cmd:/mnt/c/Program Files/Git:/mnt/c/Program Files/Git/bin:/mnt/c/Windows/System32:/mnt/c/Users/HP/Downloads/webots_2025a_amd64/data.tar/data/usr/local/bin:/mnt/c/Users/HP/Downloads/webots_2025a_amd64/data.tar/data/usr/local/bin:/mnt/c/Program Files/Webots/bin:/mnt/c/Program Files/NVIDIA Corporation/Nsight Compute 2025.1.1/:/mnt/c/Program Files/Webots/webots.exe:/mnt/c/ProgramData/Microsoft/Windows/Start Menu/Programs/Cyberbotics:/mnt/c/Users/HP/AppData/Local/Microsoft/WindowsApps:/mnt/c/Users/HP/AppData/Local/Programs/Microsoft VS Code/bin:/mnt/c/Program Files (x86)/Nmap:/snap/bin'), ('WT_SESSION', '55e11552-8eca-409c-93b3-012245139acd'), ('XDG_RUNTIME_DIR', '/mnt/wslg/runtime-dir'), ('DISPLAY', ':0'), ('LANG', 'en_US.UTF-8'), ('AMENT_PREFIX_PATH', '/home/jala/ros2_ws/install/turtlebot3_rl_env:/home/jala/ros2_ws/install/turtlebot3_rl:/opt/ros/humble'), ('SHELL', '/bin/bash'), ('PWD', '/home/jala/ros2_ws/build/turtlebot3_rl'), ('XDG_DATA_DIRS', '/usr/local/share:/usr/share:/var/lib/snapd/desktop'), ('PYTHONPATH', '/home/jala/ros2_ws/build/turtlebot3_rl_env:/home/jala/ros2_ws/install/turtlebot3_rl_env/lib/python3.10/site-packages:/opt/ros/humble/lib/python3.10/site-packages:/opt/ros/humble/local/lib/python3.10/dist-packages'), ('COLCON', '1'), ('WSL2_GUI_APPS_ENABLED', '1'), ('HOSTTYPE', 'x86_64'), ('CMAKE_PREFIX_PATH', '/home/jala/ros2_ws/install/turtlebot3_rl:/home/jala/ros2_ws/install/turtlebot3_rl_env:/opt/ros/humble'), ('WSLENV', 'WT_SESSION:WT_PROFILE_ID:')]), 'shell': False}
[0.435313] (turtlebot3_rl) StdoutLine: {'line': b'-- Install configuration: ""\n'}
[0.437945] (turtlebot3_rl) StdoutLine: {'line': b'-- Execute custom install script\n'}
[0.441123] (turtlebot3_rl) StdoutLine: {'line': b'-- Up-to-date symlink: /home/jala/ros2_ws/install/turtlebot3_rl/share/turtlebot3_rl//worlds/.warehouse_world.jpg\n'}
[0.441551] (turtlebot3_rl) StdoutLine: {'line': b'-- Up-to-date symlink: /home/jala/ros2_ws/install/turtlebot3_rl/share/turtlebot3_rl//worlds/.warehouse_world.wbproj\n'}
[0.441859] (turtlebot3_rl) StdoutLine: {'line': b'-- Up-to-date symlink: /home/jala/ros2_ws/install/turtlebot3_rl/share/turtlebot3_rl//worlds/.warehouse_world_backup.jpg\n'}
[0.442056] (turtlebot3_rl) StdoutLine: {'line': b'-- Up-to-date symlink: /home/jala/ros2_ws/install/turtlebot3_rl/share/turtlebot3_rl//worlds/.warehouse_world_backup.wbproj\n'}
[0.442360] (turtlebot3_rl) StdoutLine: {'line': b'-- Up-to-date symlink: /home/jala/ros2_ws/install/turtlebot3_rl/share/turtlebot3_rl//worlds/warehouse_world.wbt\n'}
[0.442479] (turtlebot3_rl) StdoutLine: {'line': b'-- Up-to-date symlink: /home/jala/ros2_ws/install/turtlebot3_rl/share/turtlebot3_rl//worlds/warehouse_world_backup.wbt\n'}
[0.442750] (turtlebot3_rl) StdoutLine: {'line': b'-- Up-to-date symlink: /home/jala/ros2_ws/install/turtlebot3_rl/share/ament_index/resource_index/package_run_dependencies/turtlebot3_rl\n'}
[0.443077] (turtlebot3_rl) StdoutLine: {'line': b'-- Up-to-date symlink: /home/jala/ros2_ws/install/turtlebot3_rl/share/ament_index/resource_index/parent_prefix_path/turtlebot3_rl\n'}
[0.443372] (turtlebot3_rl) StdoutLine: {'line': b'-- Up-to-date symlink: /home/jala/ros2_ws/install/turtlebot3_rl/share/turtlebot3_rl/environment/ament_prefix_path.sh\n'}
[0.443642] (turtlebot3_rl) StdoutLine: {'line': b'-- Up-to-date symlink: /home/jala/ros2_ws/install/turtlebot3_rl/share/turtlebot3_rl/environment/ament_prefix_path.dsv\n'}
[0.444176] (turtlebot3_rl) StdoutLine: {'line': b'-- Up-to-date symlink: /home/jala/ros2_ws/install/turtlebot3_rl/share/turtlebot3_rl/environment/path.sh\n'}
[0.444481] (turtlebot3_rl) StdoutLine: {'line': b'-- Up-to-date symlink: /home/jala/ros2_ws/install/turtlebot3_rl/share/turtlebot3_rl/environment/path.dsv\n'}
[0.444737] (turtlebot3_rl) StdoutLine: {'line': b'-- Up-to-date symlink: /home/jala/ros2_ws/install/turtlebot3_rl/share/turtlebot3_rl/local_setup.bash\n'}
[0.445313] (turtlebot3_rl) StdoutLine: {'line': b'-- Up-to-date symlink: /home/jala/ros2_ws/install/turtlebot3_rl/share/turtlebot3_rl/local_setup.sh\n'}
[0.445561] (turtlebot3_rl) StdoutLine: {'line': b'-- Up-to-date symlink: /home/jala/ros2_ws/install/turtlebot3_rl/share/turtlebot3_rl/local_setup.zsh\n'}
[0.445772] (turtlebot3_rl) StdoutLine: {'line': b'-- Up-to-date symlink: /home/jala/ros2_ws/install/turtlebot3_rl/share/turtlebot3_rl/local_setup.dsv\n'}
[0.446114] (turtlebot3_rl) StdoutLine: {'line': b'-- Symlinking: /home/jala/ros2_ws/install/turtlebot3_rl/share/turtlebot3_rl/package.dsv\n'}
[0.461626] (turtlebot3_rl) StdoutLine: {'line': b'-- Up-to-date symlink: /home/jala/ros2_ws/install/turtlebot3_rl/share/ament_index/resource_index/packages/turtlebot3_rl\n'}
[0.462033] (turtlebot3_rl) StdoutLine: {'line': b'-- Up-to-date symlink: /home/jala/ros2_ws/install/turtlebot3_rl/share/turtlebot3_rl/cmake/turtlebot3_rlConfig.cmake\n'}
[0.462544] (turtlebot3_rl) StdoutLine: {'line': b'-- Up-to-date symlink: /home/jala/ros2_ws/install/turtlebot3_rl/share/turtlebot3_rl/cmake/turtlebot3_rlConfig-version.cmake\n'}
[0.462818] (turtlebot3_rl) StdoutLine: {'line': b'-- Up-to-date symlink: /home/jala/ros2_ws/install/turtlebot3_rl/share/turtlebot3_rl/package.xml\n'}
[0.463136] (turtlebot3_rl) StdoutLine: {'line': b'-- Up-to-date: /home/jala/ros2_ws/install/turtlebot3_rl/share/turtlebot3_rl//launch\n'}
[0.463237] (turtlebot3_rl) StdoutLine: {'line': b'-- Installing: /home/jala/ros2_ws/install/turtlebot3_rl/share/turtlebot3_rl//launch/warehouse_driver_launch.py\n'}
[0.465786] (turtlebot3_rl) StdoutLine: {'line': b'-- Up-to-date: /home/jala/ros2_ws/install/turtlebot3_rl/share/turtlebot3_rl//launch/warehouse_launch.py\n'}
[0.469110] (turtlebot3_rl) CommandEnded: {'returncode': 0}
[0.500733] (-) TimerEvent: {}
[0.521395] (turtlebot3_rl) JobEnded: {'identifier': 'turtlebot3_rl', 'rc': 0}
[0.600925] (-) TimerEvent: {}
[0.701466] (-) TimerEvent: {}
[0.802045] (-) TimerEvent: {}
[0.902505] (-) TimerEvent: {}
[1.002997] (-) TimerEvent: {}
[1.030110] (turtlebot3_rl_env) Command: {'cmd': ['/usr/bin/python3', '-W', 'ignore:setup.py install is deprecated', '-W', 'ignore:easy_install command is deprecated', 'setup.py', 'develop', '--editable', '--build-directory', '/home/jala/ros2_ws/build/turtlebot3_rl_env/build', '--no-deps', 'symlink_data'], 'cwd': '/home/jala/ros2_ws/build/turtlebot3_rl_env', 'env': {'USER': 'jala', 'SHLVL': '1', 'LD_LIBRARY_PATH': '/usr/lib/x86_64-linux-gnu/gazebo-11/plugins:/opt/ros/humble/opt/rviz_ogre_vendor/lib:/opt/ros/humble/lib/x86_64-linux-gnu:/opt/ros/humble/lib', 'WT_PROFILE_ID': '{4ff56d04-d9cf-57ea-bae2-ad396374e7e3}', 'HOME': '/home/jala', 'OLDPWD': '/home/jala/ros2_ws/src', 'ROS_PYTHON_VERSION': '3', 'WSL_DISTRO_NAME': 'Ubuntu-22.04', 'WAYLAND_DISPLAY': 'wayland-0', 'COLCON_PREFIX_PATH': '/home/jala/ros2_ws/install', 'ROS_DISTRO': 'humble', 'LOGNAME': 'jala', 'NAME': 'DESKTOP-FN3M0B8', 'WSL_INTEROP': '/run/WSL/9_interop', 'PULSE_SERVER': 'unix:/mnt/wslg/PulseServer', '_': '/usr/bin/colcon', 'ROS_VERSION': '2', 'TERM': 'xterm-256color', 'ROS_LOCALHOST_ONLY': '0', 'PATH': '/home/jala/.local/bin:/opt/ros/humble/bin:/usr/local/sbin:/usr/local/bin:/usr/sbin:/usr/bin:/sbin:/bin:/usr/games:/usr/local/games:/usr/lib/wsl/lib:/mnt/c/Program Files/NVIDIA GPU Computing Toolkit/CUDA/v12.8/bin:/mnt/c/Program Files/NVIDIA GPU Computing Toolkit/CUDA/v12.8/libnvvp:/mnt/c/Program Files/Python313/Scripts/:/mnt/c/Program Files/Python313/:/mnt/c/Program Files/Common Files/Siemens/Automation/Simatic OAM/bin:/mnt/c/Program Files (x86)/NVIDIA Corporation/PhysX/Common:/mnt/c/Windows/system32:/mnt/c/Windows:/mnt/c/Windows/System32/Wbem:/mnt/c/Windows/System32/WindowsPowerShell/v1.0/:/mnt/c/Windows/System32/OpenSSH/:/mnt/c/Program Files/Microsoft SQL Server/Client SDK/ODBC/170/Tools/Binn/:/mnt/c/Program Files (x86)/Microsoft SQL Server/150/Tools/Binn/:/mnt/c/Program Files/Microsoft SQL Server/150/Tools/Binn/:/mnt/c/Program Files/Microsoft SQL Server/150/DTS/Binn/:/mnt/c/Program Files (x86)/Windows Kits/8.1/Windows Performance Toolkit/:/mnt/c/Program Files/MATLAB/R2023a/runtime/win64:/mnt/c/Program Files/MATLAB/R2023a/bin:/mnt/c/Program Files (x86)/Microsoft SQL Server/Client SDK/ODBC/110/Tools/Binn/:/mnt/c/Program Files (x86)/Microsoft SQL Server/120/Tools/Binn/:/mnt/c/Program Files (x86)/Microsoft SQL Server/120/DTS/Binn/:/mnt/c/Program Files/Python313:/mnt/c/Program Files/Python313/Scripts:/mnt/c/Users/HP/Downloads/pyenv-win-master/pyenv-win-master/pyenv-win/bin:/mnt/c/Users/HP/Downloads/pyenv-win-master/pyenv-win-master:/mnt/c/Users/HP/Downloads/pyenv-win-master:/mnt/c/Program Files/dotnet/:/mnt/c/Users/HP/Downloads:/mnt/c/Program Files/Git/cmd:/mnt/c/Program Files/Git:/mnt/c/Program Files/Git/bin:/mnt/c/Windows/System32:/mnt/c/Users/HP/Downloads/webots_2025a_amd64/data.tar/data/usr/local/bin:/mnt/c/Users/HP/Downloads/webots_2025a_amd64/data.tar/data/usr/local/bin:/mnt/c/Program Files/Webots/bin:/mnt/c/Program Files/NVIDIA Corporation/Nsight Compute 2025.1.1/:/mnt/c/Program Files/Webots/webots.exe:/mnt/c/ProgramData/Microsoft/Windows/Start Menu/Programs/Cyberbotics:/mnt/c/Users/HP/AppData/Local/Microsoft/WindowsApps:/mnt/c/Users/HP/AppData/Local/Programs/Microsoft VS Code/bin:/mnt/c/Program Files (x86)/Nmap:/snap/bin', 'WT_SESSION': '55e11552-8eca-409c-93b3-012245139acd', 'XDG_RUNTIME_DIR': '/mnt/wslg/runtime-dir', 'DISPLAY': ':0', 'LANG': 'en_US.UTF-8', 'AMENT_PREFIX_PATH': '/home/jala/ros2_ws/install/turtlebot3_rl_env:/home/jala/ros2_ws/install/turtlebot3_rl:/opt/ros/humble', 'SHELL': '/bin/bash', 'PWD': '/home/jala/ros2_ws/build/turtlebot3_rl_env', 'XDG_DATA_DIRS': '/usr/local/share:/usr/share:/var/lib/snapd/desktop', 'PYTHONPATH': '/home/jala/ros2_ws/build/turtlebot3_rl_env/prefix_override:/usr/lib/python3/dist-packages/colcon_core/task/python/colcon_distutils_commands:/home/jala/ros2_ws/install/turtlebot3_rl_env/lib/python3.10/site-packages:/home/jala/ros2_ws/build/turtlebot3_rl_env:/home/jala/ros2_ws/install/turtlebot3_rl_env/lib/python3.10/site-packages:/opt/ros/humble/lib/python3.10/site-packages:/opt/ros/humble/local/lib/python3.10/dist-packages', 'COLCON': '1', 'WSL2_GUI_APPS_ENABLED': '1', 'HOSTTYPE': 'x86_64', 'CMAKE_PREFIX_PATH': '/home/jala/ros2_ws/install/turtlebot3_rl', 'WSLENV': 'WT_SESSION:WT_PROFILE_ID:'}, 'shell': False}
[1.103164] (-) TimerEvent: {}
[1.203603] (-) TimerEvent: {}
[1.304036] (-) TimerEvent: {}
[1.308157] (turtlebot3_rl_env) StdoutLine: {'line': b'running develop\n'}
[1.404272] (-) TimerEvent: {}
[1.480000] (turtlebot3_rl_env) StdoutLine: {'line': b'running egg_info\n'}
[1.480365] (turtlebot3_rl_env) StdoutLine: {'line': b'writing turtlebot3_rl_env.egg-info/PKG-INFO\n'}
[1.480601] (turtlebot3_rl_env) StdoutLine: {'line': b'writing dependency_links to turtlebot3_rl_env.egg-info/dependency_links.txt\n'}
[1.480833] (turtlebot3_rl_env) StdoutLine: {'line': b'writing entry points to turtlebot3_rl_env.egg-info/entry_points.txt\n'}
[1.483151] (turtlebot3_rl_env) StdoutLine: {'line': b'writing requirements to turtlebot3_rl_env.egg-info/requires.txt\n'}
[1.483482] (turtlebot3_rl_env) StdoutLine: {'line': b'writing top-level names to turtlebot3_rl_env.egg-info/top_level.txt\n'}
[1.486697] (turtlebot3_rl_env) StdoutLine: {'line': b"reading manifest file 'turtlebot3_rl_env.egg-info/SOURCES.txt'\n"}
[1.487929] (turtlebot3_rl_env) StdoutLine: {'line': b"writing manifest file 'turtlebot3_rl_env.egg-info/SOURCES.txt'\n"}
[1.489507] (turtlebot3_rl_env) StdoutLine: {'line': b'running build_ext\n'}
[1.489650] (turtlebot3_rl_env) StdoutLine: {'line': b'Creating /home/jala/ros2_ws/install/turtlebot3_rl_env/lib/python3.10/site-packages/turtlebot3-rl-env.egg-link (link to .)\n'}
[1.490414] (turtlebot3_rl_env) StdoutLine: {'line': b'Installing turtlebot_rl_env_node script to /home/jala/ros2_ws/install/turtlebot3_rl_env/lib/turtlebot3_rl_env\n'}
[1.490875] (turtlebot3_rl_env) StdoutLine: {'line': b'Installing webots_supervisor_reset_node script to /home/jala/ros2_ws/install/turtlebot3_rl_env/lib/turtlebot3_rl_env\n'}
[1.491093] (turtlebot3_rl_env) StdoutLine: {'line': b'\n'}
[1.491202] (turtlebot3_rl_env) StdoutLine: {'line': b'Installed /home/jala/ros2_ws/build/turtlebot3_rl_env\n'}
[1.491249] (turtlebot3_rl_env) StdoutLine: {'line': b'running symlink_data\n'}
[1.504605] (-) TimerEvent: {}
[1.517410] (turtlebot3_rl_env) CommandEnded: {'returncode': 0}
[1.526452] (turtlebot3_rl_env) JobEnded: {'identifier': 'turtlebot3_rl_env', 'rc': 0}
[1.527675] (-) EventReactorShutdown: {}
