[0.000000] (-) TimerEvent: {}
[0.001149] (-) JobUnselected: {'identifier': 'test_pkg'}
[0.001234] (-) JobUnselected: {'identifier': 'turtlebot3_rl'}
[0.001272] (turtlebot3_rl_env) JobQueued: {'identifier': 'turtlebot3_rl_env', 'dependencies': OrderedDict()}
[0.001306] (turtlebot3_rl_env) JobStarted: {'identifier': 'turtlebot3_rl_env'}
[0.098750] (-) TimerEvent: {}
[0.199402] (-) TimerEvent: {}
[0.300141] (-) TimerEvent: {}
[0.400476] (-) TimerEvent: {}
[0.500857] (-) TimerEvent: {}
[0.601332] (-) TimerEvent: {}
[0.701777] (-) TimerEvent: {}
[0.802116] (-) TimerEvent: {}
[0.902549] (-) TimerEvent: {}
[0.911057] (turtlebot3_rl_env) Command: {'cmd': ['/usr/bin/python3', '-W', 'ignore:setup.py install is deprecated', '-W', 'ignore:easy_install command is deprecated', 'setup.py', 'egg_info', '--egg-base', '../../build/turtlebot3_rl_env', 'build', '--build-base', '/home/jala/ros2_ws/build/turtlebot3_rl_env/build', 'install', '--record', '/home/jala/ros2_ws/build/turtlebot3_rl_env/install.log', '--single-version-externally-managed', 'install_data'], 'cwd': '/home/jala/ros2_ws/src/turtlebot3_rl_env', 'env': {'USER': 'jala', 'SHLVL': '1', 'LD_LIBRARY_PATH': '/usr/lib/x86_64-linux-gnu/gazebo-11/plugins:/opt/ros/humble/opt/rviz_ogre_vendor/lib:/opt/ros/humble/lib/x86_64-linux-gnu:/opt/ros/humble/lib', 'WT_PROFILE_ID': '{4ff56d04-d9cf-57ea-bae2-ad396374e7e3}', 'HOME': '/home/jala', 'OLDPWD': '/home/jala', 'ROS_PYTHON_VERSION': '3', 'WSL_DISTRO_NAME': 'Ubuntu-22.04', 'WAYLAND_DISPLAY': 'wayland-0', 'COLCON_PREFIX_PATH': '/home/jala/ros2_ws/install', 'ROS_DISTRO': 'humble', 'LOGNAME': 'jala', 'NAME': 'DESKTOP-FN3M0B8', 'WSL_INTEROP': '/run/WSL/2397_interop', 'PULSE_SERVER': 'unix:/mnt/wslg/PulseServer', '_': '/usr/bin/colcon', 'ROS_VERSION': '2', 'TERM': 'xterm-256color', 'ROS_LOCALHOST_ONLY': '0', 'PATH': '/home/jala/.local/bin:/opt/ros/humble/bin:/usr/local/sbin:/usr/local/bin:/usr/sbin:/usr/bin:/sbin:/bin:/usr/games:/usr/local/games:/usr/lib/wsl/lib:/mnt/c/Program Files/NVIDIA GPU Computing Toolkit/CUDA/v12.8/bin:/mnt/c/Program Files/NVIDIA GPU Computing Toolkit/CUDA/v12.8/libnvvp:/mnt/c/Program Files/Python313/Scripts/:/mnt/c/Program Files/Python313/:/mnt/c/Program Files/Common Files/Siemens/Automation/Simatic OAM/bin:/mnt/c/Program Files (x86)/NVIDIA Corporation/PhysX/Common:/mnt/c/Windows/system32:/mnt/c/Windows:/mnt/c/Windows/System32/Wbem:/mnt/c/Windows/System32/WindowsPowerShell/v1.0/:/mnt/c/Windows/System32/OpenSSH/:/mnt/c/Program Files/Microsoft SQL Server/Client SDK/ODBC/170/Tools/Binn/:/mnt/c/Program Files (x86)/Microsoft SQL Server/150/Tools/Binn/:/mnt/c/Program Files/Microsoft SQL Server/150/Tools/Binn/:/mnt/c/Program Files/Microsoft SQL Server/150/DTS/Binn/:/mnt/c/Program Files (x86)/Windows Kits/8.1/Windows Performance Toolkit/:/mnt/c/Program Files/MATLAB/R2023a/runtime/win64:/mnt/c/Program Files/MATLAB/R2023a/bin:/mnt/c/Program Files (x86)/Microsoft SQL Server/Client SDK/ODBC/110/Tools/Binn/:/mnt/c/Program Files (x86)/Microsoft SQL Server/120/Tools/Binn/:/mnt/c/Program Files (x86)/Microsoft SQL Server/120/DTS/Binn/:/mnt/c/Program Files/Python313:/mnt/c/Program Files/Python313/Scripts:/mnt/c/Users/HP/Downloads/pyenv-win-master/pyenv-win-master/pyenv-win/bin:/mnt/c/Users/HP/Downloads/pyenv-win-master/pyenv-win-master:/mnt/c/Users/HP/Downloads/pyenv-win-master:/mnt/c/Program Files/dotnet/:/mnt/c/Users/HP/Downloads:/mnt/c/Program Files/Git/cmd:/mnt/c/Program Files/Git:/mnt/c/Program Files/Git/bin:/mnt/c/Windows/System32:/mnt/c/Users/HP/Downloads/webots_2025a_amd64/data.tar/data/usr/local/bin:/mnt/c/Users/HP/Downloads/webots_2025a_amd64/data.tar/data/usr/local/bin:/mnt/c/Program Files/Webots/bin:/mnt/c/Program Files/NVIDIA Corporation/Nsight Compute 2025.1.1/:/mnt/c/Program Files/Webots/webots.exe:/mnt/c/ProgramData/Microsoft/Windows/Start Menu/Programs/Cyberbotics:/mnt/c/Users/HP/AppData/Local/Microsoft/WindowsApps:/mnt/c/Users/HP/AppData/Local/Programs/Microsoft VS Code/bin:/mnt/c/Program Files (x86)/Nmap:/snap/bin', 'WT_SESSION': '64f150f0-d511-4f1b-b6ea-8d938070f3a1', 'XDG_RUNTIME_DIR': '/mnt/wslg/runtime-dir', 'DISPLAY': ':0', 'LANG': 'en_US.UTF-8', 'AMENT_PREFIX_PATH': '/home/jala/ros2_ws/install/turtlebot3_rl:/opt/ros/humble', 'SHELL': '/bin/bash', 'PWD': '/home/jala/ros2_ws/build/turtlebot3_rl_env', 'XDG_DATA_DIRS': '/usr/local/share:/usr/share:/var/lib/snapd/desktop', 'PYTHONPATH': '/home/jala/ros2_ws/build/turtlebot3_rl_env/prefix_override:/usr/lib/python3/dist-packages/colcon_core/task/python/colcon_distutils_commands:/home/jala/ros2_ws/install/turtlebot3_rl_env/lib/python3.10/site-packages:/opt/ros/humble/lib/python3.10/site-packages:/opt/ros/humble/local/lib/python3.10/dist-packages', 'COLCON': '1', 'WSL2_GUI_APPS_ENABLED': '1', 'HOSTTYPE': 'x86_64', 'CMAKE_PREFIX_PATH': '/home/jala/ros2_ws/install/turtlebot3_rl', 'WSLENV': 'WT_SESSION:WT_PROFILE_ID:'}, 'shell': False}
[1.002726] (-) TimerEvent: {}
[1.103384] (-) TimerEvent: {}
[1.158951] (turtlebot3_rl_env) StdoutLine: {'line': b'running egg_info\n'}
[1.159530] (turtlebot3_rl_env) StdoutLine: {'line': b'creating ../../build/turtlebot3_rl_env/turtlebot3_rl_env.egg-info\n'}
[1.159908] (turtlebot3_rl_env) StdoutLine: {'line': b'writing ../../build/turtlebot3_rl_env/turtlebot3_rl_env.egg-info/PKG-INFO\n'}
[1.160716] (turtlebot3_rl_env) StdoutLine: {'line': b'writing dependency_links to ../../build/turtlebot3_rl_env/turtlebot3_rl_env.egg-info/dependency_links.txt\n'}
[1.161104] (turtlebot3_rl_env) StdoutLine: {'line': b'writing entry points to ../../build/turtlebot3_rl_env/turtlebot3_rl_env.egg-info/entry_points.txt\n'}
[1.161304] (turtlebot3_rl_env) StdoutLine: {'line': b'writing requirements to ../../build/turtlebot3_rl_env/turtlebot3_rl_env.egg-info/requires.txt\n'}
[1.161569] (turtlebot3_rl_env) StdoutLine: {'line': b'writing top-level names to ../../build/turtlebot3_rl_env/turtlebot3_rl_env.egg-info/top_level.txt\n'}
[1.161676] (turtlebot3_rl_env) StdoutLine: {'line': b"writing manifest file '../../build/turtlebot3_rl_env/turtlebot3_rl_env.egg-info/SOURCES.txt'\n"}
[1.162884] (turtlebot3_rl_env) StdoutLine: {'line': b"reading manifest file '../../build/turtlebot3_rl_env/turtlebot3_rl_env.egg-info/SOURCES.txt'\n"}
[1.163272] (turtlebot3_rl_env) StdoutLine: {'line': b"writing manifest file '../../build/turtlebot3_rl_env/turtlebot3_rl_env.egg-info/SOURCES.txt'\n"}
[1.164308] (turtlebot3_rl_env) StdoutLine: {'line': b'running build\n'}
[1.164406] (turtlebot3_rl_env) StdoutLine: {'line': b'running build_py\n'}
[1.164489] (turtlebot3_rl_env) StdoutLine: {'line': b'creating /home/jala/ros2_ws/build/turtlebot3_rl_env/build\n'}
[1.164738] (turtlebot3_rl_env) StdoutLine: {'line': b'creating /home/jala/ros2_ws/build/turtlebot3_rl_env/build/lib\n'}
[1.164816] (turtlebot3_rl_env) StdoutLine: {'line': b'creating /home/jala/ros2_ws/build/turtlebot3_rl_env/build/lib/turtlebot3_rl_env\n'}
[1.165038] (turtlebot3_rl_env) StdoutLine: {'line': b'copying turtlebot3_rl_env/__init__.py -> /home/jala/ros2_ws/build/turtlebot3_rl_env/build/lib/turtlebot3_rl_env\n'}
[1.165260] (turtlebot3_rl_env) StdoutLine: {'line': b'running install\n'}
[1.165335] (turtlebot3_rl_env) StdoutLine: {'line': b'running install_lib\n'}
[1.165802] (turtlebot3_rl_env) StdoutLine: {'line': b'creating /home/jala/ros2_ws/install/turtlebot3_rl_env/lib/python3.10/site-packages/turtlebot3_rl_env\n'}
[1.166045] (turtlebot3_rl_env) StdoutLine: {'line': b'copying /home/jala/ros2_ws/build/turtlebot3_rl_env/build/lib/turtlebot3_rl_env/__init__.py -> /home/jala/ros2_ws/install/turtlebot3_rl_env/lib/python3.10/site-packages/turtlebot3_rl_env\n'}
[1.166562] (turtlebot3_rl_env) StdoutLine: {'line': b'byte-compiling /home/jala/ros2_ws/install/turtlebot3_rl_env/lib/python3.10/site-packages/turtlebot3_rl_env/__init__.py to __init__.cpython-310.pyc\n'}
[1.166914] (turtlebot3_rl_env) StdoutLine: {'line': b'running install_data\n'}
[1.167095] (turtlebot3_rl_env) StdoutLine: {'line': b'creating /home/jala/ros2_ws/install/turtlebot3_rl_env/share/ament_index\n'}
[1.167401] (turtlebot3_rl_env) StdoutLine: {'line': b'creating /home/jala/ros2_ws/install/turtlebot3_rl_env/share/ament_index/resource_index\n'}
[1.167530] (turtlebot3_rl_env) StdoutLine: {'line': b'creating /home/jala/ros2_ws/install/turtlebot3_rl_env/share/ament_index/resource_index/packages\n'}
[1.167581] (turtlebot3_rl_env) StdoutLine: {'line': b'copying resource/turtlebot3_rl_env -> /home/jala/ros2_ws/install/turtlebot3_rl_env/share/ament_index/resource_index/packages\n'}
[1.167624] (turtlebot3_rl_env) StdoutLine: {'line': b'copying package.xml -> /home/jala/ros2_ws/install/turtlebot3_rl_env/share/turtlebot3_rl_env\n'}
[1.167665] (turtlebot3_rl_env) StdoutLine: {'line': b'running install_egg_info\n'}
[1.168997] (turtlebot3_rl_env) StdoutLine: {'line': b'Copying ../../build/turtlebot3_rl_env/turtlebot3_rl_env.egg-info to /home/jala/ros2_ws/install/turtlebot3_rl_env/lib/python3.10/site-packages/turtlebot3_rl_env-0.0.0-py3.10.egg-info\n'}
[1.170076] (turtlebot3_rl_env) StdoutLine: {'line': b'running install_scripts\n'}
[1.186041] (turtlebot3_rl_env) StdoutLine: {'line': b"writing list of installed files to '/home/jala/ros2_ws/build/turtlebot3_rl_env/install.log'\n"}
[1.203694] (-) TimerEvent: {}
[1.207273] (turtlebot3_rl_env) CommandEnded: {'returncode': 0}
[1.233335] (turtlebot3_rl_env) JobEnded: {'identifier': 'turtlebot3_rl_env', 'rc': 0}
[1.234626] (-) EventReactorShutdown: {}
