[0.000000] (-) TimerEvent: {}
[0.001210] (-) JobUnselected: {'identifier': 'test_pkg'}
[0.002042] (turtlebot3_rl) JobQueued: {'identifier': 'turtlebot3_rl', 'dependencies': OrderedDict()}
[0.002210] (turtlebot3_rl_env) JobQueued: {'identifier': 'turtlebot3_rl_env', 'dependencies': OrderedDict()}
[0.003907] (turtlebot3_rl) JobStarted: {'identifier': 'turtlebot3_rl'}
[0.020227] (turtlebot3_rl_env) JobStarted: {'identifier': 'turtlebot3_rl_env'}
[0.035559] (turtlebot3_rl) JobProgress: {'identifier': 'turtlebot3_rl', 'progress': 'cmake'}
[0.038361] (turtlebot3_rl) JobProgress: {'identifier': 'turtlebot3_rl', 'progress': 'build'}
[0.040348] (turtlebot3_rl) Command: {'cmd': ['/usr/bin/cmake', '--build', '/home/jala/ros2_ws/build/turtlebot3_rl', '--', '-j8', '-l8'], 'cwd': '/home/jala/ros2_ws/build/turtlebot3_rl', 'env': OrderedDict([('USER', 'jala'), ('SHLVL', '1'), ('LD_LIBRARY_PATH', '/usr/lib/x86_64-linux-gnu/gazebo-11/plugins:/opt/ros/humble/opt/rviz_ogre_vendor/lib:/opt/ros/humble/lib/x86_64-linux-gnu:/opt/ros/humble/lib'), ('WT_PROFILE_ID', '{4ff56d04-d9cf-57ea-bae2-ad396374e7e3}'), ('HOME', '/home/jala'), ('OLDPWD', '/home/jala/ros2_ws'), ('ROS_PYTHON_VERSION', '3'), ('WSL_DISTRO_NAME', 'Ubuntu-22.04'), ('WAYLAND_DISPLAY', 'wayland-0'), ('COLCON_PREFIX_PATH', '/home/jala/ros2_ws/install'), ('ROS_DISTRO', 'humble'), ('LOGNAME', 'jala'), ('NAME', 'DESKTOP-FN3M0B8'), ('WSL_INTEROP', '/run/WSL/21304_interop'), ('PULSE_SERVER', 'unix:/mnt/wslg/PulseServer'), ('_', '/usr/bin/colcon'), ('ROS_VERSION', '2'), ('TERM', 'xterm-256color'), ('ROS_LOCALHOST_ONLY', '0'), ('PATH', '/home/jala/.local/bin:/opt/ros/humble/bin:/usr/local/sbin:/usr/local/bin:/usr/sbin:/usr/bin:/sbin:/bin:/usr/games:/usr/local/games:/usr/lib/wsl/lib:/mnt/c/Program Files/NVIDIA GPU Computing Toolkit/CUDA/v12.8/bin:/mnt/c/Program Files/NVIDIA GPU Computing Toolkit/CUDA/v12.8/libnvvp:/mnt/c/Program Files/Python313/Scripts/:/mnt/c/Program Files/Python313/:/mnt/c/Program Files/Common Files/Siemens/Automation/Simatic OAM/bin:/mnt/c/Program Files (x86)/NVIDIA Corporation/PhysX/Common:/mnt/c/Windows/system32:/mnt/c/Windows:/mnt/c/Windows/System32/Wbem:/mnt/c/Windows/System32/WindowsPowerShell/v1.0/:/mnt/c/Windows/System32/OpenSSH/:/mnt/c/Program Files/Microsoft SQL Server/Client SDK/ODBC/170/Tools/Binn/:/mnt/c/Program Files (x86)/Microsoft SQL Server/150/Tools/Binn/:/mnt/c/Program Files/Microsoft SQL Server/150/Tools/Binn/:/mnt/c/Program Files/Microsoft SQL Server/150/DTS/Binn/:/mnt/c/Program Files (x86)/Windows Kits/8.1/Windows Performance Toolkit/:/mnt/c/Program Files/MATLAB/R2023a/runtime/win64:/mnt/c/Program Files/MATLAB/R2023a/bin:/mnt/c/Program Files (x86)/Microsoft SQL Server/Client SDK/ODBC/110/Tools/Binn/:/mnt/c/Program Files (x86)/Microsoft SQL Server/120/Tools/Binn/:/mnt/c/Program Files (x86)/Microsoft SQL Server/120/DTS/Binn/:/mnt/c/Program Files/Python313:/mnt/c/Program Files/Python313/Scripts:/mnt/c/Users/HP/Downloads/pyenv-win-master/pyenv-win-master/pyenv-win/bin:/mnt/c/Users/HP/Downloads/pyenv-win-master/pyenv-win-master:/mnt/c/Users/HP/Downloads/pyenv-win-master:/mnt/c/Program Files/dotnet/:/mnt/c/Users/HP/Downloads:/mnt/c/Program Files/Git/cmd:/mnt/c/Program Files/Git:/mnt/c/Program Files/Git/bin:/mnt/c/Windows/System32:/mnt/c/Users/HP/Downloads/webots_2025a_amd64/data.tar/data/usr/local/bin:/mnt/c/Users/HP/Downloads/webots_2025a_amd64/data.tar/data/usr/local/bin:/mnt/c/Program Files/Webots/bin:/mnt/c/Program Files/NVIDIA Corporation/Nsight Compute 2025.1.1/:/mnt/c/Program Files/Webots/webots.exe:/mnt/c/ProgramData/Microsoft/Windows/Start Menu/Programs/Cyberbotics:/mnt/c/Users/HP/AppData/Local/Microsoft/WindowsApps:/mnt/c/Users/HP/AppData/Local/Programs/Microsoft VS Code/bin:/mnt/c/Program Files (x86)/Nmap:/snap/bin'), ('WT_SESSION', 'cfbbc639-84d1-4f9f-a043-8c4a67e5f0eb'), ('XDG_RUNTIME_DIR', '/mnt/wslg/runtime-dir'), ('DISPLAY', ':0'), ('LANG', 'en_US.UTF-8'), ('AMENT_PREFIX_PATH', '/home/jala/ros2_ws/install/turtlebot3_rl_env:/home/jala/ros2_ws/install/turtlebot3_rl:/opt/ros/humble'), ('SHELL', '/bin/bash'), ('PWD', '/home/jala/ros2_ws/build/turtlebot3_rl'), ('XDG_DATA_DIRS', '/usr/local/share:/usr/share:/var/lib/snapd/desktop'), ('PYTHONPATH', '/home/jala/ros2_ws/build/turtlebot3_rl_env:/home/jala/ros2_ws/install/turtlebot3_rl_env/lib/python3.10/site-packages:/opt/ros/humble/lib/python3.10/site-packages:/opt/ros/humble/local/lib/python3.10/dist-packages'), ('COLCON', '1'), ('WSL2_GUI_APPS_ENABLED', '1'), ('HOSTTYPE', 'x86_64'), ('CMAKE_PREFIX_PATH', '/home/jala/ros2_ws/install/turtlebot3_rl:/home/jala/ros2_ws/install/turtlebot3_rl_env:/opt/ros/humble'), ('WSLENV', 'WT_SESSION:WT_PROFILE_ID:')]), 'shell': False}
[0.099923] (-) TimerEvent: {}
[0.200547] (-) TimerEvent: {}
[0.301122] (-) TimerEvent: {}
[0.401958] (-) TimerEvent: {}
[0.502688] (-) TimerEvent: {}
[0.546626] (turtlebot3_rl) CommandEnded: {'returncode': 0}
[0.549525] (turtlebot3_rl) JobProgress: {'identifier': 'turtlebot3_rl', 'progress': 'install'}
[0.560592] (turtlebot3_rl) Command: {'cmd': ['/usr/bin/cmake', '--install', '/home/jala/ros2_ws/build/turtlebot3_rl'], 'cwd': '/home/jala/ros2_ws/build/turtlebot3_rl', 'env': OrderedDict([('USER', 'jala'), ('SHLVL', '1'), ('LD_LIBRARY_PATH', '/usr/lib/x86_64-linux-gnu/gazebo-11/plugins:/opt/ros/humble/opt/rviz_ogre_vendor/lib:/opt/ros/humble/lib/x86_64-linux-gnu:/opt/ros/humble/lib'), ('WT_PROFILE_ID', '{4ff56d04-d9cf-57ea-bae2-ad396374e7e3}'), ('HOME', '/home/jala'), ('OLDPWD', '/home/jala/ros2_ws'), ('ROS_PYTHON_VERSION', '3'), ('WSL_DISTRO_NAME', 'Ubuntu-22.04'), ('WAYLAND_DISPLAY', 'wayland-0'), ('COLCON_PREFIX_PATH', '/home/jala/ros2_ws/install'), ('ROS_DISTRO', 'humble'), ('LOGNAME', 'jala'), ('NAME', 'DESKTOP-FN3M0B8'), ('WSL_INTEROP', '/run/WSL/21304_interop'), ('PULSE_SERVER', 'unix:/mnt/wslg/PulseServer'), ('_', '/usr/bin/colcon'), ('ROS_VERSION', '2'), ('TERM', 'xterm-256color'), ('ROS_LOCALHOST_ONLY', '0'), ('PATH', '/home/jala/.local/bin:/opt/ros/humble/bin:/usr/local/sbin:/usr/local/bin:/usr/sbin:/usr/bin:/sbin:/bin:/usr/games:/usr/local/games:/usr/lib/wsl/lib:/mnt/c/Program Files/NVIDIA GPU Computing Toolkit/CUDA/v12.8/bin:/mnt/c/Program Files/NVIDIA GPU Computing Toolkit/CUDA/v12.8/libnvvp:/mnt/c/Program Files/Python313/Scripts/:/mnt/c/Program Files/Python313/:/mnt/c/Program Files/Common Files/Siemens/Automation/Simatic OAM/bin:/mnt/c/Program Files (x86)/NVIDIA Corporation/PhysX/Common:/mnt/c/Windows/system32:/mnt/c/Windows:/mnt/c/Windows/System32/Wbem:/mnt/c/Windows/System32/WindowsPowerShell/v1.0/:/mnt/c/Windows/System32/OpenSSH/:/mnt/c/Program Files/Microsoft SQL Server/Client SDK/ODBC/170/Tools/Binn/:/mnt/c/Program Files (x86)/Microsoft SQL Server/150/Tools/Binn/:/mnt/c/Program Files/Microsoft SQL Server/150/Tools/Binn/:/mnt/c/Program Files/Microsoft SQL Server/150/DTS/Binn/:/mnt/c/Program Files (x86)/Windows Kits/8.1/Windows Performance Toolkit/:/mnt/c/Program Files/MATLAB/R2023a/runtime/win64:/mnt/c/Program Files/MATLAB/R2023a/bin:/mnt/c/Program Files (x86)/Microsoft SQL Server/Client SDK/ODBC/110/Tools/Binn/:/mnt/c/Program Files (x86)/Microsoft SQL Server/120/Tools/Binn/:/mnt/c/Program Files (x86)/Microsoft SQL Server/120/DTS/Binn/:/mnt/c/Program Files/Python313:/mnt/c/Program Files/Python313/Scripts:/mnt/c/Users/HP/Downloads/pyenv-win-master/pyenv-win-master/pyenv-win/bin:/mnt/c/Users/HP/Downloads/pyenv-win-master/pyenv-win-master:/mnt/c/Users/HP/Downloads/pyenv-win-master:/mnt/c/Program Files/dotnet/:/mnt/c/Users/HP/Downloads:/mnt/c/Program Files/Git/cmd:/mnt/c/Program Files/Git:/mnt/c/Program Files/Git/bin:/mnt/c/Windows/System32:/mnt/c/Users/HP/Downloads/webots_2025a_amd64/data.tar/data/usr/local/bin:/mnt/c/Users/HP/Downloads/webots_2025a_amd64/data.tar/data/usr/local/bin:/mnt/c/Program Files/Webots/bin:/mnt/c/Program Files/NVIDIA Corporation/Nsight Compute 2025.1.1/:/mnt/c/Program Files/Webots/webots.exe:/mnt/c/ProgramData/Microsoft/Windows/Start Menu/Programs/Cyberbotics:/mnt/c/Users/HP/AppData/Local/Microsoft/WindowsApps:/mnt/c/Users/HP/AppData/Local/Programs/Microsoft VS Code/bin:/mnt/c/Program Files (x86)/Nmap:/snap/bin'), ('WT_SESSION', 'cfbbc639-84d1-4f9f-a043-8c4a67e5f0eb'), ('XDG_RUNTIME_DIR', '/mnt/wslg/runtime-dir'), ('DISPLAY', ':0'), ('LANG', 'en_US.UTF-8'), ('AMENT_PREFIX_PATH', '/home/jala/ros2_ws/install/turtlebot3_rl_env:/home/jala/ros2_ws/install/turtlebot3_rl:/opt/ros/humble'), ('SHELL', '/bin/bash'), ('PWD', '/home/jala/ros2_ws/build/turtlebot3_rl'), ('XDG_DATA_DIRS', '/usr/local/share:/usr/share:/var/lib/snapd/desktop'), ('PYTHONPATH', '/home/jala/ros2_ws/build/turtlebot3_rl_env:/home/jala/ros2_ws/install/turtlebot3_rl_env/lib/python3.10/site-packages:/opt/ros/humble/lib/python3.10/site-packages:/opt/ros/humble/local/lib/python3.10/dist-packages'), ('COLCON', '1'), ('WSL2_GUI_APPS_ENABLED', '1'), ('HOSTTYPE', 'x86_64'), ('CMAKE_PREFIX_PATH', '/home/jala/ros2_ws/install/turtlebot3_rl:/home/jala/ros2_ws/install/turtlebot3_rl_env:/opt/ros/humble'), ('WSLENV', 'WT_SESSION:WT_PROFILE_ID:')]), 'shell': False}
[0.579480] (turtlebot3_rl) StdoutLine: {'line': b'-- Install configuration: ""\n'}
[0.585557] (turtlebot3_rl) StdoutLine: {'line': b'-- Execute custom install script\n'}
[0.589576] (turtlebot3_rl) StdoutLine: {'line': b'-- Up-to-date symlink: /home/jala/ros2_ws/install/turtlebot3_rl/share/turtlebot3_rl//worlds/.warehouse_world.jpg\n'}
[0.590388] (turtlebot3_rl) StdoutLine: {'line': b'-- Up-to-date symlink: /home/jala/ros2_ws/install/turtlebot3_rl/share/turtlebot3_rl//worlds/.warehouse_world.wbproj\n'}
[0.591575] (turtlebot3_rl) StdoutLine: {'line': b'-- Up-to-date symlink: /home/jala/ros2_ws/install/turtlebot3_rl/share/turtlebot3_rl//worlds/.warehouse_world_backup.jpg\n'}
[0.592128] (turtlebot3_rl) StdoutLine: {'line': b'-- Up-to-date symlink: /home/jala/ros2_ws/install/turtlebot3_rl/share/turtlebot3_rl//worlds/.warehouse_world_backup.wbproj\n'}
[0.593339] (turtlebot3_rl) StdoutLine: {'line': b'-- Up-to-date symlink: /home/jala/ros2_ws/install/turtlebot3_rl/share/turtlebot3_rl//worlds/warehouse_world.wbt\n'}
[0.594635] (turtlebot3_rl) StdoutLine: {'line': b'-- Up-to-date symlink: /home/jala/ros2_ws/install/turtlebot3_rl/share/turtlebot3_rl//worlds/warehouse_world_backup.wbt\n'}
[0.595245] (turtlebot3_rl) StdoutLine: {'line': b'-- Up-to-date symlink: /home/jala/ros2_ws/install/turtlebot3_rl/share/ament_index/resource_index/package_run_dependencies/turtlebot3_rl\n'}
[0.596899] (turtlebot3_rl) StdoutLine: {'line': b'-- Up-to-date symlink: /home/jala/ros2_ws/install/turtlebot3_rl/share/ament_index/resource_index/parent_prefix_path/turtlebot3_rl\n'}
[0.598104] (turtlebot3_rl) StdoutLine: {'line': b'-- Up-to-date symlink: /home/jala/ros2_ws/install/turtlebot3_rl/share/turtlebot3_rl/environment/ament_prefix_path.sh\n'}
[0.599606] (turtlebot3_rl) StdoutLine: {'line': b'-- Up-to-date symlink: /home/jala/ros2_ws/install/turtlebot3_rl/share/turtlebot3_rl/environment/ament_prefix_path.dsv\n'}
[0.600593] (turtlebot3_rl) StdoutLine: {'line': b'-- Up-to-date symlink: /home/jala/ros2_ws/install/turtlebot3_rl/share/turtlebot3_rl/environment/path.sh\n'}
[0.601504] (turtlebot3_rl) StdoutLine: {'line': b'-- Up-to-date symlink: /home/jala/ros2_ws/install/turtlebot3_rl/share/turtlebot3_rl/environment/path.dsv\n'}
[0.602555] (turtlebot3_rl) StdoutLine: {'line': b'-- Up-to-date symlink: /home/jala/ros2_ws/install/turtlebot3_rl/share/turtlebot3_rl/local_setup.bash\n'}
[0.602784] (-) TimerEvent: {}
[0.603289] (turtlebot3_rl) StdoutLine: {'line': b'-- Up-to-date symlink: /home/jala/ros2_ws/install/turtlebot3_rl/share/turtlebot3_rl/local_setup.sh\n'}
[0.604572] (turtlebot3_rl) StdoutLine: {'line': b'-- Up-to-date symlink: /home/jala/ros2_ws/install/turtlebot3_rl/share/turtlebot3_rl/local_setup.zsh\n'}
[0.606084] (turtlebot3_rl) StdoutLine: {'line': b'-- Up-to-date symlink: /home/jala/ros2_ws/install/turtlebot3_rl/share/turtlebot3_rl/local_setup.dsv\n'}
[0.606697] (turtlebot3_rl) StdoutLine: {'line': b'-- Symlinking: /home/jala/ros2_ws/install/turtlebot3_rl/share/turtlebot3_rl/package.dsv\n'}
[0.622568] (turtlebot3_rl) StdoutLine: {'line': b'-- Up-to-date symlink: /home/jala/ros2_ws/install/turtlebot3_rl/share/ament_index/resource_index/packages/turtlebot3_rl\n'}
[0.623119] (turtlebot3_rl) StdoutLine: {'line': b'-- Up-to-date symlink: /home/jala/ros2_ws/install/turtlebot3_rl/share/turtlebot3_rl/cmake/turtlebot3_rlConfig.cmake\n'}
[0.623706] (turtlebot3_rl) StdoutLine: {'line': b'-- Up-to-date symlink: /home/jala/ros2_ws/install/turtlebot3_rl/share/turtlebot3_rl/cmake/turtlebot3_rlConfig-version.cmake\n'}
[0.624355] (turtlebot3_rl) StdoutLine: {'line': b'-- Up-to-date symlink: /home/jala/ros2_ws/install/turtlebot3_rl/share/turtlebot3_rl/package.xml\n'}
[0.626054] (turtlebot3_rl) StdoutLine: {'line': b'-- Up-to-date: /home/jala/ros2_ws/install/turtlebot3_rl/share/turtlebot3_rl//launch\n'}
[0.626358] (turtlebot3_rl) StdoutLine: {'line': b'-- Up-to-date: /home/jala/ros2_ws/install/turtlebot3_rl/share/turtlebot3_rl//launch/warehouse_driver_launch.py\n'}
[0.626553] (turtlebot3_rl) StdoutLine: {'line': b'-- Up-to-date: /home/jala/ros2_ws/install/turtlebot3_rl/share/turtlebot3_rl//launch/warehouse_launch.py\n'}
[0.630822] (turtlebot3_rl) CommandEnded: {'returncode': 0}
[0.660060] (turtlebot3_rl) JobEnded: {'identifier': 'turtlebot3_rl', 'rc': 0}
[0.703068] (-) TimerEvent: {}
[0.803632] (-) TimerEvent: {}
[0.904360] (-) TimerEvent: {}
[1.005018] (-) TimerEvent: {}
[1.105801] (-) TimerEvent: {}
[1.191474] (turtlebot3_rl_env) Command: {'cmd': ['/usr/bin/python3', '-W', 'ignore:setup.py install is deprecated', '-W', 'ignore:easy_install command is deprecated', 'setup.py', 'develop', '--editable', '--build-directory', '/home/jala/ros2_ws/build/turtlebot3_rl_env/build', '--no-deps', 'symlink_data'], 'cwd': '/home/jala/ros2_ws/build/turtlebot3_rl_env', 'env': {'USER': 'jala', 'SHLVL': '1', 'LD_LIBRARY_PATH': '/usr/lib/x86_64-linux-gnu/gazebo-11/plugins:/opt/ros/humble/opt/rviz_ogre_vendor/lib:/opt/ros/humble/lib/x86_64-linux-gnu:/opt/ros/humble/lib', 'WT_PROFILE_ID': '{4ff56d04-d9cf-57ea-bae2-ad396374e7e3}', 'HOME': '/home/jala', 'OLDPWD': '/home/jala/ros2_ws', 'ROS_PYTHON_VERSION': '3', 'WSL_DISTRO_NAME': 'Ubuntu-22.04', 'WAYLAND_DISPLAY': 'wayland-0', 'COLCON_PREFIX_PATH': '/home/jala/ros2_ws/install', 'ROS_DISTRO': 'humble', 'LOGNAME': 'jala', 'NAME': 'DESKTOP-FN3M0B8', 'WSL_INTEROP': '/run/WSL/21304_interop', 'PULSE_SERVER': 'unix:/mnt/wslg/PulseServer', '_': '/usr/bin/colcon', 'ROS_VERSION': '2', 'TERM': 'xterm-256color', 'ROS_LOCALHOST_ONLY': '0', 'PATH': '/home/jala/.local/bin:/opt/ros/humble/bin:/usr/local/sbin:/usr/local/bin:/usr/sbin:/usr/bin:/sbin:/bin:/usr/games:/usr/local/games:/usr/lib/wsl/lib:/mnt/c/Program Files/NVIDIA GPU Computing Toolkit/CUDA/v12.8/bin:/mnt/c/Program Files/NVIDIA GPU Computing Toolkit/CUDA/v12.8/libnvvp:/mnt/c/Program Files/Python313/Scripts/:/mnt/c/Program Files/Python313/:/mnt/c/Program Files/Common Files/Siemens/Automation/Simatic OAM/bin:/mnt/c/Program Files (x86)/NVIDIA Corporation/PhysX/Common:/mnt/c/Windows/system32:/mnt/c/Windows:/mnt/c/Windows/System32/Wbem:/mnt/c/Windows/System32/WindowsPowerShell/v1.0/:/mnt/c/Windows/System32/OpenSSH/:/mnt/c/Program Files/Microsoft SQL Server/Client SDK/ODBC/170/Tools/Binn/:/mnt/c/Program Files (x86)/Microsoft SQL Server/150/Tools/Binn/:/mnt/c/Program Files/Microsoft SQL Server/150/Tools/Binn/:/mnt/c/Program Files/Microsoft SQL Server/150/DTS/Binn/:/mnt/c/Program Files (x86)/Windows Kits/8.1/Windows Performance Toolkit/:/mnt/c/Program Files/MATLAB/R2023a/runtime/win64:/mnt/c/Program Files/MATLAB/R2023a/bin:/mnt/c/Program Files (x86)/Microsoft SQL Server/Client SDK/ODBC/110/Tools/Binn/:/mnt/c/Program Files (x86)/Microsoft SQL Server/120/Tools/Binn/:/mnt/c/Program Files (x86)/Microsoft SQL Server/120/DTS/Binn/:/mnt/c/Program Files/Python313:/mnt/c/Program Files/Python313/Scripts:/mnt/c/Users/HP/Downloads/pyenv-win-master/pyenv-win-master/pyenv-win/bin:/mnt/c/Users/HP/Downloads/pyenv-win-master/pyenv-win-master:/mnt/c/Users/HP/Downloads/pyenv-win-master:/mnt/c/Program Files/dotnet/:/mnt/c/Users/HP/Downloads:/mnt/c/Program Files/Git/cmd:/mnt/c/Program Files/Git:/mnt/c/Program Files/Git/bin:/mnt/c/Windows/System32:/mnt/c/Users/HP/Downloads/webots_2025a_amd64/data.tar/data/usr/local/bin:/mnt/c/Users/HP/Downloads/webots_2025a_amd64/data.tar/data/usr/local/bin:/mnt/c/Program Files/Webots/bin:/mnt/c/Program Files/NVIDIA Corporation/Nsight Compute 2025.1.1/:/mnt/c/Program Files/Webots/webots.exe:/mnt/c/ProgramData/Microsoft/Windows/Start Menu/Programs/Cyberbotics:/mnt/c/Users/HP/AppData/Local/Microsoft/WindowsApps:/mnt/c/Users/HP/AppData/Local/Programs/Microsoft VS Code/bin:/mnt/c/Program Files (x86)/Nmap:/snap/bin', 'WT_SESSION': 'cfbbc639-84d1-4f9f-a043-8c4a67e5f0eb', 'XDG_RUNTIME_DIR': '/mnt/wslg/runtime-dir', 'DISPLAY': ':0', 'LANG': 'en_US.UTF-8', 'AMENT_PREFIX_PATH': '/home/jala/ros2_ws/install/turtlebot3_rl_env:/home/jala/ros2_ws/install/turtlebot3_rl:/opt/ros/humble', 'SHELL': '/bin/bash', 'PWD': '/home/jala/ros2_ws/build/turtlebot3_rl_env', 'XDG_DATA_DIRS': '/usr/local/share:/usr/share:/var/lib/snapd/desktop', 'PYTHONPATH': '/home/jala/ros2_ws/build/turtlebot3_rl_env/prefix_override:/usr/lib/python3/dist-packages/colcon_core/task/python/colcon_distutils_commands:/home/jala/ros2_ws/install/turtlebot3_rl_env/lib/python3.10/site-packages:/home/jala/ros2_ws/build/turtlebot3_rl_env:/home/jala/ros2_ws/install/turtlebot3_rl_env/lib/python3.10/site-packages:/opt/ros/humble/lib/python3.10/site-packages:/opt/ros/humble/local/lib/python3.10/dist-packages', 'COLCON': '1', 'WSL2_GUI_APPS_ENABLED': '1', 'HOSTTYPE': 'x86_64', 'CMAKE_PREFIX_PATH': '/home/jala/ros2_ws/install/turtlebot3_rl', 'WSLENV': 'WT_SESSION:WT_PROFILE_ID:'}, 'shell': False}
[1.205895] (-) TimerEvent: {}
[1.306410] (-) TimerEvent: {}
[1.406986] (-) TimerEvent: {}
[1.442207] (turtlebot3_rl_env) StdoutLine: {'line': b'running develop\n'}
[1.507281] (-) TimerEvent: {}
[1.607805] (-) TimerEvent: {}
[1.616996] (turtlebot3_rl_env) StdoutLine: {'line': b'running egg_info\n'}
[1.617305] (turtlebot3_rl_env) StdoutLine: {'line': b'writing turtlebot3_rl_env.egg-info/PKG-INFO\n'}
[1.617578] (turtlebot3_rl_env) StdoutLine: {'line': b'writing dependency_links to turtlebot3_rl_env.egg-info/dependency_links.txt\n'}
[1.617908] (turtlebot3_rl_env) StdoutLine: {'line': b'writing entry points to turtlebot3_rl_env.egg-info/entry_points.txt\n'}
[1.618176] (turtlebot3_rl_env) StdoutLine: {'line': b'writing requirements to turtlebot3_rl_env.egg-info/requires.txt\n'}
[1.618285] (turtlebot3_rl_env) StdoutLine: {'line': b'writing top-level names to turtlebot3_rl_env.egg-info/top_level.txt\n'}
[1.620777] (turtlebot3_rl_env) StdoutLine: {'line': b"reading manifest file 'turtlebot3_rl_env.egg-info/SOURCES.txt'\n"}
[1.621406] (turtlebot3_rl_env) StdoutLine: {'line': b"writing manifest file 'turtlebot3_rl_env.egg-info/SOURCES.txt'\n"}
[1.623064] (turtlebot3_rl_env) StdoutLine: {'line': b'running build_ext\n'}
[1.623638] (turtlebot3_rl_env) StdoutLine: {'line': b'Creating /home/jala/ros2_ws/install/turtlebot3_rl_env/lib/python3.10/site-packages/turtlebot3-rl-env.egg-link (link to .)\n'}
[1.624022] (turtlebot3_rl_env) StdoutLine: {'line': b'Installing train_agent script to /home/jala/ros2_ws/install/turtlebot3_rl_env/lib/turtlebot3_rl_env\n'}
[1.624447] (turtlebot3_rl_env) StdoutLine: {'line': b'Installing turtlebot_rl_env_node script to /home/jala/ros2_ws/install/turtlebot3_rl_env/lib/turtlebot3_rl_env\n'}
[1.624582] (turtlebot3_rl_env) StdoutLine: {'line': b'Installing webots_supervisor_reset_node script to /home/jala/ros2_ws/install/turtlebot3_rl_env/lib/turtlebot3_rl_env\n'}
[1.624874] (turtlebot3_rl_env) StdoutLine: {'line': b'\n'}
[1.624973] (turtlebot3_rl_env) StdoutLine: {'line': b'Installed /home/jala/ros2_ws/build/turtlebot3_rl_env\n'}
[1.625062] (turtlebot3_rl_env) StdoutLine: {'line': b'running symlink_data\n'}
[1.658119] (turtlebot3_rl_env) CommandEnded: {'returncode': 0}
[1.668155] (turtlebot3_rl_env) JobEnded: {'identifier': 'turtlebot3_rl_env', 'rc': 0}
[1.669557] (-) EventReactorShutdown: {}
