[2.589s] Invoking command in '/home/jala/ros2_ws/build/turtlebot3_rl_env': PYTHONPATH=/home/jala/ros2_ws/build/turtlebot3_rl_env/prefix_override:/usr/lib/python3/dist-packages/colcon_core/task/python/colcon_distutils_commands:/home/jala/ros2_ws/install/turtlebot3_rl_env/lib/python3.10/site-packages:${PYTHONPATH} /usr/bin/python3 -W ignore:setup.py install is deprecated -W ignore:easy_install command is deprecated setup.py develop --editable --build-directory /home/jala/ros2_ws/build/turtlebot3_rl_env/build --no-deps symlink_data
[3.325s] running develop
[3.752s] running egg_info
[3.753s] writing turtlebot3_rl_env.egg-info/PKG-INFO
[3.754s] writing dependency_links to turtlebot3_rl_env.egg-info/dependency_links.txt
[3.755s] writing entry points to turtlebot3_rl_env.egg-info/entry_points.txt
[3.756s] writing requirements to turtlebot3_rl_env.egg-info/requires.txt
[3.757s] writing top-level names to turtlebot3_rl_env.egg-info/top_level.txt
[3.762s] reading manifest file 'turtlebot3_rl_env.egg-info/SOURCES.txt'
[3.765s] writing manifest file 'turtlebot3_rl_env.egg-info/SOURCES.txt'
[3.767s] running build_ext
[3.768s] Creating /home/jala/ros2_ws/install/turtlebot3_rl_env/lib/python3.10/site-packages/turtlebot3-rl-env.egg-link (link to .)
[3.769s] Installing ppo_evaluation_agent script to /home/jala/ros2_ws/install/turtlebot3_rl_env/lib/turtlebot3_rl_env
[3.770s] Installing sac_evaluation_agent script to /home/jala/ros2_ws/install/turtlebot3_rl_env/lib/turtlebot3_rl_env
[3.771s] Installing train_agent script to /home/jala/ros2_ws/install/turtlebot3_rl_env/lib/turtlebot3_rl_env
[3.771s] Installing turtlebot_rl_env_node script to /home/jala/ros2_ws/install/turtlebot3_rl_env/lib/turtlebot3_rl_env
[3.772s] Installing webots_supervisor_reset_node script to /home/jala/ros2_ws/install/turtlebot3_rl_env/lib/turtlebot3_rl_env
[3.772s] 
[3.772s] Installed /home/jala/ros2_ws/build/turtlebot3_rl_env
[3.772s] running symlink_data
[3.847s] Invoked command in '/home/jala/ros2_ws/build/turtlebot3_rl_env' returned '0': PYTHONPATH=/home/jala/ros2_ws/build/turtlebot3_rl_env/prefix_override:/usr/lib/python3/dist-packages/colcon_core/task/python/colcon_distutils_commands:/home/jala/ros2_ws/install/turtlebot3_rl_env/lib/python3.10/site-packages:${PYTHONPATH} /usr/bin/python3 -W ignore:setup.py install is deprecated -W ignore:easy_install command is deprecated setup.py develop --editable --build-directory /home/jala/ros2_ws/build/turtlebot3_rl_env/build --no-deps symlink_data
