[0.000000] (-) TimerEvent: {}
[0.002017] (-) JobUnselected: {'identifier': 'test_pkg'}
[0.002179] (-) JobUnselected: {'identifier': 'turtlebot3_rl_env'}
[0.002367] (turtlebot3_rl) JobQueued: {'identifier': 'turtlebot3_rl', 'dependencies': OrderedDict()}
[0.003716] (turtlebot3_rl) JobStarted: {'identifier': 'turtlebot3_rl'}
[0.034504] (turtlebot3_rl) JobProgress: {'identifier': 'turtlebot3_rl', 'progress': 'cmake'}
[0.042072] (turtlebot3_rl) JobProgress: {'identifier': 'turtlebot3_rl', 'progress': 'build'}
[0.042320] (turtlebot3_rl) Command: {'cmd': ['/usr/bin/cmake', '--build', '/home/jala/ros2_ws/build/turtlebot3_rl', '--', '-j8', '-l8'], 'cwd': '/home/jala/ros2_ws/build/turtlebot3_rl', 'env': OrderedDict([('USER', 'jala'), ('SHLVL', '1'), ('LD_LIBRARY_PATH', '/usr/lib/x86_64-linux-gnu/gazebo-11/plugins:/opt/ros/humble/opt/rviz_ogre_vendor/lib:/opt/ros/humble/lib/x86_64-linux-gnu:/opt/ros/humble/lib'), ('WT_PROFILE_ID', '{4ff56d04-d9cf-57ea-bae2-ad396374e7e3}'), ('HOME', '/home/jala'), ('OLDPWD', '/home/jala/ros2_ws'), ('ROS_PYTHON_VERSION', '3'), ('WSL_DISTRO_NAME', 'Ubuntu-22.04'), ('WAYLAND_DISPLAY', 'wayland-0'), ('COLCON_PREFIX_PATH', '/home/jala/ros2_ws/install'), ('ROS_DISTRO', 'humble'), ('LOGNAME', 'jala'), ('NAME', 'DESKTOP-FN3M0B8'), ('WSL_INTEROP', '/run/WSL/21304_interop'), ('PULSE_SERVER', 'unix:/mnt/wslg/PulseServer'), ('_', '/usr/bin/colcon'), ('ROS_VERSION', '2'), ('TERM', 'xterm-256color'), ('ROS_LOCALHOST_ONLY', '0'), ('PATH', '/home/jala/.local/bin:/opt/ros/humble/bin:/usr/local/sbin:/usr/local/bin:/usr/sbin:/usr/bin:/sbin:/bin:/usr/games:/usr/local/games:/usr/lib/wsl/lib:/mnt/c/Program Files/NVIDIA GPU Computing Toolkit/CUDA/v12.8/bin:/mnt/c/Program Files/NVIDIA GPU Computing Toolkit/CUDA/v12.8/libnvvp:/mnt/c/Program Files/Python313/Scripts/:/mnt/c/Program Files/Python313/:/mnt/c/Program Files/Common Files/Siemens/Automation/Simatic OAM/bin:/mnt/c/Program Files (x86)/NVIDIA Corporation/PhysX/Common:/mnt/c/Windows/system32:/mnt/c/Windows:/mnt/c/Windows/System32/Wbem:/mnt/c/Windows/System32/WindowsPowerShell/v1.0/:/mnt/c/Windows/System32/OpenSSH/:/mnt/c/Program Files/Microsoft SQL Server/Client SDK/ODBC/170/Tools/Binn/:/mnt/c/Program Files (x86)/Microsoft SQL Server/150/Tools/Binn/:/mnt/c/Program Files/Microsoft SQL Server/150/Tools/Binn/:/mnt/c/Program Files/Microsoft SQL Server/150/DTS/Binn/:/mnt/c/Program Files (x86)/Windows Kits/8.1/Windows Performance Toolkit/:/mnt/c/Program Files/MATLAB/R2023a/runtime/win64:/mnt/c/Program Files/MATLAB/R2023a/bin:/mnt/c/Program Files (x86)/Microsoft SQL Server/Client SDK/ODBC/110/Tools/Binn/:/mnt/c/Program Files (x86)/Microsoft SQL Server/120/Tools/Binn/:/mnt/c/Program Files (x86)/Microsoft SQL Server/120/DTS/Binn/:/mnt/c/Program Files/Python313:/mnt/c/Program Files/Python313/Scripts:/mnt/c/Users/HP/Downloads/pyenv-win-master/pyenv-win-master/pyenv-win/bin:/mnt/c/Users/HP/Downloads/pyenv-win-master/pyenv-win-master:/mnt/c/Users/HP/Downloads/pyenv-win-master:/mnt/c/Program Files/dotnet/:/mnt/c/Users/HP/Downloads:/mnt/c/Program Files/Git/cmd:/mnt/c/Program Files/Git:/mnt/c/Program Files/Git/bin:/mnt/c/Windows/System32:/mnt/c/Users/HP/Downloads/webots_2025a_amd64/data.tar/data/usr/local/bin:/mnt/c/Users/HP/Downloads/webots_2025a_amd64/data.tar/data/usr/local/bin:/mnt/c/Program Files/Webots/bin:/mnt/c/Program Files/NVIDIA Corporation/Nsight Compute 2025.1.1/:/mnt/c/Program Files/Webots/webots.exe:/mnt/c/ProgramData/Microsoft/Windows/Start Menu/Programs/Cyberbotics:/mnt/c/Users/HP/AppData/Local/Microsoft/WindowsApps:/mnt/c/Users/HP/AppData/Local/Programs/Microsoft VS Code/bin:/mnt/c/Program Files (x86)/Nmap:/snap/bin'), ('WT_SESSION', 'cfbbc639-84d1-4f9f-a043-8c4a67e5f0eb'), ('XDG_RUNTIME_DIR', '/mnt/wslg/runtime-dir'), ('DISPLAY', ':0'), ('LANG', 'en_US.UTF-8'), ('AMENT_PREFIX_PATH', '/home/jala/ros2_ws/install/turtlebot3_rl_env:/home/jala/ros2_ws/install/turtlebot3_rl:/opt/ros/humble'), ('SHELL', '/bin/bash'), ('PWD', '/home/jala/ros2_ws/build/turtlebot3_rl'), ('XDG_DATA_DIRS', '/usr/local/share:/usr/share:/var/lib/snapd/desktop'), ('PYTHONPATH', '/home/jala/ros2_ws/build/turtlebot3_rl_env:/home/jala/ros2_ws/install/turtlebot3_rl_env/lib/python3.10/site-packages:/opt/ros/humble/lib/python3.10/site-packages:/opt/ros/humble/local/lib/python3.10/dist-packages'), ('COLCON', '1'), ('WSL2_GUI_APPS_ENABLED', '1'), ('HOSTTYPE', 'x86_64'), ('CMAKE_PREFIX_PATH', '/home/jala/ros2_ws/install/turtlebot3_rl:/home/jala/ros2_ws/install/turtlebot3_rl_env:/opt/ros/humble'), ('WSLENV', 'WT_SESSION:WT_PROFILE_ID:')]), 'shell': False}
[0.098419] (-) TimerEvent: {}
[0.199438] (-) TimerEvent: {}
[0.300299] (-) TimerEvent: {}
[0.401555] (-) TimerEvent: {}
[0.428819] (turtlebot3_rl) CommandEnded: {'returncode': 0}
[0.432609] (turtlebot3_rl) JobProgress: {'identifier': 'turtlebot3_rl', 'progress': 'install'}
[0.455279] (turtlebot3_rl) Command: {'cmd': ['/usr/bin/cmake', '--install', '/home/jala/ros2_ws/build/turtlebot3_rl'], 'cwd': '/home/jala/ros2_ws/build/turtlebot3_rl', 'env': OrderedDict([('USER', 'jala'), ('SHLVL', '1'), ('LD_LIBRARY_PATH', '/usr/lib/x86_64-linux-gnu/gazebo-11/plugins:/opt/ros/humble/opt/rviz_ogre_vendor/lib:/opt/ros/humble/lib/x86_64-linux-gnu:/opt/ros/humble/lib'), ('WT_PROFILE_ID', '{4ff56d04-d9cf-57ea-bae2-ad396374e7e3}'), ('HOME', '/home/jala'), ('OLDPWD', '/home/jala/ros2_ws'), ('ROS_PYTHON_VERSION', '3'), ('WSL_DISTRO_NAME', 'Ubuntu-22.04'), ('WAYLAND_DISPLAY', 'wayland-0'), ('COLCON_PREFIX_PATH', '/home/jala/ros2_ws/install'), ('ROS_DISTRO', 'humble'), ('LOGNAME', 'jala'), ('NAME', 'DESKTOP-FN3M0B8'), ('WSL_INTEROP', '/run/WSL/21304_interop'), ('PULSE_SERVER', 'unix:/mnt/wslg/PulseServer'), ('_', '/usr/bin/colcon'), ('ROS_VERSION', '2'), ('TERM', 'xterm-256color'), ('ROS_LOCALHOST_ONLY', '0'), ('PATH', '/home/jala/.local/bin:/opt/ros/humble/bin:/usr/local/sbin:/usr/local/bin:/usr/sbin:/usr/bin:/sbin:/bin:/usr/games:/usr/local/games:/usr/lib/wsl/lib:/mnt/c/Program Files/NVIDIA GPU Computing Toolkit/CUDA/v12.8/bin:/mnt/c/Program Files/NVIDIA GPU Computing Toolkit/CUDA/v12.8/libnvvp:/mnt/c/Program Files/Python313/Scripts/:/mnt/c/Program Files/Python313/:/mnt/c/Program Files/Common Files/Siemens/Automation/Simatic OAM/bin:/mnt/c/Program Files (x86)/NVIDIA Corporation/PhysX/Common:/mnt/c/Windows/system32:/mnt/c/Windows:/mnt/c/Windows/System32/Wbem:/mnt/c/Windows/System32/WindowsPowerShell/v1.0/:/mnt/c/Windows/System32/OpenSSH/:/mnt/c/Program Files/Microsoft SQL Server/Client SDK/ODBC/170/Tools/Binn/:/mnt/c/Program Files (x86)/Microsoft SQL Server/150/Tools/Binn/:/mnt/c/Program Files/Microsoft SQL Server/150/Tools/Binn/:/mnt/c/Program Files/Microsoft SQL Server/150/DTS/Binn/:/mnt/c/Program Files (x86)/Windows Kits/8.1/Windows Performance Toolkit/:/mnt/c/Program Files/MATLAB/R2023a/runtime/win64:/mnt/c/Program Files/MATLAB/R2023a/bin:/mnt/c/Program Files (x86)/Microsoft SQL Server/Client SDK/ODBC/110/Tools/Binn/:/mnt/c/Program Files (x86)/Microsoft SQL Server/120/Tools/Binn/:/mnt/c/Program Files (x86)/Microsoft SQL Server/120/DTS/Binn/:/mnt/c/Program Files/Python313:/mnt/c/Program Files/Python313/Scripts:/mnt/c/Users/HP/Downloads/pyenv-win-master/pyenv-win-master/pyenv-win/bin:/mnt/c/Users/HP/Downloads/pyenv-win-master/pyenv-win-master:/mnt/c/Users/HP/Downloads/pyenv-win-master:/mnt/c/Program Files/dotnet/:/mnt/c/Users/HP/Downloads:/mnt/c/Program Files/Git/cmd:/mnt/c/Program Files/Git:/mnt/c/Program Files/Git/bin:/mnt/c/Windows/System32:/mnt/c/Users/HP/Downloads/webots_2025a_amd64/data.tar/data/usr/local/bin:/mnt/c/Users/HP/Downloads/webots_2025a_amd64/data.tar/data/usr/local/bin:/mnt/c/Program Files/Webots/bin:/mnt/c/Program Files/NVIDIA Corporation/Nsight Compute 2025.1.1/:/mnt/c/Program Files/Webots/webots.exe:/mnt/c/ProgramData/Microsoft/Windows/Start Menu/Programs/Cyberbotics:/mnt/c/Users/HP/AppData/Local/Microsoft/WindowsApps:/mnt/c/Users/HP/AppData/Local/Programs/Microsoft VS Code/bin:/mnt/c/Program Files (x86)/Nmap:/snap/bin'), ('WT_SESSION', 'cfbbc639-84d1-4f9f-a043-8c4a67e5f0eb'), ('XDG_RUNTIME_DIR', '/mnt/wslg/runtime-dir'), ('DISPLAY', ':0'), ('LANG', 'en_US.UTF-8'), ('AMENT_PREFIX_PATH', '/home/jala/ros2_ws/install/turtlebot3_rl_env:/home/jala/ros2_ws/install/turtlebot3_rl:/opt/ros/humble'), ('SHELL', '/bin/bash'), ('PWD', '/home/jala/ros2_ws/build/turtlebot3_rl'), ('XDG_DATA_DIRS', '/usr/local/share:/usr/share:/var/lib/snapd/desktop'), ('PYTHONPATH', '/home/jala/ros2_ws/build/turtlebot3_rl_env:/home/jala/ros2_ws/install/turtlebot3_rl_env/lib/python3.10/site-packages:/opt/ros/humble/lib/python3.10/site-packages:/opt/ros/humble/local/lib/python3.10/dist-packages'), ('COLCON', '1'), ('WSL2_GUI_APPS_ENABLED', '1'), ('HOSTTYPE', 'x86_64'), ('CMAKE_PREFIX_PATH', '/home/jala/ros2_ws/install/turtlebot3_rl:/home/jala/ros2_ws/install/turtlebot3_rl_env:/opt/ros/humble'), ('WSLENV', 'WT_SESSION:WT_PROFILE_ID:')]), 'shell': False}
[0.485469] (turtlebot3_rl) StdoutLine: {'line': b'-- Install configuration: ""\n'}
[0.490551] (turtlebot3_rl) StdoutLine: {'line': b'-- Execute custom install script\n'}
[0.496657] (turtlebot3_rl) StdoutLine: {'line': b'-- Up-to-date symlink: /home/jala/ros2_ws/install/turtlebot3_rl/share/turtlebot3_rl//worlds/.warehouse_world.jpg\n'}
[0.498128] (turtlebot3_rl) StdoutLine: {'line': b'-- Up-to-date symlink: /home/jala/ros2_ws/install/turtlebot3_rl/share/turtlebot3_rl//worlds/.warehouse_world.wbproj\n'}
[0.498957] (turtlebot3_rl) StdoutLine: {'line': b'-- Up-to-date symlink: /home/jala/ros2_ws/install/turtlebot3_rl/share/turtlebot3_rl//worlds/.warehouse_world_backup.jpg\n'}
[0.500165] (turtlebot3_rl) StdoutLine: {'line': b'-- Up-to-date symlink: /home/jala/ros2_ws/install/turtlebot3_rl/share/turtlebot3_rl//worlds/.warehouse_world_backup.wbproj\n'}
[0.501528] (turtlebot3_rl) StdoutLine: {'line': b'-- Up-to-date symlink: /home/jala/ros2_ws/install/turtlebot3_rl/share/turtlebot3_rl//worlds/warehouse_world.wbt\n'}
[0.501928] (-) TimerEvent: {}
[0.504370] (turtlebot3_rl) StdoutLine: {'line': b'-- Up-to-date symlink: /home/jala/ros2_ws/install/turtlebot3_rl/share/turtlebot3_rl//worlds/warehouse_world_backup.wbt\n'}
[0.505268] (turtlebot3_rl) StdoutLine: {'line': b'-- Up-to-date symlink: /home/jala/ros2_ws/install/turtlebot3_rl/share/ament_index/resource_index/package_run_dependencies/turtlebot3_rl\n'}
[0.507437] (turtlebot3_rl) StdoutLine: {'line': b'-- Up-to-date symlink: /home/jala/ros2_ws/install/turtlebot3_rl/share/ament_index/resource_index/parent_prefix_path/turtlebot3_rl\n'}
[0.508370] (turtlebot3_rl) StdoutLine: {'line': b'-- Up-to-date symlink: /home/jala/ros2_ws/install/turtlebot3_rl/share/turtlebot3_rl/environment/ament_prefix_path.sh\n'}
[0.509109] (turtlebot3_rl) StdoutLine: {'line': b'-- Up-to-date symlink: /home/jala/ros2_ws/install/turtlebot3_rl/share/turtlebot3_rl/environment/ament_prefix_path.dsv\n'}
[0.510317] (turtlebot3_rl) StdoutLine: {'line': b'-- Up-to-date symlink: /home/jala/ros2_ws/install/turtlebot3_rl/share/turtlebot3_rl/environment/path.sh\n'}
[0.510907] (turtlebot3_rl) StdoutLine: {'line': b'-- Up-to-date symlink: /home/jala/ros2_ws/install/turtlebot3_rl/share/turtlebot3_rl/environment/path.dsv\n'}
[0.512240] (turtlebot3_rl) StdoutLine: {'line': b'-- Up-to-date symlink: /home/jala/ros2_ws/install/turtlebot3_rl/share/turtlebot3_rl/local_setup.bash\n'}
[0.513204] (turtlebot3_rl) StdoutLine: {'line': b'-- Up-to-date symlink: /home/jala/ros2_ws/install/turtlebot3_rl/share/turtlebot3_rl/local_setup.sh\n'}
[0.514363] (turtlebot3_rl) StdoutLine: {'line': b'-- Up-to-date symlink: /home/jala/ros2_ws/install/turtlebot3_rl/share/turtlebot3_rl/local_setup.zsh\n'}
[0.514942] (turtlebot3_rl) StdoutLine: {'line': b'-- Up-to-date symlink: /home/jala/ros2_ws/install/turtlebot3_rl/share/turtlebot3_rl/local_setup.dsv\n'}
[0.515579] (turtlebot3_rl) StdoutLine: {'line': b'-- Symlinking: /home/jala/ros2_ws/install/turtlebot3_rl/share/turtlebot3_rl/package.dsv\n'}
[0.540255] (turtlebot3_rl) StdoutLine: {'line': b'-- Up-to-date symlink: /home/jala/ros2_ws/install/turtlebot3_rl/share/ament_index/resource_index/packages/turtlebot3_rl\n'}
[0.541143] (turtlebot3_rl) StdoutLine: {'line': b'-- Up-to-date symlink: /home/jala/ros2_ws/install/turtlebot3_rl/share/turtlebot3_rl/cmake/turtlebot3_rlConfig.cmake\n'}
[0.542035] (turtlebot3_rl) StdoutLine: {'line': b'-- Up-to-date symlink: /home/jala/ros2_ws/install/turtlebot3_rl/share/turtlebot3_rl/cmake/turtlebot3_rlConfig-version.cmake\n'}
[0.542830] (turtlebot3_rl) StdoutLine: {'line': b'-- Up-to-date symlink: /home/jala/ros2_ws/install/turtlebot3_rl/share/turtlebot3_rl/package.xml\n'}
[0.544313] (turtlebot3_rl) StdoutLine: {'line': b'-- Up-to-date: /home/jala/ros2_ws/install/turtlebot3_rl/share/turtlebot3_rl//launch\n'}
[0.544885] (turtlebot3_rl) StdoutLine: {'line': b'-- Up-to-date: /home/jala/ros2_ws/install/turtlebot3_rl/share/turtlebot3_rl//launch/warehouse_driver_launch.py\n'}
[0.545069] (turtlebot3_rl) StdoutLine: {'line': b'-- Up-to-date: /home/jala/ros2_ws/install/turtlebot3_rl/share/turtlebot3_rl//launch/warehouse_launch.py\n'}
[0.551483] (turtlebot3_rl) CommandEnded: {'returncode': 0}
[0.602709] (-) TimerEvent: {}
[0.619697] (turtlebot3_rl) JobEnded: {'identifier': 'turtlebot3_rl', 'rc': 0}
[0.623254] (-) EventReactorShutdown: {}
