[0.657s] Invoking command in '/home/jala/ros2_ws/build/turtlebot3_rl_env': PYTHONPATH=/home/jala/ros2_ws/build/turtlebot3_rl_env/prefix_override:/usr/lib/python3/dist-packages/colcon_core/task/python/colcon_distutils_commands:/home/jala/ros2_ws/install/turtlebot3_rl_env/lib/python3.10/site-packages:${PYTHONPATH} /usr/bin/python3 -W ignore:setup.py install is deprecated -W ignore:easy_install command is deprecated setup.py develop --editable --build-directory /home/jala/ros2_ws/build/turtlebot3_rl_env/build --no-deps symlink_data
[0.915s] running develop
[1.081s] running egg_info
[1.081s] writing turtlebot3_rl_env.egg-info/PKG-INFO
[1.082s] writing dependency_links to turtlebot3_rl_env.egg-info/dependency_links.txt
[1.083s] writing entry points to turtlebot3_rl_env.egg-info/entry_points.txt
[1.083s] writing requirements to turtlebot3_rl_env.egg-info/requires.txt
[1.083s] writing top-level names to turtlebot3_rl_env.egg-info/top_level.txt
[1.085s] reading manifest file 'turtlebot3_rl_env.egg-info/SOURCES.txt'
[1.085s] writing manifest file 'turtlebot3_rl_env.egg-info/SOURCES.txt'
[1.086s] running build_ext
[1.087s] Creating /home/jala/ros2_ws/install/turtlebot3_rl_env/lib/python3.10/site-packages/turtlebot3-rl-env.egg-link (link to .)
[1.087s] Installing ppo_evaluation_agent script to /home/jala/ros2_ws/install/turtlebot3_rl_env/lib/turtlebot3_rl_env
[1.088s] Installing sac_evaluation_agent script to /home/jala/ros2_ws/install/turtlebot3_rl_env/lib/turtlebot3_rl_env
[1.088s] Installing train_agent script to /home/jala/ros2_ws/install/turtlebot3_rl_env/lib/turtlebot3_rl_env
[1.088s] Installing turtlebot_rl_env_node script to /home/jala/ros2_ws/install/turtlebot3_rl_env/lib/turtlebot3_rl_env
[1.088s] Installing webots_supervisor_reset_node script to /home/jala/ros2_ws/install/turtlebot3_rl_env/lib/turtlebot3_rl_env
[1.088s] 
[1.088s] Installed /home/jala/ros2_ws/build/turtlebot3_rl_env
[1.088s] running symlink_data
[1.114s] Invoked command in '/home/jala/ros2_ws/build/turtlebot3_rl_env' returned '0': PYTHONPATH=/home/jala/ros2_ws/build/turtlebot3_rl_env/prefix_override:/usr/lib/python3/dist-packages/colcon_core/task/python/colcon_distutils_commands:/home/jala/ros2_ws/install/turtlebot3_rl_env/lib/python3.10/site-packages:${PYTHONPATH} /usr/bin/python3 -W ignore:setup.py install is deprecated -W ignore:easy_install command is deprecated setup.py develop --editable --build-directory /home/jala/ros2_ws/build/turtlebot3_rl_env/build --no-deps symlink_data
