[0.828s] DEBUG:colcon:Command line arguments: ['/usr/bin/colcon', 'build', '--packages-select', 'turtlebot3_rl_env', '--symlink-install']
[0.828s] DEBUG:colcon:Parsed command line arguments: Namespace(log_base=None, log_level=None, verb_name='build', build_base='build', install_base='install', merge_install=False, symlink_install=True, test_result_base=None, continue_on_error=False, executor='parallel', parallel_workers=8, event_handlers=None, ignore_user_meta=False, metas=['./colcon.meta'], base_paths=['.'], packages_ignore=None, packages_ignore_regex=None, paths=None, packages_up_to=None, packages_up_to_regex=None, packages_above=None, packages_above_and_dependencies=None, packages_above_depth=None, packages_select_by_dep=None, packages_skip_by_dep=None, packages_skip_up_to=None, packages_select_build_failed=False, packages_skip_build_finished=False, packages_select_test_failures=False, packages_skip_test_passed=False, packages_select=['turtlebot3_rl_env'], packages_skip=None, packages_select_regex=None, packages_skip_regex=None, packages_start=None, packages_end=None, allow_overriding=[], cmake_args=None, cmake_target=None, cmake_target_skip_unavailable=False, cmake_clean_cache=False, cmake_clean_first=False, cmake_force_configure=False, ament_cmake_args=None, catkin_cmake_args=None, catkin_skip_building_tests=False, mixin_files=None, mixin=None, verb_parser=<colcon_mixin.mixin.mixin_argument.MixinArgumentDecorator object at 0x7f1a2778f4c0>, verb_extension=<colcon_core.verb.build.BuildVerb object at 0x7f1a278e0340>, main=<bound method BuildVerb.main of <colcon_core.verb.build.BuildVerb object at 0x7f1a278e0340>>, mixin_verb=('build',))
[1.484s] Level 1:colcon.colcon_core.package_discovery:discover_packages(colcon_meta) check parameters
[1.484s] Level 1:colcon.colcon_core.package_discovery:discover_packages(recursive) check parameters
[1.484s] Level 1:colcon.colcon_core.package_discovery:discover_packages(ignore) check parameters
[1.485s] Level 1:colcon.colcon_core.package_discovery:discover_packages(path) check parameters
[1.485s] Level 1:colcon.colcon_core.package_discovery:discover_packages(colcon_meta) discover
[1.485s] Level 1:colcon.colcon_core.package_discovery:discover_packages(recursive) discover
[1.485s] INFO:colcon.colcon_core.package_discovery:Crawling recursively for packages in '/home/jala/ros2_ws'
[1.486s] Level 1:colcon.colcon_core.package_identification:_identify(.) by extensions ['ignore', 'ignore_ament_install']
[1.486s] Level 1:colcon.colcon_core.package_identification:_identify(.) by extension 'ignore'
[1.487s] Level 1:colcon.colcon_core.package_identification:_identify(.) by extension 'ignore_ament_install'
[1.487s] Level 1:colcon.colcon_core.package_identification:_identify(.) by extensions ['colcon_pkg']
[1.487s] Level 1:colcon.colcon_core.package_identification:_identify(.) by extension 'colcon_pkg'
[1.488s] Level 1:colcon.colcon_core.package_identification:_identify(.) by extensions ['colcon_meta']
[1.488s] Level 1:colcon.colcon_core.package_identification:_identify(.) by extension 'colcon_meta'
[1.488s] Level 1:colcon.colcon_core.package_identification:_identify(.) by extensions ['ros']
[1.488s] Level 1:colcon.colcon_core.package_identification:_identify(.) by extension 'ros'
[1.558s] Level 1:colcon.colcon_core.package_identification:_identify(.) by extensions ['cmake', 'python']
[1.558s] Level 1:colcon.colcon_core.package_identification:_identify(.) by extension 'cmake'
[1.559s] Level 1:colcon.colcon_core.package_identification:_identify(.) by extension 'python'
[1.559s] Level 1:colcon.colcon_core.package_identification:_identify(.) by extensions ['python_setup_py']
[1.559s] Level 1:colcon.colcon_core.package_identification:_identify(.) by extension 'python_setup_py'
[1.560s] Level 1:colcon.colcon_core.package_identification:_identify(build) by extensions ['ignore', 'ignore_ament_install']
[1.560s] Level 1:colcon.colcon_core.package_identification:_identify(build) by extension 'ignore'
[1.560s] Level 1:colcon.colcon_core.package_identification:_identify(build) ignored
[1.561s] Level 1:colcon.colcon_core.package_identification:_identify(install) by extensions ['ignore', 'ignore_ament_install']
[1.561s] Level 1:colcon.colcon_core.package_identification:_identify(install) by extension 'ignore'
[1.561s] Level 1:colcon.colcon_core.package_identification:_identify(install) ignored
[1.561s] Level 1:colcon.colcon_core.package_identification:_identify(log) by extensions ['ignore', 'ignore_ament_install']
[1.561s] Level 1:colcon.colcon_core.package_identification:_identify(log) by extension 'ignore'
[1.561s] Level 1:colcon.colcon_core.package_identification:_identify(log) ignored
[1.562s] Level 1:colcon.colcon_core.package_identification:_identify(protos) by extensions ['ignore', 'ignore_ament_install']
[1.562s] Level 1:colcon.colcon_core.package_identification:_identify(protos) by extension 'ignore'
[1.562s] Level 1:colcon.colcon_core.package_identification:_identify(protos) by extension 'ignore_ament_install'
[1.578s] Level 1:colcon.colcon_core.package_identification:_identify(protos) by extensions ['colcon_pkg']
[1.578s] Level 1:colcon.colcon_core.package_identification:_identify(protos) by extension 'colcon_pkg'
[1.579s] Level 1:colcon.colcon_core.package_identification:_identify(protos) by extensions ['colcon_meta']
[1.579s] Level 1:colcon.colcon_core.package_identification:_identify(protos) by extension 'colcon_meta'
[1.579s] Level 1:colcon.colcon_core.package_identification:_identify(protos) by extensions ['ros']
[1.579s] Level 1:colcon.colcon_core.package_identification:_identify(protos) by extension 'ros'
[1.580s] Level 1:colcon.colcon_core.package_identification:_identify(protos) by extensions ['cmake', 'python']
[1.580s] Level 1:colcon.colcon_core.package_identification:_identify(protos) by extension 'cmake'
[1.581s] Level 1:colcon.colcon_core.package_identification:_identify(protos) by extension 'python'
[1.581s] Level 1:colcon.colcon_core.package_identification:_identify(protos) by extensions ['python_setup_py']
[1.581s] Level 1:colcon.colcon_core.package_identification:_identify(protos) by extension 'python_setup_py'
[1.581s] Level 1:colcon.colcon_core.package_identification:_identify(protos/icons) by extensions ['ignore', 'ignore_ament_install']
[1.581s] Level 1:colcon.colcon_core.package_identification:_identify(protos/icons) by extension 'ignore'
[1.581s] Level 1:colcon.colcon_core.package_identification:_identify(protos/icons) by extension 'ignore_ament_install'
[1.582s] Level 1:colcon.colcon_core.package_identification:_identify(protos/icons) by extensions ['colcon_pkg']
[1.582s] Level 1:colcon.colcon_core.package_identification:_identify(protos/icons) by extension 'colcon_pkg'
[1.582s] Level 1:colcon.colcon_core.package_identification:_identify(protos/icons) by extensions ['colcon_meta']
[1.582s] Level 1:colcon.colcon_core.package_identification:_identify(protos/icons) by extension 'colcon_meta'
[1.582s] Level 1:colcon.colcon_core.package_identification:_identify(protos/icons) by extensions ['ros']
[1.582s] Level 1:colcon.colcon_core.package_identification:_identify(protos/icons) by extension 'ros'
[1.583s] Level 1:colcon.colcon_core.package_identification:_identify(protos/icons) by extensions ['cmake', 'python']
[1.583s] Level 1:colcon.colcon_core.package_identification:_identify(protos/icons) by extension 'cmake'
[1.583s] Level 1:colcon.colcon_core.package_identification:_identify(protos/icons) by extension 'python'
[1.583s] Level 1:colcon.colcon_core.package_identification:_identify(protos/icons) by extensions ['python_setup_py']
[1.583s] Level 1:colcon.colcon_core.package_identification:_identify(protos/icons) by extension 'python_setup_py'
[1.583s] Level 1:colcon.colcon_core.package_identification:_identify(sb3_logs) by extensions ['ignore', 'ignore_ament_install']
[1.583s] Level 1:colcon.colcon_core.package_identification:_identify(sb3_logs) by extension 'ignore'
[1.584s] Level 1:colcon.colcon_core.package_identification:_identify(sb3_logs) by extension 'ignore_ament_install'
[1.584s] Level 1:colcon.colcon_core.package_identification:_identify(sb3_logs) by extensions ['colcon_pkg']
[1.584s] Level 1:colcon.colcon_core.package_identification:_identify(sb3_logs) by extension 'colcon_pkg'
[1.584s] Level 1:colcon.colcon_core.package_identification:_identify(sb3_logs) by extensions ['colcon_meta']
[1.584s] Level 1:colcon.colcon_core.package_identification:_identify(sb3_logs) by extension 'colcon_meta'
[1.584s] Level 1:colcon.colcon_core.package_identification:_identify(sb3_logs) by extensions ['ros']
[1.584s] Level 1:colcon.colcon_core.package_identification:_identify(sb3_logs) by extension 'ros'
[1.584s] Level 1:colcon.colcon_core.package_identification:_identify(sb3_logs) by extensions ['cmake', 'python']
[1.585s] Level 1:colcon.colcon_core.package_identification:_identify(sb3_logs) by extension 'cmake'
[1.585s] Level 1:colcon.colcon_core.package_identification:_identify(sb3_logs) by extension 'python'
[1.585s] Level 1:colcon.colcon_core.package_identification:_identify(sb3_logs) by extensions ['python_setup_py']
[1.585s] Level 1:colcon.colcon_core.package_identification:_identify(sb3_logs) by extension 'python_setup_py'
[1.585s] Level 1:colcon.colcon_core.package_identification:_identify(sb3_logs/PPO_turtlebot3_rl_1) by extensions ['ignore', 'ignore_ament_install']
[1.585s] Level 1:colcon.colcon_core.package_identification:_identify(sb3_logs/PPO_turtlebot3_rl_1) by extension 'ignore'
[1.586s] Level 1:colcon.colcon_core.package_identification:_identify(sb3_logs/PPO_turtlebot3_rl_1) by extension 'ignore_ament_install'
[1.586s] Level 1:colcon.colcon_core.package_identification:_identify(sb3_logs/PPO_turtlebot3_rl_1) by extensions ['colcon_pkg']
[1.586s] Level 1:colcon.colcon_core.package_identification:_identify(sb3_logs/PPO_turtlebot3_rl_1) by extension 'colcon_pkg'
[1.586s] Level 1:colcon.colcon_core.package_identification:_identify(sb3_logs/PPO_turtlebot3_rl_1) by extensions ['colcon_meta']
[1.586s] Level 1:colcon.colcon_core.package_identification:_identify(sb3_logs/PPO_turtlebot3_rl_1) by extension 'colcon_meta'
[1.586s] Level 1:colcon.colcon_core.package_identification:_identify(sb3_logs/PPO_turtlebot3_rl_1) by extensions ['ros']
[1.586s] Level 1:colcon.colcon_core.package_identification:_identify(sb3_logs/PPO_turtlebot3_rl_1) by extension 'ros'
[1.587s] Level 1:colcon.colcon_core.package_identification:_identify(sb3_logs/PPO_turtlebot3_rl_1) by extensions ['cmake', 'python']
[1.587s] Level 1:colcon.colcon_core.package_identification:_identify(sb3_logs/PPO_turtlebot3_rl_1) by extension 'cmake'
[1.587s] Level 1:colcon.colcon_core.package_identification:_identify(sb3_logs/PPO_turtlebot3_rl_1) by extension 'python'
[1.587s] Level 1:colcon.colcon_core.package_identification:_identify(sb3_logs/PPO_turtlebot3_rl_1) by extensions ['python_setup_py']
[1.587s] Level 1:colcon.colcon_core.package_identification:_identify(sb3_logs/PPO_turtlebot3_rl_1) by extension 'python_setup_py'
[1.587s] Level 1:colcon.colcon_core.package_identification:_identify(sb3_logs/PPO_turtlebot3_rl_2) by extensions ['ignore', 'ignore_ament_install']
[1.598s] Level 1:colcon.colcon_core.package_identification:_identify(sb3_logs/PPO_turtlebot3_rl_2) by extension 'ignore'
[1.598s] Level 1:colcon.colcon_core.package_identification:_identify(sb3_logs/PPO_turtlebot3_rl_2) by extension 'ignore_ament_install'
[1.598s] Level 1:colcon.colcon_core.package_identification:_identify(sb3_logs/PPO_turtlebot3_rl_2) by extensions ['colcon_pkg']
[1.598s] Level 1:colcon.colcon_core.package_identification:_identify(sb3_logs/PPO_turtlebot3_rl_2) by extension 'colcon_pkg'
[1.649s] Level 1:colcon.colcon_core.package_identification:_identify(sb3_logs/PPO_turtlebot3_rl_2) by extensions ['colcon_meta']
[1.649s] Level 1:colcon.colcon_core.package_identification:_identify(sb3_logs/PPO_turtlebot3_rl_2) by extension 'colcon_meta'
[1.649s] Level 1:colcon.colcon_core.package_identification:_identify(sb3_logs/PPO_turtlebot3_rl_2) by extensions ['ros']
[1.650s] Level 1:colcon.colcon_core.package_identification:_identify(sb3_logs/PPO_turtlebot3_rl_2) by extension 'ros'
[1.650s] Level 1:colcon.colcon_core.package_identification:_identify(sb3_logs/PPO_turtlebot3_rl_2) by extensions ['cmake', 'python']
[1.651s] Level 1:colcon.colcon_core.package_identification:_identify(sb3_logs/PPO_turtlebot3_rl_2) by extension 'cmake'
[1.651s] Level 1:colcon.colcon_core.package_identification:_identify(sb3_logs/PPO_turtlebot3_rl_2) by extension 'python'
[1.651s] Level 1:colcon.colcon_core.package_identification:_identify(sb3_logs/PPO_turtlebot3_rl_2) by extensions ['python_setup_py']
[1.652s] Level 1:colcon.colcon_core.package_identification:_identify(sb3_logs/PPO_turtlebot3_rl_2) by extension 'python_setup_py'
[1.652s] Level 1:colcon.colcon_core.package_identification:_identify(sb3_logs/PPO_turtlebot3_rl_3) by extensions ['ignore', 'ignore_ament_install']
[1.653s] Level 1:colcon.colcon_core.package_identification:_identify(sb3_logs/PPO_turtlebot3_rl_3) by extension 'ignore'
[1.653s] Level 1:colcon.colcon_core.package_identification:_identify(sb3_logs/PPO_turtlebot3_rl_3) by extension 'ignore_ament_install'
[1.653s] Level 1:colcon.colcon_core.package_identification:_identify(sb3_logs/PPO_turtlebot3_rl_3) by extensions ['colcon_pkg']
[1.653s] Level 1:colcon.colcon_core.package_identification:_identify(sb3_logs/PPO_turtlebot3_rl_3) by extension 'colcon_pkg'
[1.653s] Level 1:colcon.colcon_core.package_identification:_identify(sb3_logs/PPO_turtlebot3_rl_3) by extensions ['colcon_meta']
[1.653s] Level 1:colcon.colcon_core.package_identification:_identify(sb3_logs/PPO_turtlebot3_rl_3) by extension 'colcon_meta'
[1.654s] Level 1:colcon.colcon_core.package_identification:_identify(sb3_logs/PPO_turtlebot3_rl_3) by extensions ['ros']
[1.654s] Level 1:colcon.colcon_core.package_identification:_identify(sb3_logs/PPO_turtlebot3_rl_3) by extension 'ros'
[1.654s] Level 1:colcon.colcon_core.package_identification:_identify(sb3_logs/PPO_turtlebot3_rl_3) by extensions ['cmake', 'python']
[1.654s] Level 1:colcon.colcon_core.package_identification:_identify(sb3_logs/PPO_turtlebot3_rl_3) by extension 'cmake'
[1.654s] Level 1:colcon.colcon_core.package_identification:_identify(sb3_logs/PPO_turtlebot3_rl_3) by extension 'python'
[1.654s] Level 1:colcon.colcon_core.package_identification:_identify(sb3_logs/PPO_turtlebot3_rl_3) by extensions ['python_setup_py']
[1.654s] Level 1:colcon.colcon_core.package_identification:_identify(sb3_logs/PPO_turtlebot3_rl_3) by extension 'python_setup_py'
[1.655s] Level 1:colcon.colcon_core.package_identification:_identify(sb3_logs/PPO_turtlebot3_rl_4) by extensions ['ignore', 'ignore_ament_install']
[1.655s] Level 1:colcon.colcon_core.package_identification:_identify(sb3_logs/PPO_turtlebot3_rl_4) by extension 'ignore'
[1.655s] Level 1:colcon.colcon_core.package_identification:_identify(sb3_logs/PPO_turtlebot3_rl_4) by extension 'ignore_ament_install'
[1.655s] Level 1:colcon.colcon_core.package_identification:_identify(sb3_logs/PPO_turtlebot3_rl_4) by extensions ['colcon_pkg']
[1.655s] Level 1:colcon.colcon_core.package_identification:_identify(sb3_logs/PPO_turtlebot3_rl_4) by extension 'colcon_pkg'
[1.655s] Level 1:colcon.colcon_core.package_identification:_identify(sb3_logs/PPO_turtlebot3_rl_4) by extensions ['colcon_meta']
[1.655s] Level 1:colcon.colcon_core.package_identification:_identify(sb3_logs/PPO_turtlebot3_rl_4) by extension 'colcon_meta'
[1.656s] Level 1:colcon.colcon_core.package_identification:_identify(sb3_logs/PPO_turtlebot3_rl_4) by extensions ['ros']
[1.656s] Level 1:colcon.colcon_core.package_identification:_identify(sb3_logs/PPO_turtlebot3_rl_4) by extension 'ros'
[1.656s] Level 1:colcon.colcon_core.package_identification:_identify(sb3_logs/PPO_turtlebot3_rl_4) by extensions ['cmake', 'python']
[1.656s] Level 1:colcon.colcon_core.package_identification:_identify(sb3_logs/PPO_turtlebot3_rl_4) by extension 'cmake'
[1.656s] Level 1:colcon.colcon_core.package_identification:_identify(sb3_logs/PPO_turtlebot3_rl_4) by extension 'python'
[1.656s] Level 1:colcon.colcon_core.package_identification:_identify(sb3_logs/PPO_turtlebot3_rl_4) by extensions ['python_setup_py']
[1.656s] Level 1:colcon.colcon_core.package_identification:_identify(sb3_logs/PPO_turtlebot3_rl_4) by extension 'python_setup_py'
[1.656s] Level 1:colcon.colcon_core.package_identification:_identify(sb3_logs/PPO_turtlebot3_rl_5) by extensions ['ignore', 'ignore_ament_install']
[1.657s] Level 1:colcon.colcon_core.package_identification:_identify(sb3_logs/PPO_turtlebot3_rl_5) by extension 'ignore'
[1.657s] Level 1:colcon.colcon_core.package_identification:_identify(sb3_logs/PPO_turtlebot3_rl_5) by extension 'ignore_ament_install'
[1.657s] Level 1:colcon.colcon_core.package_identification:_identify(sb3_logs/PPO_turtlebot3_rl_5) by extensions ['colcon_pkg']
[1.657s] Level 1:colcon.colcon_core.package_identification:_identify(sb3_logs/PPO_turtlebot3_rl_5) by extension 'colcon_pkg'
[1.657s] Level 1:colcon.colcon_core.package_identification:_identify(sb3_logs/PPO_turtlebot3_rl_5) by extensions ['colcon_meta']
[1.657s] Level 1:colcon.colcon_core.package_identification:_identify(sb3_logs/PPO_turtlebot3_rl_5) by extension 'colcon_meta'
[1.657s] Level 1:colcon.colcon_core.package_identification:_identify(sb3_logs/PPO_turtlebot3_rl_5) by extensions ['ros']
[1.657s] Level 1:colcon.colcon_core.package_identification:_identify(sb3_logs/PPO_turtlebot3_rl_5) by extension 'ros'
[1.657s] Level 1:colcon.colcon_core.package_identification:_identify(sb3_logs/PPO_turtlebot3_rl_5) by extensions ['cmake', 'python']
[1.657s] Level 1:colcon.colcon_core.package_identification:_identify(sb3_logs/PPO_turtlebot3_rl_5) by extension 'cmake'
[1.657s] Level 1:colcon.colcon_core.package_identification:_identify(sb3_logs/PPO_turtlebot3_rl_5) by extension 'python'
[1.657s] Level 1:colcon.colcon_core.package_identification:_identify(sb3_logs/PPO_turtlebot3_rl_5) by extensions ['python_setup_py']
[1.657s] Level 1:colcon.colcon_core.package_identification:_identify(sb3_logs/PPO_turtlebot3_rl_5) by extension 'python_setup_py'
[1.658s] Level 1:colcon.colcon_core.package_identification:_identify(sb3_logs/PPO_turtlebot3_rl_6) by extensions ['ignore', 'ignore_ament_install']
[1.658s] Level 1:colcon.colcon_core.package_identification:_identify(sb3_logs/PPO_turtlebot3_rl_6) by extension 'ignore'
[1.658s] Level 1:colcon.colcon_core.package_identification:_identify(sb3_logs/PPO_turtlebot3_rl_6) by extension 'ignore_ament_install'
[1.658s] Level 1:colcon.colcon_core.package_identification:_identify(sb3_logs/PPO_turtlebot3_rl_6) by extensions ['colcon_pkg']
[1.658s] Level 1:colcon.colcon_core.package_identification:_identify(sb3_logs/PPO_turtlebot3_rl_6) by extension 'colcon_pkg'
[1.658s] Level 1:colcon.colcon_core.package_identification:_identify(sb3_logs/PPO_turtlebot3_rl_6) by extensions ['colcon_meta']
[1.658s] Level 1:colcon.colcon_core.package_identification:_identify(sb3_logs/PPO_turtlebot3_rl_6) by extension 'colcon_meta'
[1.658s] Level 1:colcon.colcon_core.package_identification:_identify(sb3_logs/PPO_turtlebot3_rl_6) by extensions ['ros']
[1.658s] Level 1:colcon.colcon_core.package_identification:_identify(sb3_logs/PPO_turtlebot3_rl_6) by extension 'ros'
[1.659s] Level 1:colcon.colcon_core.package_identification:_identify(sb3_logs/PPO_turtlebot3_rl_6) by extensions ['cmake', 'python']
[1.659s] Level 1:colcon.colcon_core.package_identification:_identify(sb3_logs/PPO_turtlebot3_rl_6) by extension 'cmake'
[1.659s] Level 1:colcon.colcon_core.package_identification:_identify(sb3_logs/PPO_turtlebot3_rl_6) by extension 'python'
[1.659s] Level 1:colcon.colcon_core.package_identification:_identify(sb3_logs/PPO_turtlebot3_rl_6) by extensions ['python_setup_py']
[1.659s] Level 1:colcon.colcon_core.package_identification:_identify(sb3_logs/PPO_turtlebot3_rl_6) by extension 'python_setup_py'
[1.659s] Level 1:colcon.colcon_core.package_identification:_identify(sb3_logs/PPO_turtlebot3_rl_7) by extensions ['ignore', 'ignore_ament_install']
[1.659s] Level 1:colcon.colcon_core.package_identification:_identify(sb3_logs/PPO_turtlebot3_rl_7) by extension 'ignore'
[1.659s] Level 1:colcon.colcon_core.package_identification:_identify(sb3_logs/PPO_turtlebot3_rl_7) by extension 'ignore_ament_install'
[1.659s] Level 1:colcon.colcon_core.package_identification:_identify(sb3_logs/PPO_turtlebot3_rl_7) by extensions ['colcon_pkg']
[1.659s] Level 1:colcon.colcon_core.package_identification:_identify(sb3_logs/PPO_turtlebot3_rl_7) by extension 'colcon_pkg'
[1.659s] Level 1:colcon.colcon_core.package_identification:_identify(sb3_logs/PPO_turtlebot3_rl_7) by extensions ['colcon_meta']
[1.660s] Level 1:colcon.colcon_core.package_identification:_identify(sb3_logs/PPO_turtlebot3_rl_7) by extension 'colcon_meta'
[1.660s] Level 1:colcon.colcon_core.package_identification:_identify(sb3_logs/PPO_turtlebot3_rl_7) by extensions ['ros']
[1.660s] Level 1:colcon.colcon_core.package_identification:_identify(sb3_logs/PPO_turtlebot3_rl_7) by extension 'ros'
[1.660s] Level 1:colcon.colcon_core.package_identification:_identify(sb3_logs/PPO_turtlebot3_rl_7) by extensions ['cmake', 'python']
[1.660s] Level 1:colcon.colcon_core.package_identification:_identify(sb3_logs/PPO_turtlebot3_rl_7) by extension 'cmake'
[1.660s] Level 1:colcon.colcon_core.package_identification:_identify(sb3_logs/PPO_turtlebot3_rl_7) by extension 'python'
[1.660s] Level 1:colcon.colcon_core.package_identification:_identify(sb3_logs/PPO_turtlebot3_rl_7) by extensions ['python_setup_py']
[1.660s] Level 1:colcon.colcon_core.package_identification:_identify(sb3_logs/PPO_turtlebot3_rl_7) by extension 'python_setup_py'
[1.660s] Level 1:colcon.colcon_core.package_identification:_identify(sb3_logs/PPO_turtlebot3_rl_8) by extensions ['ignore', 'ignore_ament_install']
[1.660s] Level 1:colcon.colcon_core.package_identification:_identify(sb3_logs/PPO_turtlebot3_rl_8) by extension 'ignore'
[1.660s] Level 1:colcon.colcon_core.package_identification:_identify(sb3_logs/PPO_turtlebot3_rl_8) by extension 'ignore_ament_install'
[1.660s] Level 1:colcon.colcon_core.package_identification:_identify(sb3_logs/PPO_turtlebot3_rl_8) by extensions ['colcon_pkg']
[1.661s] Level 1:colcon.colcon_core.package_identification:_identify(sb3_logs/PPO_turtlebot3_rl_8) by extension 'colcon_pkg'
[1.661s] Level 1:colcon.colcon_core.package_identification:_identify(sb3_logs/PPO_turtlebot3_rl_8) by extensions ['colcon_meta']
[1.661s] Level 1:colcon.colcon_core.package_identification:_identify(sb3_logs/PPO_turtlebot3_rl_8) by extension 'colcon_meta'
[1.661s] Level 1:colcon.colcon_core.package_identification:_identify(sb3_logs/PPO_turtlebot3_rl_8) by extensions ['ros']
[1.661s] Level 1:colcon.colcon_core.package_identification:_identify(sb3_logs/PPO_turtlebot3_rl_8) by extension 'ros'
[1.661s] Level 1:colcon.colcon_core.package_identification:_identify(sb3_logs/PPO_turtlebot3_rl_8) by extensions ['cmake', 'python']
[1.661s] Level 1:colcon.colcon_core.package_identification:_identify(sb3_logs/PPO_turtlebot3_rl_8) by extension 'cmake'
[1.661s] Level 1:colcon.colcon_core.package_identification:_identify(sb3_logs/PPO_turtlebot3_rl_8) by extension 'python'
[1.661s] Level 1:colcon.colcon_core.package_identification:_identify(sb3_logs/PPO_turtlebot3_rl_8) by extensions ['python_setup_py']
[1.661s] Level 1:colcon.colcon_core.package_identification:_identify(sb3_logs/PPO_turtlebot3_rl_8) by extension 'python_setup_py'
[1.671s] Level 1:colcon.colcon_core.package_identification:_identify(src) by extensions ['ignore', 'ignore_ament_install']
[1.672s] Level 1:colcon.colcon_core.package_identification:_identify(src) by extension 'ignore'
[1.672s] Level 1:colcon.colcon_core.package_identification:_identify(src) by extension 'ignore_ament_install'
[1.672s] Level 1:colcon.colcon_core.package_identification:_identify(src) by extensions ['colcon_pkg']
[1.673s] Level 1:colcon.colcon_core.package_identification:_identify(src) by extension 'colcon_pkg'
[1.673s] Level 1:colcon.colcon_core.package_identification:_identify(src) by extensions ['colcon_meta']
[1.673s] Level 1:colcon.colcon_core.package_identification:_identify(src) by extension 'colcon_meta'
[1.673s] Level 1:colcon.colcon_core.package_identification:_identify(src) by extensions ['ros']
[1.673s] Level 1:colcon.colcon_core.package_identification:_identify(src) by extension 'ros'
[1.674s] Level 1:colcon.colcon_core.package_identification:_identify(src) by extensions ['cmake', 'python']
[1.674s] Level 1:colcon.colcon_core.package_identification:_identify(src) by extension 'cmake'
[1.674s] Level 1:colcon.colcon_core.package_identification:_identify(src) by extension 'python'
[1.674s] Level 1:colcon.colcon_core.package_identification:_identify(src) by extensions ['python_setup_py']
[1.674s] Level 1:colcon.colcon_core.package_identification:_identify(src) by extension 'python_setup_py'
[1.675s] Level 1:colcon.colcon_core.package_identification:_identify(src/test_pkg) by extensions ['ignore', 'ignore_ament_install']
[1.675s] Level 1:colcon.colcon_core.package_identification:_identify(src/test_pkg) by extension 'ignore'
[1.675s] Level 1:colcon.colcon_core.package_identification:_identify(src/test_pkg) by extension 'ignore_ament_install'
[1.676s] Level 1:colcon.colcon_core.package_identification:_identify(src/test_pkg) by extensions ['colcon_pkg']
[1.676s] Level 1:colcon.colcon_core.package_identification:_identify(src/test_pkg) by extension 'colcon_pkg'
[1.676s] Level 1:colcon.colcon_core.package_identification:_identify(src/test_pkg) by extensions ['colcon_meta']
[1.676s] Level 1:colcon.colcon_core.package_identification:_identify(src/test_pkg) by extension 'colcon_meta'
[1.676s] Level 1:colcon.colcon_core.package_identification:_identify(src/test_pkg) by extensions ['ros']
[1.676s] Level 1:colcon.colcon_core.package_identification:_identify(src/test_pkg) by extension 'ros'
[1.700s] DEBUG:colcon.colcon_core.package_identification:Package 'src/test_pkg' with type 'ros.ament_cmake' and name 'test_pkg'
[1.701s] Level 1:colcon.colcon_core.package_identification:_identify(src/turtlebot3_rl) by extensions ['ignore', 'ignore_ament_install']
[1.701s] Level 1:colcon.colcon_core.package_identification:_identify(src/turtlebot3_rl) by extension 'ignore'
[1.702s] Level 1:colcon.colcon_core.package_identification:_identify(src/turtlebot3_rl) by extension 'ignore_ament_install'
[1.702s] Level 1:colcon.colcon_core.package_identification:_identify(src/turtlebot3_rl) by extensions ['colcon_pkg']
[1.703s] Level 1:colcon.colcon_core.package_identification:_identify(src/turtlebot3_rl) by extension 'colcon_pkg'
[1.703s] Level 1:colcon.colcon_core.package_identification:_identify(src/turtlebot3_rl) by extensions ['colcon_meta']
[1.703s] Level 1:colcon.colcon_core.package_identification:_identify(src/turtlebot3_rl) by extension 'colcon_meta'
[1.703s] Level 1:colcon.colcon_core.package_identification:_identify(src/turtlebot3_rl) by extensions ['ros']
[1.703s] Level 1:colcon.colcon_core.package_identification:_identify(src/turtlebot3_rl) by extension 'ros'
[1.706s] DEBUG:colcon.colcon_core.package_identification:Package 'src/turtlebot3_rl' with type 'ros.ament_cmake' and name 'turtlebot3_rl'
[1.707s] Level 1:colcon.colcon_core.package_identification:_identify(src/turtlebot3_rl_env) by extensions ['ignore', 'ignore_ament_install']
[1.707s] Level 1:colcon.colcon_core.package_identification:_identify(src/turtlebot3_rl_env) by extension 'ignore'
[1.707s] Level 1:colcon.colcon_core.package_identification:_identify(src/turtlebot3_rl_env) by extension 'ignore_ament_install'
[1.707s] Level 1:colcon.colcon_core.package_identification:_identify(src/turtlebot3_rl_env) by extensions ['colcon_pkg']
[1.707s] Level 1:colcon.colcon_core.package_identification:_identify(src/turtlebot3_rl_env) by extension 'colcon_pkg'
[1.707s] Level 1:colcon.colcon_core.package_identification:_identify(src/turtlebot3_rl_env) by extensions ['colcon_meta']
[1.707s] Level 1:colcon.colcon_core.package_identification:_identify(src/turtlebot3_rl_env) by extension 'colcon_meta'
[1.707s] Level 1:colcon.colcon_core.package_identification:_identify(src/turtlebot3_rl_env) by extensions ['ros']
[1.707s] Level 1:colcon.colcon_core.package_identification:_identify(src/turtlebot3_rl_env) by extension 'ros'
[1.728s] DEBUG:colcon.colcon_core.package_identification:Package 'src/turtlebot3_rl_env' with type 'ros.ament_python' and name 'turtlebot3_rl_env'
[1.729s] Level 1:colcon.colcon_core.package_discovery:discover_packages(recursive) using defaults
[1.729s] Level 1:colcon.colcon_core.package_discovery:discover_packages(ignore) discover
[1.729s] Level 1:colcon.colcon_core.package_discovery:discover_packages(ignore) using defaults
[1.730s] Level 1:colcon.colcon_core.package_discovery:discover_packages(path) discover
[1.730s] Level 1:colcon.colcon_core.package_discovery:discover_packages(path) using defaults
[1.782s] INFO:colcon.colcon_core.package_selection:Skipping not selected package 'test_pkg' in 'src/test_pkg'
[1.782s] INFO:colcon.colcon_core.package_selection:Skipping not selected package 'turtlebot3_rl' in 'src/turtlebot3_rl'
[1.784s] Level 1:colcon.colcon_core.package_discovery:discover_packages(prefix_path) check parameters
[1.784s] Level 1:colcon.colcon_core.package_discovery:discover_packages(prefix_path) discover
[1.791s] DEBUG:colcon.colcon_installed_package_information.package_discovery:Found 2 installed packages in /home/jala/ros2_ws/install
[1.794s] DEBUG:colcon.colcon_installed_package_information.package_discovery:Found 419 installed packages in /opt/ros/humble
[1.798s] Level 1:colcon.colcon_core.package_discovery:discover_packages(prefix_path) using defaults
[2.018s] Level 5:colcon.colcon_core.verb:set package 'turtlebot3_rl_env' build argument 'cmake_args' from command line to 'None'
[2.018s] Level 5:colcon.colcon_core.verb:set package 'turtlebot3_rl_env' build argument 'cmake_target' from command line to 'None'
[2.019s] Level 5:colcon.colcon_core.verb:set package 'turtlebot3_rl_env' build argument 'cmake_target_skip_unavailable' from command line to 'False'
[2.019s] Level 5:colcon.colcon_core.verb:set package 'turtlebot3_rl_env' build argument 'cmake_clean_cache' from command line to 'False'
[2.019s] Level 5:colcon.colcon_core.verb:set package 'turtlebot3_rl_env' build argument 'cmake_clean_first' from command line to 'False'
[2.019s] Level 5:colcon.colcon_core.verb:set package 'turtlebot3_rl_env' build argument 'cmake_force_configure' from command line to 'False'
[2.020s] Level 5:colcon.colcon_core.verb:set package 'turtlebot3_rl_env' build argument 'ament_cmake_args' from command line to 'None'
[2.020s] Level 5:colcon.colcon_core.verb:set package 'turtlebot3_rl_env' build argument 'catkin_cmake_args' from command line to 'None'
[2.020s] Level 5:colcon.colcon_core.verb:set package 'turtlebot3_rl_env' build argument 'catkin_skip_building_tests' from command line to 'False'
[2.020s] DEBUG:colcon.colcon_core.verb:Building package 'turtlebot3_rl_env' with the following arguments: {'ament_cmake_args': None, 'build_base': '/home/jala/ros2_ws/build/turtlebot3_rl_env', 'catkin_cmake_args': None, 'catkin_skip_building_tests': False, 'cmake_args': None, 'cmake_clean_cache': False, 'cmake_clean_first': False, 'cmake_force_configure': False, 'cmake_target': None, 'cmake_target_skip_unavailable': False, 'install_base': '/home/jala/ros2_ws/install/turtlebot3_rl_env', 'merge_install': False, 'path': '/home/jala/ros2_ws/src/turtlebot3_rl_env', 'symlink_install': True, 'test_result_base': None}
[2.021s] INFO:colcon.colcon_core.executor:Executing jobs using 'parallel' executor
[2.025s] DEBUG:colcon.colcon_parallel_executor.executor.parallel:run_until_complete
[2.026s] INFO:colcon.colcon_ros.task.ament_python.build:Building ROS package in '/home/jala/ros2_ws/src/turtlebot3_rl_env' with build type 'ament_python'
[2.027s] Level 1:colcon.colcon_core.shell:create_environment_hook('turtlebot3_rl_env', 'ament_prefix_path')
[2.040s] INFO:colcon.colcon_core.plugin_system:Skipping extension 'colcon_core.shell.bat': Not used on non-Windows systems
[2.041s] INFO:colcon.colcon_core.shell:Creating environment hook '/home/jala/ros2_ws/install/turtlebot3_rl_env/share/turtlebot3_rl_env/hook/ament_prefix_path.ps1'
[2.044s] INFO:colcon.colcon_core.shell:Creating environment descriptor '/home/jala/ros2_ws/install/turtlebot3_rl_env/share/turtlebot3_rl_env/hook/ament_prefix_path.dsv'
[2.045s] INFO:colcon.colcon_core.shell:Creating environment hook '/home/jala/ros2_ws/install/turtlebot3_rl_env/share/turtlebot3_rl_env/hook/ament_prefix_path.sh'
[2.047s] INFO:colcon.colcon_core.shell:Skip shell extension 'powershell' for command environment: Not usable outside of PowerShell
[2.047s] DEBUG:colcon.colcon_core.shell:Skip shell extension 'dsv' for command environment
[2.656s] INFO:colcon.colcon_core.task.python.build:Building Python package in '/home/jala/ros2_ws/src/turtlebot3_rl_env'
[2.657s] INFO:colcon.colcon_core.shell:Skip shell extension 'powershell' for command environment: Not usable outside of PowerShell
[2.657s] DEBUG:colcon.colcon_core.shell:Skip shell extension 'dsv' for command environment
[3.676s] DEBUG:colcon.colcon_core.event_handler.log_command:Invoking command in '/home/jala/ros2_ws/build/turtlebot3_rl_env': PYTHONPATH=/home/jala/ros2_ws/build/turtlebot3_rl_env/prefix_override:/usr/lib/python3/dist-packages/colcon_core/task/python/colcon_distutils_commands:/home/jala/ros2_ws/install/turtlebot3_rl_env/lib/python3.10/site-packages:${PYTHONPATH} /usr/bin/python3 -W ignore:setup.py install is deprecated -W ignore:easy_install command is deprecated setup.py develop --editable --build-directory /home/jala/ros2_ws/build/turtlebot3_rl_env/build --no-deps symlink_data
[4.823s] Level 1:colcon.colcon_core.shell:create_environment_hook('turtlebot3_rl_env', 'pythonpath_develop')
[4.825s] INFO:colcon.colcon_core.shell:Creating environment hook '/home/jala/ros2_ws/build/turtlebot3_rl_env/share/turtlebot3_rl_env/hook/pythonpath_develop.ps1'
[4.827s] DEBUG:colcon.colcon_core.event_handler.log_command:Invoked command in '/home/jala/ros2_ws/build/turtlebot3_rl_env' returned '0': PYTHONPATH=/home/jala/ros2_ws/build/turtlebot3_rl_env/prefix_override:/usr/lib/python3/dist-packages/colcon_core/task/python/colcon_distutils_commands:/home/jala/ros2_ws/install/turtlebot3_rl_env/lib/python3.10/site-packages:${PYTHONPATH} /usr/bin/python3 -W ignore:setup.py install is deprecated -W ignore:easy_install command is deprecated setup.py develop --editable --build-directory /home/jala/ros2_ws/build/turtlebot3_rl_env/build --no-deps symlink_data
[4.828s] INFO:colcon.colcon_core.shell:Creating environment descriptor '/home/jala/ros2_ws/build/turtlebot3_rl_env/share/turtlebot3_rl_env/hook/pythonpath_develop.dsv'
[4.829s] INFO:colcon.colcon_core.shell:Creating environment hook '/home/jala/ros2_ws/build/turtlebot3_rl_env/share/turtlebot3_rl_env/hook/pythonpath_develop.sh'
[4.845s] Level 1:colcon.colcon_core.environment:checking '/home/jala/ros2_ws/install/turtlebot3_rl_env' for CMake module files
[4.846s] Level 1:colcon.colcon_core.environment:checking '/home/jala/ros2_ws/install/turtlebot3_rl_env' for CMake config files
[4.847s] Level 1:colcon.colcon_core.environment:checking '/home/jala/ros2_ws/install/turtlebot3_rl_env/lib'
[4.847s] Level 1:colcon.colcon_core.environment:checking '/home/jala/ros2_ws/install/turtlebot3_rl_env/bin'
[4.847s] Level 1:colcon.colcon_core.environment:checking '/home/jala/ros2_ws/install/turtlebot3_rl_env/lib/pkgconfig/turtlebot3_rl_env.pc'
[4.848s] Level 1:colcon.colcon_core.environment:checking '/home/jala/ros2_ws/install/turtlebot3_rl_env/lib/python3.10/site-packages'
[4.848s] Level 1:colcon.colcon_core.shell:create_environment_hook('turtlebot3_rl_env', 'pythonpath')
[4.849s] INFO:colcon.colcon_core.shell:Creating environment hook '/home/jala/ros2_ws/install/turtlebot3_rl_env/share/turtlebot3_rl_env/hook/pythonpath.ps1'
[4.850s] INFO:colcon.colcon_core.shell:Creating environment descriptor '/home/jala/ros2_ws/install/turtlebot3_rl_env/share/turtlebot3_rl_env/hook/pythonpath.dsv'
[4.852s] INFO:colcon.colcon_core.shell:Creating environment hook '/home/jala/ros2_ws/install/turtlebot3_rl_env/share/turtlebot3_rl_env/hook/pythonpath.sh'
[4.853s] Level 1:colcon.colcon_core.environment:checking '/home/jala/ros2_ws/install/turtlebot3_rl_env/bin'
[4.853s] Level 1:colcon.colcon_core.environment:create_environment_scripts_only(turtlebot3_rl_env)
[4.854s] INFO:colcon.colcon_core.shell:Creating package script '/home/jala/ros2_ws/install/turtlebot3_rl_env/share/turtlebot3_rl_env/package.ps1'
[4.856s] INFO:colcon.colcon_core.shell:Creating package descriptor '/home/jala/ros2_ws/install/turtlebot3_rl_env/share/turtlebot3_rl_env/package.dsv'
[4.857s] INFO:colcon.colcon_core.shell:Creating package script '/home/jala/ros2_ws/install/turtlebot3_rl_env/share/turtlebot3_rl_env/package.sh'
[4.858s] INFO:colcon.colcon_core.shell:Creating package script '/home/jala/ros2_ws/install/turtlebot3_rl_env/share/turtlebot3_rl_env/package.bash'
[4.860s] INFO:colcon.colcon_core.shell:Creating package script '/home/jala/ros2_ws/install/turtlebot3_rl_env/share/turtlebot3_rl_env/package.zsh'
[4.863s] Level 1:colcon.colcon_core.environment:create_file_with_runtime_dependencies(/home/jala/ros2_ws/install/turtlebot3_rl_env/share/colcon-core/packages/turtlebot3_rl_env)
[4.864s] DEBUG:colcon.colcon_parallel_executor.executor.parallel:closing loop
[4.865s] DEBUG:colcon.colcon_parallel_executor.executor.parallel:loop closed
[4.865s] DEBUG:colcon.colcon_parallel_executor.executor.parallel:run_until_complete finished with '0'
[4.866s] DEBUG:colcon.colcon_core.event_reactor:joining thread
[5.065s] INFO:colcon.colcon_core.plugin_system:Skipping extension 'colcon_notification.desktop_notification.notify_send': Could not find 'notify-send'
[5.066s] INFO:colcon.colcon_core.plugin_system:Skipping extension 'colcon_notification.desktop_notification.terminal_notifier': Not used on non-Darwin systems
[5.066s] INFO:colcon.colcon_core.plugin_system:Skipping extension 'colcon_notification.desktop_notification.win32': Not used on non-Windows systems
[5.066s] INFO:colcon.colcon_notification.desktop_notification:Sending desktop notification using 'notify2'
[5.089s] DEBUG:colcon.colcon_notification.desktop_notification.notify2:Failed to initialize notify2: org.freedesktop.DBus.Error.ServiceUnknown: The name org.freedesktop.Notifications was not provided by any .service files
[5.089s] DEBUG:colcon.colcon_core.event_reactor:joined thread
[5.091s] INFO:colcon.colcon_core.shell:Creating prefix script '/home/jala/ros2_ws/install/local_setup.ps1'
[5.095s] INFO:colcon.colcon_core.shell:Creating prefix util module '/home/jala/ros2_ws/install/_local_setup_util_ps1.py'
[5.100s] INFO:colcon.colcon_core.shell:Creating prefix chain script '/home/jala/ros2_ws/install/setup.ps1'
[5.103s] INFO:colcon.colcon_core.shell:Creating prefix script '/home/jala/ros2_ws/install/local_setup.sh'
[5.106s] INFO:colcon.colcon_core.shell:Creating prefix util module '/home/jala/ros2_ws/install/_local_setup_util_sh.py'
[5.108s] INFO:colcon.colcon_core.shell:Creating prefix chain script '/home/jala/ros2_ws/install/setup.sh'
[5.111s] INFO:colcon.colcon_core.shell:Creating prefix script '/home/jala/ros2_ws/install/local_setup.bash'
[5.113s] INFO:colcon.colcon_core.shell:Creating prefix chain script '/home/jala/ros2_ws/install/setup.bash'
[5.116s] INFO:colcon.colcon_core.shell:Creating prefix script '/home/jala/ros2_ws/install/local_setup.zsh'
[5.119s] INFO:colcon.colcon_core.shell:Creating prefix chain script '/home/jala/ros2_ws/install/setup.zsh'
