[0.044s] Invoking command in '/home/jala/ros2_ws/build/turtlebot3_rl': CMAKE_PREFIX_PATH=${CMAKE_PREFIX_PATH}:/home/jala/ros2_ws/install/turtlebot3_rl_env:/opt/ros/humble /usr/bin/cmake --build /home/jala/ros2_ws/build/turtlebot3_rl -- -j8 -l8
[0.543s] Invoked command in '/home/jala/ros2_ws/build/turtlebot3_rl' returned '0': CMAKE_PREFIX_PATH=${CMAKE_PREFIX_PATH}:/home/jala/ros2_ws/install/turtlebot3_rl_env:/opt/ros/humble /usr/bin/cmake --build /home/jala/ros2_ws/build/turtlebot3_rl -- -j8 -l8
[0.559s] Invoking command in '/home/jala/ros2_ws/build/turtlebot3_rl': CMAKE_PREFIX_PATH=${CMAKE_PREFIX_PATH}:/home/jala/ros2_ws/install/turtlebot3_rl_env:/opt/ros/humble /usr/bin/cmake --install /home/jala/ros2_ws/build/turtlebot3_rl
[0.576s] -- Install configuration: ""
[0.582s] -- Execute custom install script
[0.586s] -- Up-to-date symlink: /home/jala/ros2_ws/install/turtlebot3_rl/share/turtlebot3_rl//worlds/.warehouse_world.jpg
[0.587s] -- Up-to-date symlink: /home/jala/ros2_ws/install/turtlebot3_rl/share/turtlebot3_rl//worlds/.warehouse_world.wbproj
[0.588s] -- Up-to-date symlink: /home/jala/ros2_ws/install/turtlebot3_rl/share/turtlebot3_rl//worlds/.warehouse_world_backup.jpg
[0.588s] -- Up-to-date symlink: /home/jala/ros2_ws/install/turtlebot3_rl/share/turtlebot3_rl//worlds/.warehouse_world_backup.wbproj
[0.590s] -- Up-to-date symlink: /home/jala/ros2_ws/install/turtlebot3_rl/share/turtlebot3_rl//worlds/warehouse_world.wbt
[0.591s] -- Up-to-date symlink: /home/jala/ros2_ws/install/turtlebot3_rl/share/turtlebot3_rl//worlds/warehouse_world_backup.wbt
[0.592s] -- Up-to-date symlink: /home/jala/ros2_ws/install/turtlebot3_rl/share/ament_index/resource_index/package_run_dependencies/turtlebot3_rl
[0.593s] -- Up-to-date symlink: /home/jala/ros2_ws/install/turtlebot3_rl/share/ament_index/resource_index/parent_prefix_path/turtlebot3_rl
[0.594s] -- Up-to-date symlink: /home/jala/ros2_ws/install/turtlebot3_rl/share/turtlebot3_rl/environment/ament_prefix_path.sh
[0.596s] -- Up-to-date symlink: /home/jala/ros2_ws/install/turtlebot3_rl/share/turtlebot3_rl/environment/ament_prefix_path.dsv
[0.597s] -- Up-to-date symlink: /home/jala/ros2_ws/install/turtlebot3_rl/share/turtlebot3_rl/environment/path.sh
[0.598s] -- Up-to-date symlink: /home/jala/ros2_ws/install/turtlebot3_rl/share/turtlebot3_rl/environment/path.dsv
[0.599s] -- Up-to-date symlink: /home/jala/ros2_ws/install/turtlebot3_rl/share/turtlebot3_rl/local_setup.bash
[0.599s] -- Up-to-date symlink: /home/jala/ros2_ws/install/turtlebot3_rl/share/turtlebot3_rl/local_setup.sh
[0.601s] -- Up-to-date symlink: /home/jala/ros2_ws/install/turtlebot3_rl/share/turtlebot3_rl/local_setup.zsh
[0.603s] -- Up-to-date symlink: /home/jala/ros2_ws/install/turtlebot3_rl/share/turtlebot3_rl/local_setup.dsv
[0.603s] -- Symlinking: /home/jala/ros2_ws/install/turtlebot3_rl/share/turtlebot3_rl/package.dsv
[0.619s] -- Up-to-date symlink: /home/jala/ros2_ws/install/turtlebot3_rl/share/ament_index/resource_index/packages/turtlebot3_rl
[0.619s] -- Up-to-date symlink: /home/jala/ros2_ws/install/turtlebot3_rl/share/turtlebot3_rl/cmake/turtlebot3_rlConfig.cmake
[0.620s] -- Up-to-date symlink: /home/jala/ros2_ws/install/turtlebot3_rl/share/turtlebot3_rl/cmake/turtlebot3_rlConfig-version.cmake
[0.621s] -- Up-to-date symlink: /home/jala/ros2_ws/install/turtlebot3_rl/share/turtlebot3_rl/package.xml
[0.622s] -- Up-to-date: /home/jala/ros2_ws/install/turtlebot3_rl/share/turtlebot3_rl//launch
[0.623s] -- Up-to-date: /home/jala/ros2_ws/install/turtlebot3_rl/share/turtlebot3_rl//launch/warehouse_driver_launch.py
[0.623s] -- Up-to-date: /home/jala/ros2_ws/install/turtlebot3_rl/share/turtlebot3_rl//launch/warehouse_launch.py
[0.627s] Invoked command in '/home/jala/ros2_ws/build/turtlebot3_rl' returned '0': CMAKE_PREFIX_PATH=${CMAKE_PREFIX_PATH}:/home/jala/ros2_ws/install/turtlebot3_rl_env:/opt/ros/humble /usr/bin/cmake --install /home/jala/ros2_ws/build/turtlebot3_rl
