[0.647s] Invoking command in '/home/jala/ros2_ws/build/turtlebot3_rl_env': PYTHONPATH=/home/jala/ros2_ws/build/turtlebot3_rl_env/prefix_override:/usr/lib/python3/dist-packages/colcon_core/task/python/colcon_distutils_commands:/home/jala/ros2_ws/install/turtlebot3_rl_env/lib/python3.10/site-packages:${PYTHONPATH} /usr/bin/python3 -W ignore:setup.py install is deprecated -W ignore:easy_install command is deprecated setup.py develop --editable --build-directory /home/jala/ros2_ws/build/turtlebot3_rl_env/build --no-deps symlink_data
[0.872s] running develop
[1.019s] running egg_info
[1.021s] writing turtlebot3_rl_env.egg-info/PKG-INFO
[1.022s] writing dependency_links to turtlebot3_rl_env.egg-info/dependency_links.txt
[1.022s] writing entry points to turtlebot3_rl_env.egg-info/entry_points.txt
[1.022s] writing requirements to turtlebot3_rl_env.egg-info/requires.txt
[1.022s] writing top-level names to turtlebot3_rl_env.egg-info/top_level.txt
[1.024s] reading manifest file 'turtlebot3_rl_env.egg-info/SOURCES.txt'
[1.024s] writing manifest file 'turtlebot3_rl_env.egg-info/SOURCES.txt'
[1.026s] running build_ext
[1.026s] Creating /home/jala/ros2_ws/install/turtlebot3_rl_env/lib/python3.10/site-packages/turtlebot3-rl-env.egg-link (link to .)
[1.026s] Installing ppo_evaluation_agent script to /home/jala/ros2_ws/install/turtlebot3_rl_env/lib/turtlebot3_rl_env
[1.027s] Installing sac_evaluation_agent script to /home/jala/ros2_ws/install/turtlebot3_rl_env/lib/turtlebot3_rl_env
[1.028s] Installing train_agent script to /home/jala/ros2_ws/install/turtlebot3_rl_env/lib/turtlebot3_rl_env
[1.028s] Installing turtlebot_rl_env_node script to /home/jala/ros2_ws/install/turtlebot3_rl_env/lib/turtlebot3_rl_env
[1.029s] Installing webots_supervisor_reset_node script to /home/jala/ros2_ws/install/turtlebot3_rl_env/lib/turtlebot3_rl_env
[1.029s] 
[1.029s] Installed /home/jala/ros2_ws/build/turtlebot3_rl_env
[1.029s] running symlink_data
[1.056s] Invoked command in '/home/jala/ros2_ws/build/turtlebot3_rl_env' returned '0': PYTHONPATH=/home/jala/ros2_ws/build/turtlebot3_rl_env/prefix_override:/usr/lib/python3/dist-packages/colcon_core/task/python/colcon_distutils_commands:/home/jala/ros2_ws/install/turtlebot3_rl_env/lib/python3.10/site-packages:${PYTHONPATH} /usr/bin/python3 -W ignore:setup.py install is deprecated -W ignore:easy_install command is deprecated setup.py develop --editable --build-directory /home/jala/ros2_ws/build/turtlebot3_rl_env/build --no-deps symlink_data
