[0.662s] DEBUG:colcon:Command line arguments: ['/usr/bin/colcon', 'build', '--packages-select', 'turtlebot3_rl_env', '--symlink-install']
[0.662s] DEBUG:colcon:Parsed command line arguments: Namespace(log_base=None, log_level=None, verb_name='build', build_base='build', install_base='install', merge_install=False, symlink_install=True, test_result_base=None, continue_on_error=False, executor='parallel', parallel_workers=8, event_handlers=None, ignore_user_meta=False, metas=['./colcon.meta'], base_paths=['.'], packages_ignore=None, packages_ignore_regex=None, paths=None, packages_up_to=None, packages_up_to_regex=None, packages_above=None, packages_above_and_dependencies=None, packages_above_depth=None, packages_select_by_dep=None, packages_skip_by_dep=None, packages_skip_up_to=None, packages_select_build_failed=False, packages_skip_build_finished=False, packages_select_test_failures=False, packages_skip_test_passed=False, packages_select=['turtlebot3_rl_env'], packages_skip=None, packages_select_regex=None, packages_skip_regex=None, packages_start=None, packages_end=None, allow_overriding=[], cmake_args=None, cmake_target=None, cmake_target_skip_unavailable=False, cmake_clean_cache=False, cmake_clean_first=False, cmake_force_configure=False, ament_cmake_args=None, catkin_cmake_args=None, catkin_skip_building_tests=False, mixin_files=None, mixin=None, verb_parser=<colcon_mixin.mixin.mixin_argument.MixinArgumentDecorator object at 0x7fe9e1e935e0>, verb_extension=<colcon_core.verb.build.BuildVerb object at 0x7fe9e1fe4460>, main=<bound method BuildVerb.main of <colcon_core.verb.build.BuildVerb object at 0x7fe9e1fe4460>>, mixin_verb=('build',))
[0.981s] Level 1:colcon.colcon_core.package_discovery:discover_packages(colcon_meta) check parameters
[0.981s] Level 1:colcon.colcon_core.package_discovery:discover_packages(recursive) check parameters
[0.981s] Level 1:colcon.colcon_core.package_discovery:discover_packages(ignore) check parameters
[0.981s] Level 1:colcon.colcon_core.package_discovery:discover_packages(path) check parameters
[0.982s] Level 1:colcon.colcon_core.package_discovery:discover_packages(colcon_meta) discover
[0.982s] Level 1:colcon.colcon_core.package_discovery:discover_packages(recursive) discover
[0.982s] INFO:colcon.colcon_core.package_discovery:Crawling recursively for packages in '/home/jala/ros2_ws'
[0.982s] Level 1:colcon.colcon_core.package_identification:_identify(.) by extensions ['ignore', 'ignore_ament_install']
[0.982s] Level 1:colcon.colcon_core.package_identification:_identify(.) by extension 'ignore'
[0.982s] Level 1:colcon.colcon_core.package_identification:_identify(.) by extension 'ignore_ament_install'
[0.982s] Level 1:colcon.colcon_core.package_identification:_identify(.) by extensions ['colcon_pkg']
[0.982s] Level 1:colcon.colcon_core.package_identification:_identify(.) by extension 'colcon_pkg'
[0.983s] Level 1:colcon.colcon_core.package_identification:_identify(.) by extensions ['colcon_meta']
[0.983s] Level 1:colcon.colcon_core.package_identification:_identify(.) by extension 'colcon_meta'
[0.983s] Level 1:colcon.colcon_core.package_identification:_identify(.) by extensions ['ros']
[0.983s] Level 1:colcon.colcon_core.package_identification:_identify(.) by extension 'ros'
[1.014s] Level 1:colcon.colcon_core.package_identification:_identify(.) by extensions ['cmake', 'python']
[1.014s] Level 1:colcon.colcon_core.package_identification:_identify(.) by extension 'cmake'
[1.015s] Level 1:colcon.colcon_core.package_identification:_identify(.) by extension 'python'
[1.015s] Level 1:colcon.colcon_core.package_identification:_identify(.) by extensions ['python_setup_py']
[1.015s] Level 1:colcon.colcon_core.package_identification:_identify(.) by extension 'python_setup_py'
[1.015s] Level 1:colcon.colcon_core.package_identification:_identify(build) by extensions ['ignore', 'ignore_ament_install']
[1.015s] Level 1:colcon.colcon_core.package_identification:_identify(build) by extension 'ignore'
[1.016s] Level 1:colcon.colcon_core.package_identification:_identify(build) ignored
[1.016s] Level 1:colcon.colcon_core.package_identification:_identify(install) by extensions ['ignore', 'ignore_ament_install']
[1.016s] Level 1:colcon.colcon_core.package_identification:_identify(install) by extension 'ignore'
[1.016s] Level 1:colcon.colcon_core.package_identification:_identify(install) ignored
[1.017s] Level 1:colcon.colcon_core.package_identification:_identify(log) by extensions ['ignore', 'ignore_ament_install']
[1.017s] Level 1:colcon.colcon_core.package_identification:_identify(log) by extension 'ignore'
[1.017s] Level 1:colcon.colcon_core.package_identification:_identify(log) ignored
[1.017s] Level 1:colcon.colcon_core.package_identification:_identify(protos) by extensions ['ignore', 'ignore_ament_install']
[1.017s] Level 1:colcon.colcon_core.package_identification:_identify(protos) by extension 'ignore'
[1.018s] Level 1:colcon.colcon_core.package_identification:_identify(protos) by extension 'ignore_ament_install'
[1.018s] Level 1:colcon.colcon_core.package_identification:_identify(protos) by extensions ['colcon_pkg']
[1.018s] Level 1:colcon.colcon_core.package_identification:_identify(protos) by extension 'colcon_pkg'
[1.018s] Level 1:colcon.colcon_core.package_identification:_identify(protos) by extensions ['colcon_meta']
[1.018s] Level 1:colcon.colcon_core.package_identification:_identify(protos) by extension 'colcon_meta'
[1.018s] Level 1:colcon.colcon_core.package_identification:_identify(protos) by extensions ['ros']
[1.018s] Level 1:colcon.colcon_core.package_identification:_identify(protos) by extension 'ros'
[1.019s] Level 1:colcon.colcon_core.package_identification:_identify(protos) by extensions ['cmake', 'python']
[1.019s] Level 1:colcon.colcon_core.package_identification:_identify(protos) by extension 'cmake'
[1.019s] Level 1:colcon.colcon_core.package_identification:_identify(protos) by extension 'python'
[1.019s] Level 1:colcon.colcon_core.package_identification:_identify(protos) by extensions ['python_setup_py']
[1.019s] Level 1:colcon.colcon_core.package_identification:_identify(protos) by extension 'python_setup_py'
[1.019s] Level 1:colcon.colcon_core.package_identification:_identify(protos/icons) by extensions ['ignore', 'ignore_ament_install']
[1.020s] Level 1:colcon.colcon_core.package_identification:_identify(protos/icons) by extension 'ignore'
[1.020s] Level 1:colcon.colcon_core.package_identification:_identify(protos/icons) by extension 'ignore_ament_install'
[1.020s] Level 1:colcon.colcon_core.package_identification:_identify(protos/icons) by extensions ['colcon_pkg']
[1.020s] Level 1:colcon.colcon_core.package_identification:_identify(protos/icons) by extension 'colcon_pkg'
[1.020s] Level 1:colcon.colcon_core.package_identification:_identify(protos/icons) by extensions ['colcon_meta']
[1.020s] Level 1:colcon.colcon_core.package_identification:_identify(protos/icons) by extension 'colcon_meta'
[1.020s] Level 1:colcon.colcon_core.package_identification:_identify(protos/icons) by extensions ['ros']
[1.020s] Level 1:colcon.colcon_core.package_identification:_identify(protos/icons) by extension 'ros'
[1.020s] Level 1:colcon.colcon_core.package_identification:_identify(protos/icons) by extensions ['cmake', 'python']
[1.020s] Level 1:colcon.colcon_core.package_identification:_identify(protos/icons) by extension 'cmake'
[1.021s] Level 1:colcon.colcon_core.package_identification:_identify(protos/icons) by extension 'python'
[1.021s] Level 1:colcon.colcon_core.package_identification:_identify(protos/icons) by extensions ['python_setup_py']
[1.021s] Level 1:colcon.colcon_core.package_identification:_identify(protos/icons) by extension 'python_setup_py'
[1.021s] Level 1:colcon.colcon_core.package_identification:_identify(sb3_logs) by extensions ['ignore', 'ignore_ament_install']
[1.021s] Level 1:colcon.colcon_core.package_identification:_identify(sb3_logs) by extension 'ignore'
[1.021s] Level 1:colcon.colcon_core.package_identification:_identify(sb3_logs) by extension 'ignore_ament_install'
[1.021s] Level 1:colcon.colcon_core.package_identification:_identify(sb3_logs) by extensions ['colcon_pkg']
[1.021s] Level 1:colcon.colcon_core.package_identification:_identify(sb3_logs) by extension 'colcon_pkg'
[1.021s] Level 1:colcon.colcon_core.package_identification:_identify(sb3_logs) by extensions ['colcon_meta']
[1.021s] Level 1:colcon.colcon_core.package_identification:_identify(sb3_logs) by extension 'colcon_meta'
[1.022s] Level 1:colcon.colcon_core.package_identification:_identify(sb3_logs) by extensions ['ros']
[1.022s] Level 1:colcon.colcon_core.package_identification:_identify(sb3_logs) by extension 'ros'
[1.022s] Level 1:colcon.colcon_core.package_identification:_identify(sb3_logs) by extensions ['cmake', 'python']
[1.022s] Level 1:colcon.colcon_core.package_identification:_identify(sb3_logs) by extension 'cmake'
[1.022s] Level 1:colcon.colcon_core.package_identification:_identify(sb3_logs) by extension 'python'
[1.022s] Level 1:colcon.colcon_core.package_identification:_identify(sb3_logs) by extensions ['python_setup_py']
[1.022s] Level 1:colcon.colcon_core.package_identification:_identify(sb3_logs) by extension 'python_setup_py'
[1.022s] Level 1:colcon.colcon_core.package_identification:_identify(sb3_logs/PPO_turtlebot3_rl_1) by extensions ['ignore', 'ignore_ament_install']
[1.022s] Level 1:colcon.colcon_core.package_identification:_identify(sb3_logs/PPO_turtlebot3_rl_1) by extension 'ignore'
[1.022s] Level 1:colcon.colcon_core.package_identification:_identify(sb3_logs/PPO_turtlebot3_rl_1) by extension 'ignore_ament_install'
[1.023s] Level 1:colcon.colcon_core.package_identification:_identify(sb3_logs/PPO_turtlebot3_rl_1) by extensions ['colcon_pkg']
[1.023s] Level 1:colcon.colcon_core.package_identification:_identify(sb3_logs/PPO_turtlebot3_rl_1) by extension 'colcon_pkg'
[1.023s] Level 1:colcon.colcon_core.package_identification:_identify(sb3_logs/PPO_turtlebot3_rl_1) by extensions ['colcon_meta']
[1.023s] Level 1:colcon.colcon_core.package_identification:_identify(sb3_logs/PPO_turtlebot3_rl_1) by extension 'colcon_meta'
[1.023s] Level 1:colcon.colcon_core.package_identification:_identify(sb3_logs/PPO_turtlebot3_rl_1) by extensions ['ros']
[1.023s] Level 1:colcon.colcon_core.package_identification:_identify(sb3_logs/PPO_turtlebot3_rl_1) by extension 'ros'
[1.023s] Level 1:colcon.colcon_core.package_identification:_identify(sb3_logs/PPO_turtlebot3_rl_1) by extensions ['cmake', 'python']
[1.023s] Level 1:colcon.colcon_core.package_identification:_identify(sb3_logs/PPO_turtlebot3_rl_1) by extension 'cmake'
[1.023s] Level 1:colcon.colcon_core.package_identification:_identify(sb3_logs/PPO_turtlebot3_rl_1) by extension 'python'
[1.023s] Level 1:colcon.colcon_core.package_identification:_identify(sb3_logs/PPO_turtlebot3_rl_1) by extensions ['python_setup_py']
[1.023s] Level 1:colcon.colcon_core.package_identification:_identify(sb3_logs/PPO_turtlebot3_rl_1) by extension 'python_setup_py'
[1.023s] Level 1:colcon.colcon_core.package_identification:_identify(sb3_logs/PPO_turtlebot3_rl_10) by extensions ['ignore', 'ignore_ament_install']
[1.024s] Level 1:colcon.colcon_core.package_identification:_identify(sb3_logs/PPO_turtlebot3_rl_10) by extension 'ignore'
[1.024s] Level 1:colcon.colcon_core.package_identification:_identify(sb3_logs/PPO_turtlebot3_rl_10) by extension 'ignore_ament_install'
[1.024s] Level 1:colcon.colcon_core.package_identification:_identify(sb3_logs/PPO_turtlebot3_rl_10) by extensions ['colcon_pkg']
[1.024s] Level 1:colcon.colcon_core.package_identification:_identify(sb3_logs/PPO_turtlebot3_rl_10) by extension 'colcon_pkg'
[1.024s] Level 1:colcon.colcon_core.package_identification:_identify(sb3_logs/PPO_turtlebot3_rl_10) by extensions ['colcon_meta']
[1.024s] Level 1:colcon.colcon_core.package_identification:_identify(sb3_logs/PPO_turtlebot3_rl_10) by extension 'colcon_meta'
[1.024s] Level 1:colcon.colcon_core.package_identification:_identify(sb3_logs/PPO_turtlebot3_rl_10) by extensions ['ros']
[1.024s] Level 1:colcon.colcon_core.package_identification:_identify(sb3_logs/PPO_turtlebot3_rl_10) by extension 'ros'
[1.024s] Level 1:colcon.colcon_core.package_identification:_identify(sb3_logs/PPO_turtlebot3_rl_10) by extensions ['cmake', 'python']
[1.024s] Level 1:colcon.colcon_core.package_identification:_identify(sb3_logs/PPO_turtlebot3_rl_10) by extension 'cmake'
[1.024s] Level 1:colcon.colcon_core.package_identification:_identify(sb3_logs/PPO_turtlebot3_rl_10) by extension 'python'
[1.025s] Level 1:colcon.colcon_core.package_identification:_identify(sb3_logs/PPO_turtlebot3_rl_10) by extensions ['python_setup_py']
[1.025s] Level 1:colcon.colcon_core.package_identification:_identify(sb3_logs/PPO_turtlebot3_rl_10) by extension 'python_setup_py'
[1.025s] Level 1:colcon.colcon_core.package_identification:_identify(sb3_logs/PPO_turtlebot3_rl_11) by extensions ['ignore', 'ignore_ament_install']
[1.025s] Level 1:colcon.colcon_core.package_identification:_identify(sb3_logs/PPO_turtlebot3_rl_11) by extension 'ignore'
[1.025s] Level 1:colcon.colcon_core.package_identification:_identify(sb3_logs/PPO_turtlebot3_rl_11) by extension 'ignore_ament_install'
[1.025s] Level 1:colcon.colcon_core.package_identification:_identify(sb3_logs/PPO_turtlebot3_rl_11) by extensions ['colcon_pkg']
[1.025s] Level 1:colcon.colcon_core.package_identification:_identify(sb3_logs/PPO_turtlebot3_rl_11) by extension 'colcon_pkg'
[1.025s] Level 1:colcon.colcon_core.package_identification:_identify(sb3_logs/PPO_turtlebot3_rl_11) by extensions ['colcon_meta']
[1.025s] Level 1:colcon.colcon_core.package_identification:_identify(sb3_logs/PPO_turtlebot3_rl_11) by extension 'colcon_meta'
[1.025s] Level 1:colcon.colcon_core.package_identification:_identify(sb3_logs/PPO_turtlebot3_rl_11) by extensions ['ros']
[1.025s] Level 1:colcon.colcon_core.package_identification:_identify(sb3_logs/PPO_turtlebot3_rl_11) by extension 'ros'
[1.026s] Level 1:colcon.colcon_core.package_identification:_identify(sb3_logs/PPO_turtlebot3_rl_11) by extensions ['cmake', 'python']
[1.026s] Level 1:colcon.colcon_core.package_identification:_identify(sb3_logs/PPO_turtlebot3_rl_11) by extension 'cmake'
[1.026s] Level 1:colcon.colcon_core.package_identification:_identify(sb3_logs/PPO_turtlebot3_rl_11) by extension 'python'
[1.026s] Level 1:colcon.colcon_core.package_identification:_identify(sb3_logs/PPO_turtlebot3_rl_11) by extensions ['python_setup_py']
[1.026s] Level 1:colcon.colcon_core.package_identification:_identify(sb3_logs/PPO_turtlebot3_rl_11) by extension 'python_setup_py'
[1.026s] Level 1:colcon.colcon_core.package_identification:_identify(sb3_logs/PPO_turtlebot3_rl_12) by extensions ['ignore', 'ignore_ament_install']
[1.026s] Level 1:colcon.colcon_core.package_identification:_identify(sb3_logs/PPO_turtlebot3_rl_12) by extension 'ignore'
[1.026s] Level 1:colcon.colcon_core.package_identification:_identify(sb3_logs/PPO_turtlebot3_rl_12) by extension 'ignore_ament_install'
[1.026s] Level 1:colcon.colcon_core.package_identification:_identify(sb3_logs/PPO_turtlebot3_rl_12) by extensions ['colcon_pkg']
[1.026s] Level 1:colcon.colcon_core.package_identification:_identify(sb3_logs/PPO_turtlebot3_rl_12) by extension 'colcon_pkg'
[1.026s] Level 1:colcon.colcon_core.package_identification:_identify(sb3_logs/PPO_turtlebot3_rl_12) by extensions ['colcon_meta']
[1.026s] Level 1:colcon.colcon_core.package_identification:_identify(sb3_logs/PPO_turtlebot3_rl_12) by extension 'colcon_meta'
[1.026s] Level 1:colcon.colcon_core.package_identification:_identify(sb3_logs/PPO_turtlebot3_rl_12) by extensions ['ros']
[1.027s] Level 1:colcon.colcon_core.package_identification:_identify(sb3_logs/PPO_turtlebot3_rl_12) by extension 'ros'
[1.027s] Level 1:colcon.colcon_core.package_identification:_identify(sb3_logs/PPO_turtlebot3_rl_12) by extensions ['cmake', 'python']
[1.027s] Level 1:colcon.colcon_core.package_identification:_identify(sb3_logs/PPO_turtlebot3_rl_12) by extension 'cmake'
[1.027s] Level 1:colcon.colcon_core.package_identification:_identify(sb3_logs/PPO_turtlebot3_rl_12) by extension 'python'
[1.027s] Level 1:colcon.colcon_core.package_identification:_identify(sb3_logs/PPO_turtlebot3_rl_12) by extensions ['python_setup_py']
[1.027s] Level 1:colcon.colcon_core.package_identification:_identify(sb3_logs/PPO_turtlebot3_rl_12) by extension 'python_setup_py'
[1.027s] Level 1:colcon.colcon_core.package_identification:_identify(sb3_logs/PPO_turtlebot3_rl_13) by extensions ['ignore', 'ignore_ament_install']
[1.027s] Level 1:colcon.colcon_core.package_identification:_identify(sb3_logs/PPO_turtlebot3_rl_13) by extension 'ignore'
[1.027s] Level 1:colcon.colcon_core.package_identification:_identify(sb3_logs/PPO_turtlebot3_rl_13) by extension 'ignore_ament_install'
[1.027s] Level 1:colcon.colcon_core.package_identification:_identify(sb3_logs/PPO_turtlebot3_rl_13) by extensions ['colcon_pkg']
[1.027s] Level 1:colcon.colcon_core.package_identification:_identify(sb3_logs/PPO_turtlebot3_rl_13) by extension 'colcon_pkg'
[1.027s] Level 1:colcon.colcon_core.package_identification:_identify(sb3_logs/PPO_turtlebot3_rl_13) by extensions ['colcon_meta']
[1.028s] Level 1:colcon.colcon_core.package_identification:_identify(sb3_logs/PPO_turtlebot3_rl_13) by extension 'colcon_meta'
[1.028s] Level 1:colcon.colcon_core.package_identification:_identify(sb3_logs/PPO_turtlebot3_rl_13) by extensions ['ros']
[1.028s] Level 1:colcon.colcon_core.package_identification:_identify(sb3_logs/PPO_turtlebot3_rl_13) by extension 'ros'
[1.028s] Level 1:colcon.colcon_core.package_identification:_identify(sb3_logs/PPO_turtlebot3_rl_13) by extensions ['cmake', 'python']
[1.028s] Level 1:colcon.colcon_core.package_identification:_identify(sb3_logs/PPO_turtlebot3_rl_13) by extension 'cmake'
[1.028s] Level 1:colcon.colcon_core.package_identification:_identify(sb3_logs/PPO_turtlebot3_rl_13) by extension 'python'
[1.028s] Level 1:colcon.colcon_core.package_identification:_identify(sb3_logs/PPO_turtlebot3_rl_13) by extensions ['python_setup_py']
[1.028s] Level 1:colcon.colcon_core.package_identification:_identify(sb3_logs/PPO_turtlebot3_rl_13) by extension 'python_setup_py'
[1.028s] Level 1:colcon.colcon_core.package_identification:_identify(sb3_logs/PPO_turtlebot3_rl_14) by extensions ['ignore', 'ignore_ament_install']
[1.028s] Level 1:colcon.colcon_core.package_identification:_identify(sb3_logs/PPO_turtlebot3_rl_14) by extension 'ignore'
[1.028s] Level 1:colcon.colcon_core.package_identification:_identify(sb3_logs/PPO_turtlebot3_rl_14) by extension 'ignore_ament_install'
[1.028s] Level 1:colcon.colcon_core.package_identification:_identify(sb3_logs/PPO_turtlebot3_rl_14) by extensions ['colcon_pkg']
[1.028s] Level 1:colcon.colcon_core.package_identification:_identify(sb3_logs/PPO_turtlebot3_rl_14) by extension 'colcon_pkg'
[1.029s] Level 1:colcon.colcon_core.package_identification:_identify(sb3_logs/PPO_turtlebot3_rl_14) by extensions ['colcon_meta']
[1.029s] Level 1:colcon.colcon_core.package_identification:_identify(sb3_logs/PPO_turtlebot3_rl_14) by extension 'colcon_meta'
[1.029s] Level 1:colcon.colcon_core.package_identification:_identify(sb3_logs/PPO_turtlebot3_rl_14) by extensions ['ros']
[1.029s] Level 1:colcon.colcon_core.package_identification:_identify(sb3_logs/PPO_turtlebot3_rl_14) by extension 'ros'
[1.029s] Level 1:colcon.colcon_core.package_identification:_identify(sb3_logs/PPO_turtlebot3_rl_14) by extensions ['cmake', 'python']
[1.029s] Level 1:colcon.colcon_core.package_identification:_identify(sb3_logs/PPO_turtlebot3_rl_14) by extension 'cmake'
[1.029s] Level 1:colcon.colcon_core.package_identification:_identify(sb3_logs/PPO_turtlebot3_rl_14) by extension 'python'
[1.029s] Level 1:colcon.colcon_core.package_identification:_identify(sb3_logs/PPO_turtlebot3_rl_14) by extensions ['python_setup_py']
[1.029s] Level 1:colcon.colcon_core.package_identification:_identify(sb3_logs/PPO_turtlebot3_rl_14) by extension 'python_setup_py'
[1.029s] Level 1:colcon.colcon_core.package_identification:_identify(sb3_logs/PPO_turtlebot3_rl_15) by extensions ['ignore', 'ignore_ament_install']
[1.029s] Level 1:colcon.colcon_core.package_identification:_identify(sb3_logs/PPO_turtlebot3_rl_15) by extension 'ignore'
[1.029s] Level 1:colcon.colcon_core.package_identification:_identify(sb3_logs/PPO_turtlebot3_rl_15) by extension 'ignore_ament_install'
[1.030s] Level 1:colcon.colcon_core.package_identification:_identify(sb3_logs/PPO_turtlebot3_rl_15) by extensions ['colcon_pkg']
[1.030s] Level 1:colcon.colcon_core.package_identification:_identify(sb3_logs/PPO_turtlebot3_rl_15) by extension 'colcon_pkg'
[1.030s] Level 1:colcon.colcon_core.package_identification:_identify(sb3_logs/PPO_turtlebot3_rl_15) by extensions ['colcon_meta']
[1.030s] Level 1:colcon.colcon_core.package_identification:_identify(sb3_logs/PPO_turtlebot3_rl_15) by extension 'colcon_meta'
[1.030s] Level 1:colcon.colcon_core.package_identification:_identify(sb3_logs/PPO_turtlebot3_rl_15) by extensions ['ros']
[1.030s] Level 1:colcon.colcon_core.package_identification:_identify(sb3_logs/PPO_turtlebot3_rl_15) by extension 'ros'
[1.030s] Level 1:colcon.colcon_core.package_identification:_identify(sb3_logs/PPO_turtlebot3_rl_15) by extensions ['cmake', 'python']
[1.030s] Level 1:colcon.colcon_core.package_identification:_identify(sb3_logs/PPO_turtlebot3_rl_15) by extension 'cmake'
[1.030s] Level 1:colcon.colcon_core.package_identification:_identify(sb3_logs/PPO_turtlebot3_rl_15) by extension 'python'
[1.030s] Level 1:colcon.colcon_core.package_identification:_identify(sb3_logs/PPO_turtlebot3_rl_15) by extensions ['python_setup_py']
[1.030s] Level 1:colcon.colcon_core.package_identification:_identify(sb3_logs/PPO_turtlebot3_rl_15) by extension 'python_setup_py'
[1.030s] Level 1:colcon.colcon_core.package_identification:_identify(sb3_logs/PPO_turtlebot3_rl_16) by extensions ['ignore', 'ignore_ament_install']
[1.030s] Level 1:colcon.colcon_core.package_identification:_identify(sb3_logs/PPO_turtlebot3_rl_16) by extension 'ignore'
[1.031s] Level 1:colcon.colcon_core.package_identification:_identify(sb3_logs/PPO_turtlebot3_rl_16) by extension 'ignore_ament_install'
[1.031s] Level 1:colcon.colcon_core.package_identification:_identify(sb3_logs/PPO_turtlebot3_rl_16) by extensions ['colcon_pkg']
[1.031s] Level 1:colcon.colcon_core.package_identification:_identify(sb3_logs/PPO_turtlebot3_rl_16) by extension 'colcon_pkg'
[1.031s] Level 1:colcon.colcon_core.package_identification:_identify(sb3_logs/PPO_turtlebot3_rl_16) by extensions ['colcon_meta']
[1.031s] Level 1:colcon.colcon_core.package_identification:_identify(sb3_logs/PPO_turtlebot3_rl_16) by extension 'colcon_meta'
[1.031s] Level 1:colcon.colcon_core.package_identification:_identify(sb3_logs/PPO_turtlebot3_rl_16) by extensions ['ros']
[1.031s] Level 1:colcon.colcon_core.package_identification:_identify(sb3_logs/PPO_turtlebot3_rl_16) by extension 'ros'
[1.031s] Level 1:colcon.colcon_core.package_identification:_identify(sb3_logs/PPO_turtlebot3_rl_16) by extensions ['cmake', 'python']
[1.031s] Level 1:colcon.colcon_core.package_identification:_identify(sb3_logs/PPO_turtlebot3_rl_16) by extension 'cmake'
[1.031s] Level 1:colcon.colcon_core.package_identification:_identify(sb3_logs/PPO_turtlebot3_rl_16) by extension 'python'
[1.031s] Level 1:colcon.colcon_core.package_identification:_identify(sb3_logs/PPO_turtlebot3_rl_16) by extensions ['python_setup_py']
[1.031s] Level 1:colcon.colcon_core.package_identification:_identify(sb3_logs/PPO_turtlebot3_rl_16) by extension 'python_setup_py'
[1.031s] Level 1:colcon.colcon_core.package_identification:_identify(sb3_logs/PPO_turtlebot3_rl_17) by extensions ['ignore', 'ignore_ament_install']
[1.031s] Level 1:colcon.colcon_core.package_identification:_identify(sb3_logs/PPO_turtlebot3_rl_17) by extension 'ignore'
[1.031s] Level 1:colcon.colcon_core.package_identification:_identify(sb3_logs/PPO_turtlebot3_rl_17) by extension 'ignore_ament_install'
[1.031s] Level 1:colcon.colcon_core.package_identification:_identify(sb3_logs/PPO_turtlebot3_rl_17) by extensions ['colcon_pkg']
[1.031s] Level 1:colcon.colcon_core.package_identification:_identify(sb3_logs/PPO_turtlebot3_rl_17) by extension 'colcon_pkg'
[1.032s] Level 1:colcon.colcon_core.package_identification:_identify(sb3_logs/PPO_turtlebot3_rl_17) by extensions ['colcon_meta']
[1.032s] Level 1:colcon.colcon_core.package_identification:_identify(sb3_logs/PPO_turtlebot3_rl_17) by extension 'colcon_meta'
[1.032s] Level 1:colcon.colcon_core.package_identification:_identify(sb3_logs/PPO_turtlebot3_rl_17) by extensions ['ros']
[1.032s] Level 1:colcon.colcon_core.package_identification:_identify(sb3_logs/PPO_turtlebot3_rl_17) by extension 'ros'
[1.032s] Level 1:colcon.colcon_core.package_identification:_identify(sb3_logs/PPO_turtlebot3_rl_17) by extensions ['cmake', 'python']
[1.032s] Level 1:colcon.colcon_core.package_identification:_identify(sb3_logs/PPO_turtlebot3_rl_17) by extension 'cmake'
[1.032s] Level 1:colcon.colcon_core.package_identification:_identify(sb3_logs/PPO_turtlebot3_rl_17) by extension 'python'
[1.032s] Level 1:colcon.colcon_core.package_identification:_identify(sb3_logs/PPO_turtlebot3_rl_17) by extensions ['python_setup_py']
[1.032s] Level 1:colcon.colcon_core.package_identification:_identify(sb3_logs/PPO_turtlebot3_rl_17) by extension 'python_setup_py'
[1.032s] Level 1:colcon.colcon_core.package_identification:_identify(sb3_logs/PPO_turtlebot3_rl_2) by extensions ['ignore', 'ignore_ament_install']
[1.032s] Level 1:colcon.colcon_core.package_identification:_identify(sb3_logs/PPO_turtlebot3_rl_2) by extension 'ignore'
[1.032s] Level 1:colcon.colcon_core.package_identification:_identify(sb3_logs/PPO_turtlebot3_rl_2) by extension 'ignore_ament_install'
[1.032s] Level 1:colcon.colcon_core.package_identification:_identify(sb3_logs/PPO_turtlebot3_rl_2) by extensions ['colcon_pkg']
[1.032s] Level 1:colcon.colcon_core.package_identification:_identify(sb3_logs/PPO_turtlebot3_rl_2) by extension 'colcon_pkg'
[1.032s] Level 1:colcon.colcon_core.package_identification:_identify(sb3_logs/PPO_turtlebot3_rl_2) by extensions ['colcon_meta']
[1.032s] Level 1:colcon.colcon_core.package_identification:_identify(sb3_logs/PPO_turtlebot3_rl_2) by extension 'colcon_meta'
[1.032s] Level 1:colcon.colcon_core.package_identification:_identify(sb3_logs/PPO_turtlebot3_rl_2) by extensions ['ros']
[1.032s] Level 1:colcon.colcon_core.package_identification:_identify(sb3_logs/PPO_turtlebot3_rl_2) by extension 'ros'
[1.032s] Level 1:colcon.colcon_core.package_identification:_identify(sb3_logs/PPO_turtlebot3_rl_2) by extensions ['cmake', 'python']
[1.032s] Level 1:colcon.colcon_core.package_identification:_identify(sb3_logs/PPO_turtlebot3_rl_2) by extension 'cmake'
[1.033s] Level 1:colcon.colcon_core.package_identification:_identify(sb3_logs/PPO_turtlebot3_rl_2) by extension 'python'
[1.033s] Level 1:colcon.colcon_core.package_identification:_identify(sb3_logs/PPO_turtlebot3_rl_2) by extensions ['python_setup_py']
[1.033s] Level 1:colcon.colcon_core.package_identification:_identify(sb3_logs/PPO_turtlebot3_rl_2) by extension 'python_setup_py'
[1.033s] Level 1:colcon.colcon_core.package_identification:_identify(sb3_logs/PPO_turtlebot3_rl_3) by extensions ['ignore', 'ignore_ament_install']
[1.033s] Level 1:colcon.colcon_core.package_identification:_identify(sb3_logs/PPO_turtlebot3_rl_3) by extension 'ignore'
[1.033s] Level 1:colcon.colcon_core.package_identification:_identify(sb3_logs/PPO_turtlebot3_rl_3) by extension 'ignore_ament_install'
[1.033s] Level 1:colcon.colcon_core.package_identification:_identify(sb3_logs/PPO_turtlebot3_rl_3) by extensions ['colcon_pkg']
[1.033s] Level 1:colcon.colcon_core.package_identification:_identify(sb3_logs/PPO_turtlebot3_rl_3) by extension 'colcon_pkg'
[1.033s] Level 1:colcon.colcon_core.package_identification:_identify(sb3_logs/PPO_turtlebot3_rl_3) by extensions ['colcon_meta']
[1.033s] Level 1:colcon.colcon_core.package_identification:_identify(sb3_logs/PPO_turtlebot3_rl_3) by extension 'colcon_meta'
[1.033s] Level 1:colcon.colcon_core.package_identification:_identify(sb3_logs/PPO_turtlebot3_rl_3) by extensions ['ros']
[1.033s] Level 1:colcon.colcon_core.package_identification:_identify(sb3_logs/PPO_turtlebot3_rl_3) by extension 'ros'
[1.033s] Level 1:colcon.colcon_core.package_identification:_identify(sb3_logs/PPO_turtlebot3_rl_3) by extensions ['cmake', 'python']
[1.033s] Level 1:colcon.colcon_core.package_identification:_identify(sb3_logs/PPO_turtlebot3_rl_3) by extension 'cmake'
[1.033s] Level 1:colcon.colcon_core.package_identification:_identify(sb3_logs/PPO_turtlebot3_rl_3) by extension 'python'
[1.033s] Level 1:colcon.colcon_core.package_identification:_identify(sb3_logs/PPO_turtlebot3_rl_3) by extensions ['python_setup_py']
[1.034s] Level 1:colcon.colcon_core.package_identification:_identify(sb3_logs/PPO_turtlebot3_rl_3) by extension 'python_setup_py'
[1.034s] Level 1:colcon.colcon_core.package_identification:_identify(sb3_logs/PPO_turtlebot3_rl_4) by extensions ['ignore', 'ignore_ament_install']
[1.034s] Level 1:colcon.colcon_core.package_identification:_identify(sb3_logs/PPO_turtlebot3_rl_4) by extension 'ignore'
[1.034s] Level 1:colcon.colcon_core.package_identification:_identify(sb3_logs/PPO_turtlebot3_rl_4) by extension 'ignore_ament_install'
[1.034s] Level 1:colcon.colcon_core.package_identification:_identify(sb3_logs/PPO_turtlebot3_rl_4) by extensions ['colcon_pkg']
[1.034s] Level 1:colcon.colcon_core.package_identification:_identify(sb3_logs/PPO_turtlebot3_rl_4) by extension 'colcon_pkg'
[1.034s] Level 1:colcon.colcon_core.package_identification:_identify(sb3_logs/PPO_turtlebot3_rl_4) by extensions ['colcon_meta']
[1.034s] Level 1:colcon.colcon_core.package_identification:_identify(sb3_logs/PPO_turtlebot3_rl_4) by extension 'colcon_meta'
[1.034s] Level 1:colcon.colcon_core.package_identification:_identify(sb3_logs/PPO_turtlebot3_rl_4) by extensions ['ros']
[1.034s] Level 1:colcon.colcon_core.package_identification:_identify(sb3_logs/PPO_turtlebot3_rl_4) by extension 'ros'
[1.034s] Level 1:colcon.colcon_core.package_identification:_identify(sb3_logs/PPO_turtlebot3_rl_4) by extensions ['cmake', 'python']
[1.034s] Level 1:colcon.colcon_core.package_identification:_identify(sb3_logs/PPO_turtlebot3_rl_4) by extension 'cmake'
[1.034s] Level 1:colcon.colcon_core.package_identification:_identify(sb3_logs/PPO_turtlebot3_rl_4) by extension 'python'
[1.034s] Level 1:colcon.colcon_core.package_identification:_identify(sb3_logs/PPO_turtlebot3_rl_4) by extensions ['python_setup_py']
[1.034s] Level 1:colcon.colcon_core.package_identification:_identify(sb3_logs/PPO_turtlebot3_rl_4) by extension 'python_setup_py'
[1.034s] Level 1:colcon.colcon_core.package_identification:_identify(sb3_logs/PPO_turtlebot3_rl_5) by extensions ['ignore', 'ignore_ament_install']
[1.035s] Level 1:colcon.colcon_core.package_identification:_identify(sb3_logs/PPO_turtlebot3_rl_5) by extension 'ignore'
[1.035s] Level 1:colcon.colcon_core.package_identification:_identify(sb3_logs/PPO_turtlebot3_rl_5) by extension 'ignore_ament_install'
[1.035s] Level 1:colcon.colcon_core.package_identification:_identify(sb3_logs/PPO_turtlebot3_rl_5) by extensions ['colcon_pkg']
[1.035s] Level 1:colcon.colcon_core.package_identification:_identify(sb3_logs/PPO_turtlebot3_rl_5) by extension 'colcon_pkg'
[1.035s] Level 1:colcon.colcon_core.package_identification:_identify(sb3_logs/PPO_turtlebot3_rl_5) by extensions ['colcon_meta']
[1.035s] Level 1:colcon.colcon_core.package_identification:_identify(sb3_logs/PPO_turtlebot3_rl_5) by extension 'colcon_meta'
[1.035s] Level 1:colcon.colcon_core.package_identification:_identify(sb3_logs/PPO_turtlebot3_rl_5) by extensions ['ros']
[1.035s] Level 1:colcon.colcon_core.package_identification:_identify(sb3_logs/PPO_turtlebot3_rl_5) by extension 'ros'
[1.035s] Level 1:colcon.colcon_core.package_identification:_identify(sb3_logs/PPO_turtlebot3_rl_5) by extensions ['cmake', 'python']
[1.035s] Level 1:colcon.colcon_core.package_identification:_identify(sb3_logs/PPO_turtlebot3_rl_5) by extension 'cmake'
[1.035s] Level 1:colcon.colcon_core.package_identification:_identify(sb3_logs/PPO_turtlebot3_rl_5) by extension 'python'
[1.035s] Level 1:colcon.colcon_core.package_identification:_identify(sb3_logs/PPO_turtlebot3_rl_5) by extensions ['python_setup_py']
[1.035s] Level 1:colcon.colcon_core.package_identification:_identify(sb3_logs/PPO_turtlebot3_rl_5) by extension 'python_setup_py'
[1.035s] Level 1:colcon.colcon_core.package_identification:_identify(sb3_logs/PPO_turtlebot3_rl_6) by extensions ['ignore', 'ignore_ament_install']
[1.035s] Level 1:colcon.colcon_core.package_identification:_identify(sb3_logs/PPO_turtlebot3_rl_6) by extension 'ignore'
[1.035s] Level 1:colcon.colcon_core.package_identification:_identify(sb3_logs/PPO_turtlebot3_rl_6) by extension 'ignore_ament_install'
[1.035s] Level 1:colcon.colcon_core.package_identification:_identify(sb3_logs/PPO_turtlebot3_rl_6) by extensions ['colcon_pkg']
[1.035s] Level 1:colcon.colcon_core.package_identification:_identify(sb3_logs/PPO_turtlebot3_rl_6) by extension 'colcon_pkg'
[1.035s] Level 1:colcon.colcon_core.package_identification:_identify(sb3_logs/PPO_turtlebot3_rl_6) by extensions ['colcon_meta']
[1.035s] Level 1:colcon.colcon_core.package_identification:_identify(sb3_logs/PPO_turtlebot3_rl_6) by extension 'colcon_meta'
[1.036s] Level 1:colcon.colcon_core.package_identification:_identify(sb3_logs/PPO_turtlebot3_rl_6) by extensions ['ros']
[1.036s] Level 1:colcon.colcon_core.package_identification:_identify(sb3_logs/PPO_turtlebot3_rl_6) by extension 'ros'
[1.036s] Level 1:colcon.colcon_core.package_identification:_identify(sb3_logs/PPO_turtlebot3_rl_6) by extensions ['cmake', 'python']
[1.036s] Level 1:colcon.colcon_core.package_identification:_identify(sb3_logs/PPO_turtlebot3_rl_6) by extension 'cmake'
[1.036s] Level 1:colcon.colcon_core.package_identification:_identify(sb3_logs/PPO_turtlebot3_rl_6) by extension 'python'
[1.036s] Level 1:colcon.colcon_core.package_identification:_identify(sb3_logs/PPO_turtlebot3_rl_6) by extensions ['python_setup_py']
[1.036s] Level 1:colcon.colcon_core.package_identification:_identify(sb3_logs/PPO_turtlebot3_rl_6) by extension 'python_setup_py'
[1.036s] Level 1:colcon.colcon_core.package_identification:_identify(sb3_logs/PPO_turtlebot3_rl_7) by extensions ['ignore', 'ignore_ament_install']
[1.036s] Level 1:colcon.colcon_core.package_identification:_identify(sb3_logs/PPO_turtlebot3_rl_7) by extension 'ignore'
[1.036s] Level 1:colcon.colcon_core.package_identification:_identify(sb3_logs/PPO_turtlebot3_rl_7) by extension 'ignore_ament_install'
[1.036s] Level 1:colcon.colcon_core.package_identification:_identify(sb3_logs/PPO_turtlebot3_rl_7) by extensions ['colcon_pkg']
[1.036s] Level 1:colcon.colcon_core.package_identification:_identify(sb3_logs/PPO_turtlebot3_rl_7) by extension 'colcon_pkg'
[1.036s] Level 1:colcon.colcon_core.package_identification:_identify(sb3_logs/PPO_turtlebot3_rl_7) by extensions ['colcon_meta']
[1.036s] Level 1:colcon.colcon_core.package_identification:_identify(sb3_logs/PPO_turtlebot3_rl_7) by extension 'colcon_meta'
[1.036s] Level 1:colcon.colcon_core.package_identification:_identify(sb3_logs/PPO_turtlebot3_rl_7) by extensions ['ros']
[1.036s] Level 1:colcon.colcon_core.package_identification:_identify(sb3_logs/PPO_turtlebot3_rl_7) by extension 'ros'
[1.036s] Level 1:colcon.colcon_core.package_identification:_identify(sb3_logs/PPO_turtlebot3_rl_7) by extensions ['cmake', 'python']
[1.036s] Level 1:colcon.colcon_core.package_identification:_identify(sb3_logs/PPO_turtlebot3_rl_7) by extension 'cmake'
[1.036s] Level 1:colcon.colcon_core.package_identification:_identify(sb3_logs/PPO_turtlebot3_rl_7) by extension 'python'
[1.036s] Level 1:colcon.colcon_core.package_identification:_identify(sb3_logs/PPO_turtlebot3_rl_7) by extensions ['python_setup_py']
[1.036s] Level 1:colcon.colcon_core.package_identification:_identify(sb3_logs/PPO_turtlebot3_rl_7) by extension 'python_setup_py'
[1.037s] Level 1:colcon.colcon_core.package_identification:_identify(sb3_logs/PPO_turtlebot3_rl_8) by extensions ['ignore', 'ignore_ament_install']
[1.037s] Level 1:colcon.colcon_core.package_identification:_identify(sb3_logs/PPO_turtlebot3_rl_8) by extension 'ignore'
[1.037s] Level 1:colcon.colcon_core.package_identification:_identify(sb3_logs/PPO_turtlebot3_rl_8) by extension 'ignore_ament_install'
[1.037s] Level 1:colcon.colcon_core.package_identification:_identify(sb3_logs/PPO_turtlebot3_rl_8) by extensions ['colcon_pkg']
[1.037s] Level 1:colcon.colcon_core.package_identification:_identify(sb3_logs/PPO_turtlebot3_rl_8) by extension 'colcon_pkg'
[1.037s] Level 1:colcon.colcon_core.package_identification:_identify(sb3_logs/PPO_turtlebot3_rl_8) by extensions ['colcon_meta']
[1.037s] Level 1:colcon.colcon_core.package_identification:_identify(sb3_logs/PPO_turtlebot3_rl_8) by extension 'colcon_meta'
[1.037s] Level 1:colcon.colcon_core.package_identification:_identify(sb3_logs/PPO_turtlebot3_rl_8) by extensions ['ros']
[1.037s] Level 1:colcon.colcon_core.package_identification:_identify(sb3_logs/PPO_turtlebot3_rl_8) by extension 'ros'
[1.037s] Level 1:colcon.colcon_core.package_identification:_identify(sb3_logs/PPO_turtlebot3_rl_8) by extensions ['cmake', 'python']
[1.037s] Level 1:colcon.colcon_core.package_identification:_identify(sb3_logs/PPO_turtlebot3_rl_8) by extension 'cmake'
[1.037s] Level 1:colcon.colcon_core.package_identification:_identify(sb3_logs/PPO_turtlebot3_rl_8) by extension 'python'
[1.037s] Level 1:colcon.colcon_core.package_identification:_identify(sb3_logs/PPO_turtlebot3_rl_8) by extensions ['python_setup_py']
[1.037s] Level 1:colcon.colcon_core.package_identification:_identify(sb3_logs/PPO_turtlebot3_rl_8) by extension 'python_setup_py'
[1.037s] Level 1:colcon.colcon_core.package_identification:_identify(sb3_logs/PPO_turtlebot3_rl_9) by extensions ['ignore', 'ignore_ament_install']
[1.037s] Level 1:colcon.colcon_core.package_identification:_identify(sb3_logs/PPO_turtlebot3_rl_9) by extension 'ignore'
[1.037s] Level 1:colcon.colcon_core.package_identification:_identify(sb3_logs/PPO_turtlebot3_rl_9) by extension 'ignore_ament_install'
[1.038s] Level 1:colcon.colcon_core.package_identification:_identify(sb3_logs/PPO_turtlebot3_rl_9) by extensions ['colcon_pkg']
[1.038s] Level 1:colcon.colcon_core.package_identification:_identify(sb3_logs/PPO_turtlebot3_rl_9) by extension 'colcon_pkg'
[1.038s] Level 1:colcon.colcon_core.package_identification:_identify(sb3_logs/PPO_turtlebot3_rl_9) by extensions ['colcon_meta']
[1.038s] Level 1:colcon.colcon_core.package_identification:_identify(sb3_logs/PPO_turtlebot3_rl_9) by extension 'colcon_meta'
[1.038s] Level 1:colcon.colcon_core.package_identification:_identify(sb3_logs/PPO_turtlebot3_rl_9) by extensions ['ros']
[1.038s] Level 1:colcon.colcon_core.package_identification:_identify(sb3_logs/PPO_turtlebot3_rl_9) by extension 'ros'
[1.038s] Level 1:colcon.colcon_core.package_identification:_identify(sb3_logs/PPO_turtlebot3_rl_9) by extensions ['cmake', 'python']
[1.038s] Level 1:colcon.colcon_core.package_identification:_identify(sb3_logs/PPO_turtlebot3_rl_9) by extension 'cmake'
[1.038s] Level 1:colcon.colcon_core.package_identification:_identify(sb3_logs/PPO_turtlebot3_rl_9) by extension 'python'
[1.038s] Level 1:colcon.colcon_core.package_identification:_identify(sb3_logs/PPO_turtlebot3_rl_9) by extensions ['python_setup_py']
[1.038s] Level 1:colcon.colcon_core.package_identification:_identify(sb3_logs/PPO_turtlebot3_rl_9) by extension 'python_setup_py'
[1.038s] Level 1:colcon.colcon_core.package_identification:_identify(sb3_logs/PPO_turtlebot3_rl_finetuned_easygoal_1) by extensions ['ignore', 'ignore_ament_install']
[1.038s] Level 1:colcon.colcon_core.package_identification:_identify(sb3_logs/PPO_turtlebot3_rl_finetuned_easygoal_1) by extension 'ignore'
[1.038s] Level 1:colcon.colcon_core.package_identification:_identify(sb3_logs/PPO_turtlebot3_rl_finetuned_easygoal_1) by extension 'ignore_ament_install'
[1.038s] Level 1:colcon.colcon_core.package_identification:_identify(sb3_logs/PPO_turtlebot3_rl_finetuned_easygoal_1) by extensions ['colcon_pkg']
[1.038s] Level 1:colcon.colcon_core.package_identification:_identify(sb3_logs/PPO_turtlebot3_rl_finetuned_easygoal_1) by extension 'colcon_pkg'
[1.038s] Level 1:colcon.colcon_core.package_identification:_identify(sb3_logs/PPO_turtlebot3_rl_finetuned_easygoal_1) by extensions ['colcon_meta']
[1.038s] Level 1:colcon.colcon_core.package_identification:_identify(sb3_logs/PPO_turtlebot3_rl_finetuned_easygoal_1) by extension 'colcon_meta'
[1.038s] Level 1:colcon.colcon_core.package_identification:_identify(sb3_logs/PPO_turtlebot3_rl_finetuned_easygoal_1) by extensions ['ros']
[1.038s] Level 1:colcon.colcon_core.package_identification:_identify(sb3_logs/PPO_turtlebot3_rl_finetuned_easygoal_1) by extension 'ros'
[1.038s] Level 1:colcon.colcon_core.package_identification:_identify(sb3_logs/PPO_turtlebot3_rl_finetuned_easygoal_1) by extensions ['cmake', 'python']
[1.039s] Level 1:colcon.colcon_core.package_identification:_identify(sb3_logs/PPO_turtlebot3_rl_finetuned_easygoal_1) by extension 'cmake'
[1.039s] Level 1:colcon.colcon_core.package_identification:_identify(sb3_logs/PPO_turtlebot3_rl_finetuned_easygoal_1) by extension 'python'
[1.039s] Level 1:colcon.colcon_core.package_identification:_identify(sb3_logs/PPO_turtlebot3_rl_finetuned_easygoal_1) by extensions ['python_setup_py']
[1.039s] Level 1:colcon.colcon_core.package_identification:_identify(sb3_logs/PPO_turtlebot3_rl_finetuned_easygoal_1) by extension 'python_setup_py'
[1.039s] Level 1:colcon.colcon_core.package_identification:_identify(sb3_logs/PPO_turtlebot3_rl_finetuned_easygoal_2) by extensions ['ignore', 'ignore_ament_install']
[1.039s] Level 1:colcon.colcon_core.package_identification:_identify(sb3_logs/PPO_turtlebot3_rl_finetuned_easygoal_2) by extension 'ignore'
[1.039s] Level 1:colcon.colcon_core.package_identification:_identify(sb3_logs/PPO_turtlebot3_rl_finetuned_easygoal_2) by extension 'ignore_ament_install'
[1.039s] Level 1:colcon.colcon_core.package_identification:_identify(sb3_logs/PPO_turtlebot3_rl_finetuned_easygoal_2) by extensions ['colcon_pkg']
[1.039s] Level 1:colcon.colcon_core.package_identification:_identify(sb3_logs/PPO_turtlebot3_rl_finetuned_easygoal_2) by extension 'colcon_pkg'
[1.039s] Level 1:colcon.colcon_core.package_identification:_identify(sb3_logs/PPO_turtlebot3_rl_finetuned_easygoal_2) by extensions ['colcon_meta']
[1.039s] Level 1:colcon.colcon_core.package_identification:_identify(sb3_logs/PPO_turtlebot3_rl_finetuned_easygoal_2) by extension 'colcon_meta'
[1.039s] Level 1:colcon.colcon_core.package_identification:_identify(sb3_logs/PPO_turtlebot3_rl_finetuned_easygoal_2) by extensions ['ros']
[1.039s] Level 1:colcon.colcon_core.package_identification:_identify(sb3_logs/PPO_turtlebot3_rl_finetuned_easygoal_2) by extension 'ros'
[1.039s] Level 1:colcon.colcon_core.package_identification:_identify(sb3_logs/PPO_turtlebot3_rl_finetuned_easygoal_2) by extensions ['cmake', 'python']
[1.039s] Level 1:colcon.colcon_core.package_identification:_identify(sb3_logs/PPO_turtlebot3_rl_finetuned_easygoal_2) by extension 'cmake'
[1.039s] Level 1:colcon.colcon_core.package_identification:_identify(sb3_logs/PPO_turtlebot3_rl_finetuned_easygoal_2) by extension 'python'
[1.039s] Level 1:colcon.colcon_core.package_identification:_identify(sb3_logs/PPO_turtlebot3_rl_finetuned_easygoal_2) by extensions ['python_setup_py']
[1.039s] Level 1:colcon.colcon_core.package_identification:_identify(sb3_logs/PPO_turtlebot3_rl_finetuned_easygoal_2) by extension 'python_setup_py'
[1.039s] Level 1:colcon.colcon_core.package_identification:_identify(sb3_logs/SAC_turtlebot3_rl_1) by extensions ['ignore', 'ignore_ament_install']
[1.040s] Level 1:colcon.colcon_core.package_identification:_identify(sb3_logs/SAC_turtlebot3_rl_1) by extension 'ignore'
[1.040s] Level 1:colcon.colcon_core.package_identification:_identify(sb3_logs/SAC_turtlebot3_rl_1) by extension 'ignore_ament_install'
[1.040s] Level 1:colcon.colcon_core.package_identification:_identify(sb3_logs/SAC_turtlebot3_rl_1) by extensions ['colcon_pkg']
[1.040s] Level 1:colcon.colcon_core.package_identification:_identify(sb3_logs/SAC_turtlebot3_rl_1) by extension 'colcon_pkg'
[1.040s] Level 1:colcon.colcon_core.package_identification:_identify(sb3_logs/SAC_turtlebot3_rl_1) by extensions ['colcon_meta']
[1.040s] Level 1:colcon.colcon_core.package_identification:_identify(sb3_logs/SAC_turtlebot3_rl_1) by extension 'colcon_meta'
[1.040s] Level 1:colcon.colcon_core.package_identification:_identify(sb3_logs/SAC_turtlebot3_rl_1) by extensions ['ros']
[1.040s] Level 1:colcon.colcon_core.package_identification:_identify(sb3_logs/SAC_turtlebot3_rl_1) by extension 'ros'
[1.040s] Level 1:colcon.colcon_core.package_identification:_identify(sb3_logs/SAC_turtlebot3_rl_1) by extensions ['cmake', 'python']
[1.040s] Level 1:colcon.colcon_core.package_identification:_identify(sb3_logs/SAC_turtlebot3_rl_1) by extension 'cmake'
[1.040s] Level 1:colcon.colcon_core.package_identification:_identify(sb3_logs/SAC_turtlebot3_rl_1) by extension 'python'
[1.040s] Level 1:colcon.colcon_core.package_identification:_identify(sb3_logs/SAC_turtlebot3_rl_1) by extensions ['python_setup_py']
[1.040s] Level 1:colcon.colcon_core.package_identification:_identify(sb3_logs/SAC_turtlebot3_rl_1) by extension 'python_setup_py'
[1.040s] Level 1:colcon.colcon_core.package_identification:_identify(sb3_logs/SAC_turtlebot3_rl_2) by extensions ['ignore', 'ignore_ament_install']
[1.040s] Level 1:colcon.colcon_core.package_identification:_identify(sb3_logs/SAC_turtlebot3_rl_2) by extension 'ignore'
[1.040s] Level 1:colcon.colcon_core.package_identification:_identify(sb3_logs/SAC_turtlebot3_rl_2) by extension 'ignore_ament_install'
[1.040s] Level 1:colcon.colcon_core.package_identification:_identify(sb3_logs/SAC_turtlebot3_rl_2) by extensions ['colcon_pkg']
[1.040s] Level 1:colcon.colcon_core.package_identification:_identify(sb3_logs/SAC_turtlebot3_rl_2) by extension 'colcon_pkg'
[1.041s] Level 1:colcon.colcon_core.package_identification:_identify(sb3_logs/SAC_turtlebot3_rl_2) by extensions ['colcon_meta']
[1.041s] Level 1:colcon.colcon_core.package_identification:_identify(sb3_logs/SAC_turtlebot3_rl_2) by extension 'colcon_meta'
[1.041s] Level 1:colcon.colcon_core.package_identification:_identify(sb3_logs/SAC_turtlebot3_rl_2) by extensions ['ros']
[1.041s] Level 1:colcon.colcon_core.package_identification:_identify(sb3_logs/SAC_turtlebot3_rl_2) by extension 'ros'
[1.041s] Level 1:colcon.colcon_core.package_identification:_identify(sb3_logs/SAC_turtlebot3_rl_2) by extensions ['cmake', 'python']
[1.041s] Level 1:colcon.colcon_core.package_identification:_identify(sb3_logs/SAC_turtlebot3_rl_2) by extension 'cmake'
[1.041s] Level 1:colcon.colcon_core.package_identification:_identify(sb3_logs/SAC_turtlebot3_rl_2) by extension 'python'
[1.041s] Level 1:colcon.colcon_core.package_identification:_identify(sb3_logs/SAC_turtlebot3_rl_2) by extensions ['python_setup_py']
[1.041s] Level 1:colcon.colcon_core.package_identification:_identify(sb3_logs/SAC_turtlebot3_rl_2) by extension 'python_setup_py'
[1.041s] Level 1:colcon.colcon_core.package_identification:_identify(sb3_logs/SAC_turtlebot3_rl_3) by extensions ['ignore', 'ignore_ament_install']
[1.041s] Level 1:colcon.colcon_core.package_identification:_identify(sb3_logs/SAC_turtlebot3_rl_3) by extension 'ignore'
[1.041s] Level 1:colcon.colcon_core.package_identification:_identify(sb3_logs/SAC_turtlebot3_rl_3) by extension 'ignore_ament_install'
[1.041s] Level 1:colcon.colcon_core.package_identification:_identify(sb3_logs/SAC_turtlebot3_rl_3) by extensions ['colcon_pkg']
[1.041s] Level 1:colcon.colcon_core.package_identification:_identify(sb3_logs/SAC_turtlebot3_rl_3) by extension 'colcon_pkg'
[1.041s] Level 1:colcon.colcon_core.package_identification:_identify(sb3_logs/SAC_turtlebot3_rl_3) by extensions ['colcon_meta']
[1.041s] Level 1:colcon.colcon_core.package_identification:_identify(sb3_logs/SAC_turtlebot3_rl_3) by extension 'colcon_meta'
[1.041s] Level 1:colcon.colcon_core.package_identification:_identify(sb3_logs/SAC_turtlebot3_rl_3) by extensions ['ros']
[1.041s] Level 1:colcon.colcon_core.package_identification:_identify(sb3_logs/SAC_turtlebot3_rl_3) by extension 'ros'
[1.041s] Level 1:colcon.colcon_core.package_identification:_identify(sb3_logs/SAC_turtlebot3_rl_3) by extensions ['cmake', 'python']
[1.041s] Level 1:colcon.colcon_core.package_identification:_identify(sb3_logs/SAC_turtlebot3_rl_3) by extension 'cmake'
[1.041s] Level 1:colcon.colcon_core.package_identification:_identify(sb3_logs/SAC_turtlebot3_rl_3) by extension 'python'
[1.042s] Level 1:colcon.colcon_core.package_identification:_identify(sb3_logs/SAC_turtlebot3_rl_3) by extensions ['python_setup_py']
[1.042s] Level 1:colcon.colcon_core.package_identification:_identify(sb3_logs/SAC_turtlebot3_rl_3) by extension 'python_setup_py'
[1.042s] Level 1:colcon.colcon_core.package_identification:_identify(sb3_logs/SAC_turtlebot3_rl_finetuned_easygoal_1) by extensions ['ignore', 'ignore_ament_install']
[1.042s] Level 1:colcon.colcon_core.package_identification:_identify(sb3_logs/SAC_turtlebot3_rl_finetuned_easygoal_1) by extension 'ignore'
[1.042s] Level 1:colcon.colcon_core.package_identification:_identify(sb3_logs/SAC_turtlebot3_rl_finetuned_easygoal_1) by extension 'ignore_ament_install'
[1.042s] Level 1:colcon.colcon_core.package_identification:_identify(sb3_logs/SAC_turtlebot3_rl_finetuned_easygoal_1) by extensions ['colcon_pkg']
[1.042s] Level 1:colcon.colcon_core.package_identification:_identify(sb3_logs/SAC_turtlebot3_rl_finetuned_easygoal_1) by extension 'colcon_pkg'
[1.042s] Level 1:colcon.colcon_core.package_identification:_identify(sb3_logs/SAC_turtlebot3_rl_finetuned_easygoal_1) by extensions ['colcon_meta']
[1.042s] Level 1:colcon.colcon_core.package_identification:_identify(sb3_logs/SAC_turtlebot3_rl_finetuned_easygoal_1) by extension 'colcon_meta'
[1.042s] Level 1:colcon.colcon_core.package_identification:_identify(sb3_logs/SAC_turtlebot3_rl_finetuned_easygoal_1) by extensions ['ros']
[1.042s] Level 1:colcon.colcon_core.package_identification:_identify(sb3_logs/SAC_turtlebot3_rl_finetuned_easygoal_1) by extension 'ros'
[1.042s] Level 1:colcon.colcon_core.package_identification:_identify(sb3_logs/SAC_turtlebot3_rl_finetuned_easygoal_1) by extensions ['cmake', 'python']
[1.042s] Level 1:colcon.colcon_core.package_identification:_identify(sb3_logs/SAC_turtlebot3_rl_finetuned_easygoal_1) by extension 'cmake'
[1.042s] Level 1:colcon.colcon_core.package_identification:_identify(sb3_logs/SAC_turtlebot3_rl_finetuned_easygoal_1) by extension 'python'
[1.042s] Level 1:colcon.colcon_core.package_identification:_identify(sb3_logs/SAC_turtlebot3_rl_finetuned_easygoal_1) by extensions ['python_setup_py']
[1.042s] Level 1:colcon.colcon_core.package_identification:_identify(sb3_logs/SAC_turtlebot3_rl_finetuned_easygoal_1) by extension 'python_setup_py'
[1.042s] Level 1:colcon.colcon_core.package_identification:_identify(sb3_logs/checkpoints) by extensions ['ignore', 'ignore_ament_install']
[1.042s] Level 1:colcon.colcon_core.package_identification:_identify(sb3_logs/checkpoints) by extension 'ignore'
[1.042s] Level 1:colcon.colcon_core.package_identification:_identify(sb3_logs/checkpoints) by extension 'ignore_ament_install'
[1.042s] Level 1:colcon.colcon_core.package_identification:_identify(sb3_logs/checkpoints) by extensions ['colcon_pkg']
[1.043s] Level 1:colcon.colcon_core.package_identification:_identify(sb3_logs/checkpoints) by extension 'colcon_pkg'
[1.043s] Level 1:colcon.colcon_core.package_identification:_identify(sb3_logs/checkpoints) by extensions ['colcon_meta']
[1.043s] Level 1:colcon.colcon_core.package_identification:_identify(sb3_logs/checkpoints) by extension 'colcon_meta'
[1.043s] Level 1:colcon.colcon_core.package_identification:_identify(sb3_logs/checkpoints) by extensions ['ros']
[1.043s] Level 1:colcon.colcon_core.package_identification:_identify(sb3_logs/checkpoints) by extension 'ros'
[1.043s] Level 1:colcon.colcon_core.package_identification:_identify(sb3_logs/checkpoints) by extensions ['cmake', 'python']
[1.043s] Level 1:colcon.colcon_core.package_identification:_identify(sb3_logs/checkpoints) by extension 'cmake'
[1.043s] Level 1:colcon.colcon_core.package_identification:_identify(sb3_logs/checkpoints) by extension 'python'
[1.043s] Level 1:colcon.colcon_core.package_identification:_identify(sb3_logs/checkpoints) by extensions ['python_setup_py']
[1.043s] Level 1:colcon.colcon_core.package_identification:_identify(sb3_logs/checkpoints) by extension 'python_setup_py'
[1.043s] Level 1:colcon.colcon_core.package_identification:_identify(sb3_logs/checkpoints_finetuned_easygoal) by extensions ['ignore', 'ignore_ament_install']
[1.043s] Level 1:colcon.colcon_core.package_identification:_identify(sb3_logs/checkpoints_finetuned_easygoal) by extension 'ignore'
[1.043s] Level 1:colcon.colcon_core.package_identification:_identify(sb3_logs/checkpoints_finetuned_easygoal) by extension 'ignore_ament_install'
[1.043s] Level 1:colcon.colcon_core.package_identification:_identify(sb3_logs/checkpoints_finetuned_easygoal) by extensions ['colcon_pkg']
[1.043s] Level 1:colcon.colcon_core.package_identification:_identify(sb3_logs/checkpoints_finetuned_easygoal) by extension 'colcon_pkg'
[1.043s] Level 1:colcon.colcon_core.package_identification:_identify(sb3_logs/checkpoints_finetuned_easygoal) by extensions ['colcon_meta']
[1.043s] Level 1:colcon.colcon_core.package_identification:_identify(sb3_logs/checkpoints_finetuned_easygoal) by extension 'colcon_meta'
[1.043s] Level 1:colcon.colcon_core.package_identification:_identify(sb3_logs/checkpoints_finetuned_easygoal) by extensions ['ros']
[1.043s] Level 1:colcon.colcon_core.package_identification:_identify(sb3_logs/checkpoints_finetuned_easygoal) by extension 'ros'
[1.044s] Level 1:colcon.colcon_core.package_identification:_identify(sb3_logs/checkpoints_finetuned_easygoal) by extensions ['cmake', 'python']
[1.044s] Level 1:colcon.colcon_core.package_identification:_identify(sb3_logs/checkpoints_finetuned_easygoal) by extension 'cmake'
[1.044s] Level 1:colcon.colcon_core.package_identification:_identify(sb3_logs/checkpoints_finetuned_easygoal) by extension 'python'
[1.044s] Level 1:colcon.colcon_core.package_identification:_identify(sb3_logs/checkpoints_finetuned_easygoal) by extensions ['python_setup_py']
[1.044s] Level 1:colcon.colcon_core.package_identification:_identify(sb3_logs/checkpoints_finetuned_easygoal) by extension 'python_setup_py'
[1.044s] Level 1:colcon.colcon_core.package_identification:_identify(src) by extensions ['ignore', 'ignore_ament_install']
[1.044s] Level 1:colcon.colcon_core.package_identification:_identify(src) by extension 'ignore'
[1.044s] Level 1:colcon.colcon_core.package_identification:_identify(src) by extension 'ignore_ament_install'
[1.044s] Level 1:colcon.colcon_core.package_identification:_identify(src) by extensions ['colcon_pkg']
[1.044s] Level 1:colcon.colcon_core.package_identification:_identify(src) by extension 'colcon_pkg'
[1.044s] Level 1:colcon.colcon_core.package_identification:_identify(src) by extensions ['colcon_meta']
[1.044s] Level 1:colcon.colcon_core.package_identification:_identify(src) by extension 'colcon_meta'
[1.044s] Level 1:colcon.colcon_core.package_identification:_identify(src) by extensions ['ros']
[1.044s] Level 1:colcon.colcon_core.package_identification:_identify(src) by extension 'ros'
[1.044s] Level 1:colcon.colcon_core.package_identification:_identify(src) by extensions ['cmake', 'python']
[1.044s] Level 1:colcon.colcon_core.package_identification:_identify(src) by extension 'cmake'
[1.044s] Level 1:colcon.colcon_core.package_identification:_identify(src) by extension 'python'
[1.044s] Level 1:colcon.colcon_core.package_identification:_identify(src) by extensions ['python_setup_py']
[1.044s] Level 1:colcon.colcon_core.package_identification:_identify(src) by extension 'python_setup_py'
[1.045s] Level 1:colcon.colcon_core.package_identification:_identify(src/test_pkg) by extensions ['ignore', 'ignore_ament_install']
[1.045s] Level 1:colcon.colcon_core.package_identification:_identify(src/test_pkg) by extension 'ignore'
[1.045s] Level 1:colcon.colcon_core.package_identification:_identify(src/test_pkg) by extension 'ignore_ament_install'
[1.045s] Level 1:colcon.colcon_core.package_identification:_identify(src/test_pkg) by extensions ['colcon_pkg']
[1.045s] Level 1:colcon.colcon_core.package_identification:_identify(src/test_pkg) by extension 'colcon_pkg'
[1.045s] Level 1:colcon.colcon_core.package_identification:_identify(src/test_pkg) by extensions ['colcon_meta']
[1.045s] Level 1:colcon.colcon_core.package_identification:_identify(src/test_pkg) by extension 'colcon_meta'
[1.045s] Level 1:colcon.colcon_core.package_identification:_identify(src/test_pkg) by extensions ['ros']
[1.045s] Level 1:colcon.colcon_core.package_identification:_identify(src/test_pkg) by extension 'ros'
[1.047s] DEBUG:colcon.colcon_core.package_identification:Package 'src/test_pkg' with type 'ros.ament_cmake' and name 'test_pkg'
[1.048s] Level 1:colcon.colcon_core.package_identification:_identify(src/turtlebot3_rl) by extensions ['ignore', 'ignore_ament_install']
[1.048s] Level 1:colcon.colcon_core.package_identification:_identify(src/turtlebot3_rl) by extension 'ignore'
[1.048s] Level 1:colcon.colcon_core.package_identification:_identify(src/turtlebot3_rl) by extension 'ignore_ament_install'
[1.048s] Level 1:colcon.colcon_core.package_identification:_identify(src/turtlebot3_rl) by extensions ['colcon_pkg']
[1.048s] Level 1:colcon.colcon_core.package_identification:_identify(src/turtlebot3_rl) by extension 'colcon_pkg'
[1.048s] Level 1:colcon.colcon_core.package_identification:_identify(src/turtlebot3_rl) by extensions ['colcon_meta']
[1.048s] Level 1:colcon.colcon_core.package_identification:_identify(src/turtlebot3_rl) by extension 'colcon_meta'
[1.048s] Level 1:colcon.colcon_core.package_identification:_identify(src/turtlebot3_rl) by extensions ['ros']
[1.048s] Level 1:colcon.colcon_core.package_identification:_identify(src/turtlebot3_rl) by extension 'ros'
[1.060s] DEBUG:colcon.colcon_core.package_identification:Package 'src/turtlebot3_rl' with type 'ros.ament_cmake' and name 'turtlebot3_rl'
[1.060s] Level 1:colcon.colcon_core.package_identification:_identify(src/turtlebot3_rl_env) by extensions ['ignore', 'ignore_ament_install']
[1.061s] Level 1:colcon.colcon_core.package_identification:_identify(src/turtlebot3_rl_env) by extension 'ignore'
[1.061s] Level 1:colcon.colcon_core.package_identification:_identify(src/turtlebot3_rl_env) by extension 'ignore_ament_install'
[1.061s] Level 1:colcon.colcon_core.package_identification:_identify(src/turtlebot3_rl_env) by extensions ['colcon_pkg']
[1.061s] Level 1:colcon.colcon_core.package_identification:_identify(src/turtlebot3_rl_env) by extension 'colcon_pkg'
[1.061s] Level 1:colcon.colcon_core.package_identification:_identify(src/turtlebot3_rl_env) by extensions ['colcon_meta']
[1.061s] Level 1:colcon.colcon_core.package_identification:_identify(src/turtlebot3_rl_env) by extension 'colcon_meta'
[1.061s] Level 1:colcon.colcon_core.package_identification:_identify(src/turtlebot3_rl_env) by extensions ['ros']
[1.061s] Level 1:colcon.colcon_core.package_identification:_identify(src/turtlebot3_rl_env) by extension 'ros'
[1.062s] DEBUG:colcon.colcon_core.package_identification:Package 'src/turtlebot3_rl_env' with type 'ros.ament_python' and name 'turtlebot3_rl_env'
[1.062s] Level 1:colcon.colcon_core.package_discovery:discover_packages(recursive) using defaults
[1.062s] Level 1:colcon.colcon_core.package_discovery:discover_packages(ignore) discover
[1.062s] Level 1:colcon.colcon_core.package_discovery:discover_packages(ignore) using defaults
[1.062s] Level 1:colcon.colcon_core.package_discovery:discover_packages(path) discover
[1.062s] Level 1:colcon.colcon_core.package_discovery:discover_packages(path) using defaults
[1.083s] INFO:colcon.colcon_core.package_selection:Skipping not selected package 'test_pkg' in 'src/test_pkg'
[1.083s] INFO:colcon.colcon_core.package_selection:Skipping not selected package 'turtlebot3_rl' in 'src/turtlebot3_rl'
[1.083s] Level 1:colcon.colcon_core.package_discovery:discover_packages(prefix_path) check parameters
[1.084s] Level 1:colcon.colcon_core.package_discovery:discover_packages(prefix_path) discover
[1.085s] DEBUG:colcon.colcon_installed_package_information.package_discovery:Found 2 installed packages in /home/jala/ros2_ws/install
[1.087s] DEBUG:colcon.colcon_installed_package_information.package_discovery:Found 419 installed packages in /opt/ros/humble
[1.090s] Level 1:colcon.colcon_core.package_discovery:discover_packages(prefix_path) using defaults
[1.152s] Level 5:colcon.colcon_core.verb:set package 'turtlebot3_rl_env' build argument 'cmake_args' from command line to 'None'
[1.153s] Level 5:colcon.colcon_core.verb:set package 'turtlebot3_rl_env' build argument 'cmake_target' from command line to 'None'
[1.153s] Level 5:colcon.colcon_core.verb:set package 'turtlebot3_rl_env' build argument 'cmake_target_skip_unavailable' from command line to 'False'
[1.153s] Level 5:colcon.colcon_core.verb:set package 'turtlebot3_rl_env' build argument 'cmake_clean_cache' from command line to 'False'
[1.153s] Level 5:colcon.colcon_core.verb:set package 'turtlebot3_rl_env' build argument 'cmake_clean_first' from command line to 'False'
[1.153s] Level 5:colcon.colcon_core.verb:set package 'turtlebot3_rl_env' build argument 'cmake_force_configure' from command line to 'False'
[1.153s] Level 5:colcon.colcon_core.verb:set package 'turtlebot3_rl_env' build argument 'ament_cmake_args' from command line to 'None'
[1.153s] Level 5:colcon.colcon_core.verb:set package 'turtlebot3_rl_env' build argument 'catkin_cmake_args' from command line to 'None'
[1.153s] Level 5:colcon.colcon_core.verb:set package 'turtlebot3_rl_env' build argument 'catkin_skip_building_tests' from command line to 'False'
[1.153s] DEBUG:colcon.colcon_core.verb:Building package 'turtlebot3_rl_env' with the following arguments: {'ament_cmake_args': None, 'build_base': '/home/jala/ros2_ws/build/turtlebot3_rl_env', 'catkin_cmake_args': None, 'catkin_skip_building_tests': False, 'cmake_args': None, 'cmake_clean_cache': False, 'cmake_clean_first': False, 'cmake_force_configure': False, 'cmake_target': None, 'cmake_target_skip_unavailable': False, 'install_base': '/home/jala/ros2_ws/install/turtlebot3_rl_env', 'merge_install': False, 'path': '/home/jala/ros2_ws/src/turtlebot3_rl_env', 'symlink_install': True, 'test_result_base': None}
[1.153s] INFO:colcon.colcon_core.executor:Executing jobs using 'parallel' executor
[1.154s] DEBUG:colcon.colcon_parallel_executor.executor.parallel:run_until_complete
[1.155s] INFO:colcon.colcon_ros.task.ament_python.build:Building ROS package in '/home/jala/ros2_ws/src/turtlebot3_rl_env' with build type 'ament_python'
[1.155s] Level 1:colcon.colcon_core.shell:create_environment_hook('turtlebot3_rl_env', 'ament_prefix_path')
[1.158s] INFO:colcon.colcon_core.plugin_system:Skipping extension 'colcon_core.shell.bat': Not used on non-Windows systems
[1.158s] INFO:colcon.colcon_core.shell:Creating environment hook '/home/jala/ros2_ws/install/turtlebot3_rl_env/share/turtlebot3_rl_env/hook/ament_prefix_path.ps1'
[1.159s] INFO:colcon.colcon_core.shell:Creating environment descriptor '/home/jala/ros2_ws/install/turtlebot3_rl_env/share/turtlebot3_rl_env/hook/ament_prefix_path.dsv'
[1.160s] INFO:colcon.colcon_core.shell:Creating environment hook '/home/jala/ros2_ws/install/turtlebot3_rl_env/share/turtlebot3_rl_env/hook/ament_prefix_path.sh'
[1.161s] INFO:colcon.colcon_core.shell:Skip shell extension 'powershell' for command environment: Not usable outside of PowerShell
[1.161s] DEBUG:colcon.colcon_core.shell:Skip shell extension 'dsv' for command environment
[1.882s] INFO:colcon.colcon_core.task.python.build:Building Python package in '/home/jala/ros2_ws/src/turtlebot3_rl_env'
[1.882s] INFO:colcon.colcon_core.shell:Skip shell extension 'powershell' for command environment: Not usable outside of PowerShell
[1.882s] DEBUG:colcon.colcon_core.shell:Skip shell extension 'dsv' for command environment
[2.586s] DEBUG:colcon.colcon_core.event_handler.log_command:Invoking command in '/home/jala/ros2_ws/build/turtlebot3_rl_env': PYTHONPATH=/home/jala/ros2_ws/build/turtlebot3_rl_env/prefix_override:/usr/lib/python3/dist-packages/colcon_core/task/python/colcon_distutils_commands:/home/jala/ros2_ws/install/turtlebot3_rl_env/lib/python3.10/site-packages:${PYTHONPATH} /usr/bin/python3 -W ignore:setup.py install is deprecated -W ignore:easy_install command is deprecated setup.py develop --editable --build-directory /home/jala/ros2_ws/build/turtlebot3_rl_env/build --no-deps symlink_data
[3.394s] Level 1:colcon.colcon_core.shell:create_environment_hook('turtlebot3_rl_env', 'pythonpath_develop')
[3.396s] INFO:colcon.colcon_core.shell:Creating environment hook '/home/jala/ros2_ws/build/turtlebot3_rl_env/share/turtlebot3_rl_env/hook/pythonpath_develop.ps1'
[3.397s] DEBUG:colcon.colcon_core.event_handler.log_command:Invoked command in '/home/jala/ros2_ws/build/turtlebot3_rl_env' returned '0': PYTHONPATH=/home/jala/ros2_ws/build/turtlebot3_rl_env/prefix_override:/usr/lib/python3/dist-packages/colcon_core/task/python/colcon_distutils_commands:/home/jala/ros2_ws/install/turtlebot3_rl_env/lib/python3.10/site-packages:${PYTHONPATH} /usr/bin/python3 -W ignore:setup.py install is deprecated -W ignore:easy_install command is deprecated setup.py develop --editable --build-directory /home/jala/ros2_ws/build/turtlebot3_rl_env/build --no-deps symlink_data
[3.401s] INFO:colcon.colcon_core.shell:Creating environment descriptor '/home/jala/ros2_ws/build/turtlebot3_rl_env/share/turtlebot3_rl_env/hook/pythonpath_develop.dsv'
[3.402s] INFO:colcon.colcon_core.shell:Creating environment hook '/home/jala/ros2_ws/build/turtlebot3_rl_env/share/turtlebot3_rl_env/hook/pythonpath_develop.sh'
[3.408s] Level 1:colcon.colcon_core.environment:checking '/home/jala/ros2_ws/install/turtlebot3_rl_env' for CMake module files
[3.408s] Level 1:colcon.colcon_core.environment:checking '/home/jala/ros2_ws/install/turtlebot3_rl_env' for CMake config files
[3.410s] Level 1:colcon.colcon_core.environment:checking '/home/jala/ros2_ws/install/turtlebot3_rl_env/lib'
[3.410s] Level 1:colcon.colcon_core.environment:checking '/home/jala/ros2_ws/install/turtlebot3_rl_env/bin'
[3.410s] Level 1:colcon.colcon_core.environment:checking '/home/jala/ros2_ws/install/turtlebot3_rl_env/lib/pkgconfig/turtlebot3_rl_env.pc'
[3.411s] Level 1:colcon.colcon_core.environment:checking '/home/jala/ros2_ws/install/turtlebot3_rl_env/lib/python3.10/site-packages'
[3.411s] Level 1:colcon.colcon_core.shell:create_environment_hook('turtlebot3_rl_env', 'pythonpath')
[3.411s] INFO:colcon.colcon_core.shell:Creating environment hook '/home/jala/ros2_ws/install/turtlebot3_rl_env/share/turtlebot3_rl_env/hook/pythonpath.ps1'
[3.412s] INFO:colcon.colcon_core.shell:Creating environment descriptor '/home/jala/ros2_ws/install/turtlebot3_rl_env/share/turtlebot3_rl_env/hook/pythonpath.dsv'
[3.413s] INFO:colcon.colcon_core.shell:Creating environment hook '/home/jala/ros2_ws/install/turtlebot3_rl_env/share/turtlebot3_rl_env/hook/pythonpath.sh'
[3.414s] Level 1:colcon.colcon_core.environment:checking '/home/jala/ros2_ws/install/turtlebot3_rl_env/bin'
[3.414s] Level 1:colcon.colcon_core.environment:create_environment_scripts_only(turtlebot3_rl_env)
[3.414s] INFO:colcon.colcon_core.shell:Creating package script '/home/jala/ros2_ws/install/turtlebot3_rl_env/share/turtlebot3_rl_env/package.ps1'
[3.417s] INFO:colcon.colcon_core.shell:Creating package descriptor '/home/jala/ros2_ws/install/turtlebot3_rl_env/share/turtlebot3_rl_env/package.dsv'
[3.419s] INFO:colcon.colcon_core.shell:Creating package script '/home/jala/ros2_ws/install/turtlebot3_rl_env/share/turtlebot3_rl_env/package.sh'
[3.420s] INFO:colcon.colcon_core.shell:Creating package script '/home/jala/ros2_ws/install/turtlebot3_rl_env/share/turtlebot3_rl_env/package.bash'
[3.421s] INFO:colcon.colcon_core.shell:Creating package script '/home/jala/ros2_ws/install/turtlebot3_rl_env/share/turtlebot3_rl_env/package.zsh'
[3.422s] Level 1:colcon.colcon_core.environment:create_file_with_runtime_dependencies(/home/jala/ros2_ws/install/turtlebot3_rl_env/share/colcon-core/packages/turtlebot3_rl_env)
[3.423s] DEBUG:colcon.colcon_parallel_executor.executor.parallel:closing loop
[3.424s] DEBUG:colcon.colcon_parallel_executor.executor.parallel:loop closed
[3.424s] DEBUG:colcon.colcon_parallel_executor.executor.parallel:run_until_complete finished with '0'
[3.424s] DEBUG:colcon.colcon_core.event_reactor:joining thread
[3.599s] INFO:colcon.colcon_core.plugin_system:Skipping extension 'colcon_notification.desktop_notification.notify_send': Could not find 'notify-send'
[3.600s] INFO:colcon.colcon_core.plugin_system:Skipping extension 'colcon_notification.desktop_notification.terminal_notifier': Not used on non-Darwin systems
[3.600s] INFO:colcon.colcon_core.plugin_system:Skipping extension 'colcon_notification.desktop_notification.win32': Not used on non-Windows systems
[3.600s] INFO:colcon.colcon_notification.desktop_notification:Sending desktop notification using 'notify2'
[3.611s] DEBUG:colcon.colcon_notification.desktop_notification.notify2:Failed to initialize notify2: org.freedesktop.DBus.Error.ServiceUnknown: The name org.freedesktop.Notifications was not provided by any .service files
[3.612s] DEBUG:colcon.colcon_core.event_reactor:joined thread
[3.613s] INFO:colcon.colcon_core.shell:Creating prefix script '/home/jala/ros2_ws/install/local_setup.ps1'
[3.620s] INFO:colcon.colcon_core.shell:Creating prefix util module '/home/jala/ros2_ws/install/_local_setup_util_ps1.py'
[3.625s] INFO:colcon.colcon_core.shell:Creating prefix chain script '/home/jala/ros2_ws/install/setup.ps1'
[3.629s] INFO:colcon.colcon_core.shell:Creating prefix script '/home/jala/ros2_ws/install/local_setup.sh'
[3.631s] INFO:colcon.colcon_core.shell:Creating prefix util module '/home/jala/ros2_ws/install/_local_setup_util_sh.py'
[3.633s] INFO:colcon.colcon_core.shell:Creating prefix chain script '/home/jala/ros2_ws/install/setup.sh'
[3.635s] INFO:colcon.colcon_core.shell:Creating prefix script '/home/jala/ros2_ws/install/local_setup.bash'
[3.637s] INFO:colcon.colcon_core.shell:Creating prefix chain script '/home/jala/ros2_ws/install/setup.bash'
[3.639s] INFO:colcon.colcon_core.shell:Creating prefix script '/home/jala/ros2_ws/install/local_setup.zsh'
[3.640s] INFO:colcon.colcon_core.shell:Creating prefix chain script '/home/jala/ros2_ws/install/setup.zsh'
